#
# A fatal error has been detected by the Java Runtime Environment:
#
#  SIGSEGV (0xb) at pc=0x0000003f37a27a30, pid=2955, tid=139768262256384
#
# JRE version: 7.0_06-b24
# Java VM: Java HotSpot(TM) 64-Bit Server VM (23.2-b09 mixed mode linux-amd64 compressed oops)
# Problematic frame:
# C  [libdbus-1.so.3+0x27a30]  getenv+0x27a30
#
# Failed to write core dump. Core dumps have been disabled. To enable core dumping, try "ulimit -c unlimited" before starting Java again
#
# If you would like to submit a bug report, please visit:
#   http://bugreport.sun.com/bugreport/crash.jsp
# The crash happened outside the Java Virtual Machine in native code.
# See problematic frame for where to report the bug.
#

---------------  T H R E A D  ---------------

Current thread (0x00007f1e5c3fc000):  JavaThread "pool-24-thread-4" [_thread_in_native, id=3012, stack(0x00007f1e558f6000,0x00007f1e559f7000)]

siginfo:si_signo=SIGSEGV: si_errno=0, si_code=1 (SEGV_MAPERR), si_addr=0x0000000000000008

Registers:
RAX=0x0000000000000000, RBX=0x00007f1e04030c60, RCX=0x0000003f32e0e61d, RDX=0x0000000000000000
RSP=0x00007f1e559f2d28, RBP=0x00007f1e04047aa0, RSI=0x0000000000000000, RDI=0x00007f1e04030c90
R8 =0x00007f1e04047af0, R9 =0x00007f1e0403c920, R10=0x0000000000000000, R11=0x0000000000000000
R12=0x00007f1e04030d40, R13=0x00000000000000dc, R14=0x00007f1e040306b8, R15=0x000000000000003c
RIP=0x0000003f37a27a30, EFLAGS=0x0000000000010246, CSGSFS=0x0000000000000033, ERR=0x0000000000000004
  TRAPNO=0x000000000000000e

Top of Stack: (sp=0x00007f1e559f2d28)
0x00007f1e559f2d28:   0000003f37a0c43c 00007f1e04047aa0
0x00007f1e559f2d38:   0000000000000000 00007f1e04030600
0x00007f1e559f2d48:   00000000000000dc 00007f1e04047aa0
0x00007f1e559f2d58:   0000003f37a24e4c 000000000000003c
0x00007f1e559f2d68:   0000000000000000 0000000000000000
0x00007f1e559f2d78:   0000003f37a29366 000000000003616c
0x00007f1e559f2d88:   00007f1e04047aa8 00007f1e04047af0
0x00007f1e559f2d98:   0000000000000000 00000000000007f0
0x00007f1e559f2da8:   0000000000000001 00007f1e04030600
0x00007f1e559f2db8:   0000000000000001 0000000000000000
0x00007f1e559f2dc8:   00000000ffffffff 0000000000000004
0x00007f1e559f2dd8:   0000003f37a25105 0000000000000010
0x00007f1e559f2de8:   0000000004030530 000400050000002d
0x00007f1e559f2df8:   0000003f34283d63 00000000000003f0
0x00007f1e559f2e08:   00007f1e04030600 00007f1e04030c60
0x00007f1e559f2e18:   0000000000000007 00000000ffffffff
0x00007f1e559f2e28:   00007f1e559f30c8 0000000000000003
0x00007f1e559f2e38:   0000003f37a23ecd 00000000ffffffff
0x00007f1e559f2e48:   0000000000000007 0000000000000000
0x00007f1e559f2e58:   0000003f37a0edd4 00007f1e04030c60
0x00007f1e559f2e68:   00007f1e04030c60 00007f1e04031180
0x00007f1e559f2e78:   00000000ffffffff 00007f1e559f30c8
0x00007f1e559f2e88:   0000003f37a0ffe4 00007f1e04047ee0
0x00007f1e559f2e98:   0000003f37a10101 00007f1e04030c60
0x00007f1e559f2ea8:   0000003f37a0ed75 00007f1e04030c60
0x00007f1e559f2eb8:   00007f1e04031180 00007f1e0403c710
0x00007f1e559f2ec8:   0000000000000000 00007f1e04047d30
0x00007f1e559f2ed8:   0000003f32e0e059 0000000000000000
0x00007f1e559f2ee8:   0000003f37a0df0d 00007f1e04031180
0x00007f1e559f2ef8:   00007f1e04030c60 00007f1e04031180
0x00007f1e559f2f08:   00007f1e559f2f78 00007f1e04047ee0
0x00007f1e559f2f18:   0000003f37a0dcc5 00007f1e04030c60 

Instructions: (pc=0x0000003f37a27a30)
0x0000003f37a27a10:   10 c3 66 0f 1f 44 00 00 48 89 12 48 89 52 08 48
0x0000003f37a27a20:   89 17 c3 0f 1f 44 00 00 48 89 d6 e9 70 fe ff ff
0x0000003f37a27a30:   48 8b 46 08 48 39 f0 74 47 48 8b 16 48 89 42 08
0x0000003f37a27a40:   48 8b 46 08 48 8b 16 48 89 10 48 39 37 74 11 48 

Register to memory mapping:

RAX=0x0000000000000000 is an unknown value
RBX=0x00007f1e04030c60 is an unknown value
RCX=0x0000003f32e0e61d: sendmsg+0x2d in /lib64/libpthread.so.0 at 0x0000003f32e00000
RDX=0x0000000000000000 is an unknown value
RSP=0x00007f1e559f2d28 is pointing into the stack for thread: 0x00007f1e5c3fc000
RBP=0x00007f1e04047aa0 is an unknown value
RSI=0x0000000000000000 is an unknown value
RDI=0x00007f1e04030c90 is an unknown value
R8 =0x00007f1e04047af0 is an unknown value
R9 =0x00007f1e0403c920 is an unknown value
R10=0x0000000000000000 is an unknown value
R11=0x0000000000000000 is an unknown value
R12=0x00007f1e04030d40 is an unknown value
R13=0x00000000000000dc is an unknown value
R14=0x00007f1e040306b8 is an unknown value
R15=0x000000000000003c is an unknown value


Stack: [0x00007f1e558f6000,0x00007f1e559f7000],  sp=0x00007f1e559f2d28,  free space=1011k
Native frames: (J=compiled Java code, j=interpreted, Vv=VM code, C=native code)
C  [libdbus-1.so.3+0x27a30]  getenv+0x27a30

Java frames: (J=compiled Java code, j=interpreted, Vv=VM code)
j  sun.net.spi.DefaultProxySelector.getSystemProxy(Ljava/lang/String;Ljava/lang/String;)Ljava/net/Proxy;+0
j  sun.net.spi.DefaultProxySelector.access$100(Lsun/net/spi/DefaultProxySelector;Ljava/lang/String;Ljava/lang/String;)Ljava/net/Proxy;+3
j  sun.net.spi.DefaultProxySelector$2.run()Ljava/net/Proxy;+151
j  sun.net.spi.DefaultProxySelector$2.run()Ljava/lang/Object;+1
v  ~StubRoutines::call_stub
j  java.security.AccessController.doPrivileged(Ljava/security/PrivilegedAction;)Ljava/lang/Object;+0
j  sun.net.spi.DefaultProxySelector.select(Ljava/net/URI;)Ljava/util/List;+223
j  java.net.SocksSocketImpl.connect(Ljava/net/SocketAddress;I)V+300
j  java.net.Socket.connect(Ljava/net/SocketAddress;I)V+179
j  org.apache.maven.wagon.providers.http.httpclient.conn.scheme.PlainSocketFactory.connectSocket(Ljava/net/Socket;Ljava/net/InetSocketAddress;Ljava/net/InetSocketAddress;Lorg/apache/maven/wagon/providers/http/httpclient/params/HttpParams;)Ljava/net/Socket;+89
j  org.apache.maven.wagon.providers.http.httpclient.impl.conn.DefaultClientConnectionOperator.openConnection(Lorg/apache/maven/wagon/providers/http/httpclient/conn/OperatedClientConnection;Lorg/apache/maven/wagon/providers/http/httpclient/HttpHost;Ljava/net/InetAddress;Lorg/apache/maven/wagon/providers/http/httpclient/protocol/HttpContext;Lorg/apache/maven/wagon/providers/http/httpclient/params/HttpParams;)V+241
j  org.apache.maven.wagon.providers.http.httpclient.impl.conn.AbstractPoolEntry.open(Lorg/apache/maven/wagon/providers/http/httpclient/conn/routing/HttpRoute;Lorg/apache/maven/wagon/providers/http/httpclient/protocol/HttpContext;Lorg/apache/maven/wagon/providers/http/httpclient/params/HttpParams;)V+101
j  org.apache.maven.wagon.providers.http.httpclient.impl.conn.AbstractPooledConnAdapter.open(Lorg/apache/maven/wagon/providers/http/httpclient/conn/routing/HttpRoute;Lorg/apache/maven/wagon/providers/http/httpclient/protocol/HttpContext;Lorg/apache/maven/wagon/providers/http/httpclient/params/HttpParams;)V+17
j  org.apache.maven.wagon.providers.http.httpclient.impl.client.DefaultRequestDirector.tryConnect(Lorg/apache/maven/wagon/providers/http/httpclient/impl/client/RoutedRequest;Lorg/apache/maven/wagon/providers/http/httpclient/protocol/HttpContext;)V+33
j  org.apache.maven.wagon.providers.http.httpclient.impl.client.DefaultRequestDirector.execute(Lorg/apache/maven/wagon/providers/http/httpclient/HttpHost;Lorg/apache/maven/wagon/providers/http/httpclient/HttpRequest;Lorg/apache/maven/wagon/providers/http/httpclient/protocol/HttpContext;)Lorg/apache/maven/wagon/providers/http/httpclient/HttpResponse;+345
j  org.apache.maven.wagon.providers.http.httpclient.impl.client.AbstractHttpClient.execute(Lorg/apache/maven/wagon/providers/http/httpclient/HttpHost;Lorg/apache/maven/wagon/providers/http/httpclient/HttpRequest;Lorg/apache/maven/wagon/providers/http/httpclient/protocol/HttpContext;)Lorg/apache/maven/wagon/providers/http/httpclient/HttpResponse;+129
j  org.apache.maven.wagon.providers.http.httpclient.impl.client.AbstractHttpClient.execute(Lorg/apache/maven/wagon/providers/http/httpclient/client/methods/HttpUriRequest;Lorg/apache/maven/wagon/providers/http/httpclient/protocol/HttpContext;)Lorg/apache/maven/wagon/providers/http/httpclient/HttpResponse;+21
j  org.apache.maven.wagon.shared.http4.AbstractHttpClientWagon.execute(Lorg/apache/maven/wagon/providers/http/httpclient/client/methods/HttpUriRequest;)Lorg/apache/maven/wagon/providers/http/httpclient/HttpResponse;+162
j  org.apache.maven.wagon.shared.http4.AbstractHttpClientWagon.fillInputData(Lorg/apache/maven/wagon/InputData;)V+181
j  org.apache.maven.wagon.StreamWagon.getInputStream(Lorg/apache/maven/wagon/resource/Resource;)Ljava/io/InputStream;+15
j  org.apache.maven.wagon.StreamWagon.getIfNewer(Ljava/lang/String;Ljava/io/File;J)Z+29
j  org.apache.maven.wagon.StreamWagon.get(Ljava/lang/String;Ljava/io/File;)V+4
j  org.sonatype.aether.connector.wagon.WagonRepositoryConnector$GetTask.run()V+285
j  org.sonatype.aether.util.concurrency.RunnableErrorForwarder$1.run()V+4
j  java.util.concurrent.ThreadPoolExecutor.runWorker(Ljava/util/concurrent/ThreadPoolExecutor$Worker;)V+46
j  java.util.concurrent.ThreadPoolExecutor$Worker.run()V+5
j  java.lang.Thread.run()V+11
v  ~StubRoutines::call_stub

---------------  P R O C E S S  ---------------

Java Threads: ( => current thread )
=>0x00007f1e5c3fc000 JavaThread "pool-24-thread-4" [_thread_in_native, id=3012, stack(0x00007f1e558f6000,0x00007f1e559f7000)]
  0x00007f1e5c64c000 JavaThread "pool-24-thread-3" [_thread_in_native, id=3011, stack(0x00007f1e559f7000,0x00007f1e55af8000)]
  0x00007f1e5c64b000 JavaThread "pool-24-thread-2" [_thread_in_native, id=3010, stack(0x00007f1e55d3f000,0x00007f1e55e40000)]
  0x00007f1e5c64a800 JavaThread "pool-24-thread-1" [_thread_in_Java, id=3009, stack(0x00007f1e55e40000,0x00007f1e55f41000)]
  0x00007f1e5c531000 JavaThread "process reaper" daemon [_thread_blocked, id=2980, stack(0x00007f1e600b4000,0x00007f1e600dc000)]
  0x00007f1e5c0ee800 JavaThread "Service Thread" daemon [_thread_blocked, id=2969, stack(0x00007f1e56526000,0x00007f1e56627000)]
  0x00007f1e5c0ec800 JavaThread "C2 CompilerThread1" daemon [_thread_blocked, id=2968, stack(0x00007f1e56627000,0x00007f1e56728000)]
  0x00007f1e5c0e9800 JavaThread "C2 CompilerThread0" daemon [_thread_blocked, id=2967, stack(0x00007f1e56728000,0x00007f1e56829000)]
  0x00007f1e5c0e7800 JavaThread "Signal Dispatcher" daemon [_thread_blocked, id=2966, stack(0x00007f1e56829000,0x00007f1e5692a000)]
  0x00007f1e5c09a800 JavaThread "Finalizer" daemon [_thread_blocked, id=2965, stack(0x00007f1e5692a000,0x00007f1e56a2b000)]
  0x00007f1e5c098000 JavaThread "Reference Handler" daemon [_thread_blocked, id=2964, stack(0x00007f1e56a2b000,0x00007f1e56b2c000)]
  0x00007f1e5c007800 JavaThread "main" [_thread_blocked, id=2958, stack(0x00007f1e628e5000,0x00007f1e629e6000)]

Other Threads:
  0x00007f1e5c090800 VMThread [stack: 0x00007f1e56b2c000,0x00007f1e56c2d000] [id=2963]
  0x00007f1e5c0f9000 WatcherThread [stack: 0x00007f1e56425000,0x00007f1e56526000] [id=2970]

VM state:not at safepoint (normal execution)

VM Mutex/Monitor currently owned by a thread: None

Heap
 PSYoungGen      total 36416K, used 16654K [0x00000000ebd60000, 0x00000000f0580000, 0x0000000100000000)
  eden space 30464K, 36% used [0x00000000ebd60000,0x00000000ec832ae8,0x00000000edb20000)
  from space 5952K, 93% used [0x00000000edb20000,0x00000000ee090f50,0x00000000ee0f0000)
  to   space 6464K, 0% used [0x00000000eff30000,0x00000000eff30000,0x00000000f0580000)
 ParOldGen       total 41280K, used 6941K [0x00000000c3800000, 0x00000000c6050000, 0x00000000ebd60000)
  object space 41280K, 16% used [0x00000000c3800000,0x00000000c3ec75c8,0x00000000c6050000)
 PSPermGen       total 21248K, used 17075K [0x00000000be600000, 0x00000000bfac0000, 0x00000000c3800000)
  object space 21248K, 80% used [0x00000000be600000,0x00000000bf6acec8,0x00000000bfac0000)

Card table byte_map: [0x00007f1e61d9b000,0x00007f1e61fa9000] byte_map_base: 0x00007f1e617a8000

Polling page: 0x00007f1e6393f000

Code Cache  [0x00007f1e59000000, 0x00007f1e59270000, 0x00007f1e5c000000)
 total_blobs=616 nmethods=311 adapters=257 free_code_cache=47956Kb largest_free_block=49071744

Compilation events (10 events):
Event: 21.381 Thread 0x00007f1e5c0ec800 nmethod 321 0x00007f1e5912f2d0 code [0x00007f1e5912f4a0, 0x00007f1e5912f8f0]
Event: 21.790 Thread 0x00007f1e5c0e9800  322             java.util.concurrent.locks.AbstractOwnableSynchronizer::getExclusiveOwnerThread (5 bytes)
Event: 21.792 Thread 0x00007f1e5c0e9800 nmethod 322 0x00007f1e590d4790 code [0x00007f1e590d48c0, 0x00007f1e590d4918]
Event: 21.793 Thread 0x00007f1e5c0ec800  323             java.util.Properties::loadConvert (505 bytes)
Event: 21.870 Thread 0x00007f1e5c0ec800 nmethod 323 0x00007f1e5912e310 code [0x00007f1e5912e4a0, 0x00007f1e5912ee18]
Event: 21.882 Thread 0x00007f1e5c0e9800  324             java.util.LinkedList$Node::<init> (20 bytes)
Event: 21.884 Thread 0x00007f1e5c0e9800 nmethod 324 0x00007f1e590d4590 code [0x00007f1e590d46c0, 0x00007f1e590d4738]
Event: 25.859 Thread 0x00007f1e5c0ec800  325             java.util.Properties::load0 (250 bytes)
Event: 25.873 Thread 0x00007f1e5c0e9800  326             org.apache.maven.wagon.providers.http.httpclient.util.ByteArrayBuffer::append (154 bytes)
Event: 25.888 Thread 0x00007f1e5c0e9800 nmethod 326 0x00007f1e59121fd0 code [0x00007f1e59122120, 0x00007f1e59122388]

GC Heap History (10 events):
Event: 7.325 GC heap before
{Heap before GC invocations=3 (full 0):
 PSYoungGen      total 18048K, used 18008K [0x00000000ebd60000, 0x00000000ed180000, 0x0000000100000000)
  eden space 15488K, 100% used [0x00000000ebd60000,0x00000000ecc80000,0x00000000ecc80000)
  from space 2560K, 98% used [0x00000000ecf00000,0x00000000ed1763f0,0x00000000ed180000)
  to   space 2560K, 0% used [0x00000000ecc80000,0x00000000ecc80000,0x00000000ecf00000)
 ParOldGen       total 41280K, used 669K [0x00000000c3800000, 0x00000000c6050000, 0x00000000ebd60000)
  object space 41280K, 1% used [0x00000000c3800000,0x00000000c38a7568,0x00000000c6050000)
 PSPermGen       total 21248K, used 9772K [0x00000000be600000, 0x00000000bfac0000, 0x00000000c3800000)
  object space 21248K, 45% used [0x00000000be600000,0x00000000bef8b348,0x00000000bfac0000)
Event: 7.340 GC heap after
Heap after GC invocations=3 (full 0):
 PSYoungGen      total 18048K, used 2528K [0x00000000ebd60000, 0x00000000ed180000, 0x0000000100000000)
  eden space 15488K, 0% used [0x00000000ebd60000,0x00000000ebd60000,0x00000000ecc80000)
  from space 2560K, 98% used [0x00000000ecc80000,0x00000000ecef8020,0x00000000ecf00000)
  to   space 2560K, 0% used [0x00000000ecf00000,0x00000000ecf00000,0x00000000ed180000)
 ParOldGen       total 41280K, used 2145K [0x00000000c3800000, 0x00000000c6050000, 0x00000000ebd60000)
  object space 41280K, 5% used [0x00000000c3800000,0x00000000c3a187a0,0x00000000c6050000)
 PSPermGen       total 21248K, used 9772K [0x00000000be600000, 0x00000000bfac0000, 0x00000000c3800000)
  object space 21248K, 45% used [0x00000000be600000,0x00000000bef8b348,0x00000000bfac0000)
}
Event: 9.323 GC heap before
{Heap before GC invocations=4 (full 0):
 PSYoungGen      total 18048K, used 18016K [0x00000000ebd60000, 0x00000000ed180000, 0x0000000100000000)
  eden space 15488K, 100% used [0x00000000ebd60000,0x00000000ecc80000,0x00000000ecc80000)
  from space 2560K, 98% used [0x00000000ecc80000,0x00000000ecef8020,0x00000000ecf00000)
  to   space 2560K, 0% used [0x00000000ecf00000,0x00000000ecf00000,0x00000000ed180000)
 ParOldGen       total 41280K, used 2145K [0x00000000c3800000, 0x00000000c6050000, 0x00000000ebd60000)
  object space 41280K, 5% used [0x00000000c3800000,0x00000000c3a187a0,0x00000000c6050000)
 PSPermGen       total 21248K, used 12289K [0x00000000be600000, 0x00000000bfac0000, 0x00000000c3800000)
  object space 21248K, 57% used [0x00000000be600000,0x00000000bf200428,0x00000000bfac0000)
Event: 9.348 GC heap after
Heap after GC invocations=4 (full 0):
 PSYoungGen      total 18048K, used 2528K [0x00000000ebd60000, 0x00000000ed180000, 0x0000000100000000)
  eden space 15488K, 0% used [0x00000000ebd60000,0x00000000ebd60000,0x00000000ecc80000)
  from space 2560K, 98% used [0x00000000ecf00000,0x00000000ed178020,0x00000000ed180000)
  to   space 2560K, 0% used [0x00000000ecc80000,0x00000000ecc80000,0x00000000ecf00000)
 ParOldGen       total 41280K, used 4406K [0x00000000c3800000, 0x00000000c6050000, 0x00000000ebd60000)
  object space 41280K, 10% used [0x00000000c3800000,0x00000000c3c4da80,0x00000000c6050000)
 PSPermGen       total 21248K, used 12289K [0x00000000be600000, 0x00000000bfac0000, 0x00000000c3800000)
  object space 21248K, 57% used [0x00000000be600000,0x00000000bf200428,0x00000000bfac0000)
}
Event: 10.806 GC heap before
{Heap before GC invocations=5 (full 0):
 PSYoungGen      total 18048K, used 18016K [0x00000000ebd60000, 0x00000000ed180000, 0x0000000100000000)
  eden space 15488K, 100% used [0x00000000ebd60000,0x00000000ecc80000,0x00000000ecc80000)
  from space 2560K, 98% used [0x00000000ecf00000,0x00000000ed178020,0x00000000ed180000)
  to   space 2560K, 0% used [0x00000000ecc80000,0x00000000ecc80000,0x00000000ecf00000)
 ParOldGen       total 41280K, used 4406K [0x00000000c3800000, 0x00000000c6050000, 0x00000000ebd60000)
  object space 41280K, 10% used [0x00000000c3800000,0x00000000c3c4da80,0x00000000c6050000)
 PSPermGen       total 21248K, used 12334K [0x00000000be600000, 0x00000000bfac0000, 0x00000000c3800000)
  object space 21248K, 58% used [0x00000000be600000,0x00000000bf20bae0,0x00000000bfac0000)
Event: 10.835 GC heap after
Heap after GC invocations=5 (full 0):
 PSYoungGen      total 18048K, used 2560K [0x00000000ebd60000, 0x00000000ee640000, 0x0000000100000000)
  eden space 15488K, 0% used [0x00000000ebd60000,0x00000000ebd60000,0x00000000ecc80000)
  from space 2560K, 100% used [0x00000000ecc80000,0x00000000ecf00000,0x00000000ecf00000)
  to   space 5440K, 0% used [0x00000000ee0f0000,0x00000000ee0f0000,0x00000000ee640000)
 ParOldGen       total 41280K, used 6069K [0x00000000c3800000, 0x00000000c6050000, 0x00000000ebd60000)
  object space 41280K, 14% used [0x00000000c3800000,0x00000000c3ded578,0x00000000c6050000)
 PSPermGen       total 21248K, used 12334K [0x00000000be600000, 0x00000000bfac0000, 0x00000000c3800000)
  object space 21248K, 58% used [0x00000000be600000,0x00000000bf20bae0,0x00000000bfac0000)
}
Event: 12.140 GC heap before
{Heap before GC invocations=6 (full 0):
 PSYoungGen      total 18048K, used 18048K [0x00000000ebd60000, 0x00000000ee640000, 0x0000000100000000)
  eden space 15488K, 100% used [0x00000000ebd60000,0x00000000ecc80000,0x00000000ecc80000)
  from space 2560K, 100% used [0x00000000ecc80000,0x00000000ecf00000,0x00000000ecf00000)
  to   space 5440K, 0% used [0x00000000ee0f0000,0x00000000ee0f0000,0x00000000ee640000)
 ParOldGen       total 41280K, used 6069K [0x00000000c3800000, 0x00000000c6050000, 0x00000000ebd60000)
  object space 41280K, 14% used [0x00000000c3800000,0x00000000c3ded578,0x00000000c6050000)
 PSPermGen       total 21248K, used 14905K [0x00000000be600000, 0x00000000bfac0000, 0x00000000c3800000)
  object space 21248K, 70% used [0x00000000be600000,0x00000000bf48e4b0,0x00000000bfac0000)
Event: 12.171 GC heap after
Heap after GC invocations=6 (full 0):
 PSYoungGen      total 35904K, used 5177K [0x00000000ebd60000, 0x00000000ee740000, 0x0000000100000000)
  eden space 30464K, 0% used [0x00000000ebd60000,0x00000000ebd60000,0x00000000edb20000)
  from space 5440K, 95% used [0x00000000ee0f0000,0x00000000ee5fe528,0x00000000ee640000)
  to   space 5952K, 0% used [0x00000000edb20000,0x00000000edb20000,0x00000000ee0f0000)
 ParOldGen       total 41280K, used 6069K [0x00000000c3800000, 0x00000000c6050000, 0x00000000ebd60000)
  object space 41280K, 14% used [0x00000000c3800000,0x00000000c3ded578,0x00000000c6050000)
 PSPermGen       total 21248K, used 14905K [0x00000000be600000, 0x00000000bfac0000, 0x00000000c3800000)
  object space 21248K, 70% used [0x00000000be600000,0x00000000bf48e4b0,0x00000000bfac0000)
}
Event: 21.799 GC heap before
{Heap before GC invocations=7 (full 0):
 PSYoungGen      total 35904K, used 35641K [0x00000000ebd60000, 0x00000000ee740000, 0x0000000100000000)
  eden space 30464K, 100% used [0x00000000ebd60000,0x00000000edb20000,0x00000000edb20000)
  from space 5440K, 95% used [0x00000000ee0f0000,0x00000000ee5fe528,0x00000000ee640000)
  to   space 5952K, 0% used [0x00000000edb20000,0x00000000edb20000,0x00000000ee0f0000)
 ParOldGen       total 41280K, used 6069K [0x00000000c3800000, 0x00000000c6050000, 0x00000000ebd60000)
  object space 41280K, 14% used [0x00000000c3800000,0x00000000c3ded578,0x00000000c6050000)
 PSPermGen       total 21248K, used 17011K [0x00000000be600000, 0x00000000bfac0000, 0x00000000c3800000)
  object space 21248K, 80% used [0x00000000be600000,0x00000000bf69ce08,0x00000000bfac0000)
Event: 21.830 GC heap after
Heap after GC invocations=7 (full 0):
 PSYoungGen      total 36416K, used 5571K [0x00000000ebd60000, 0x00000000f0580000, 0x0000000100000000)
  eden space 30464K, 0% used [0x00000000ebd60000,0x00000000ebd60000,0x00000000edb20000)
  from space 5952K, 93% used [0x00000000edb20000,0x00000000ee090f50,0x00000000ee0f0000)
  to   space 6464K, 0% used [0x00000000eff30000,0x00000000eff30000,0x00000000f0580000)
 ParOldGen       total 41280K, used 6941K [0x00000000c3800000, 0x00000000c6050000, 0x00000000ebd60000)
  object space 41280K, 16% used [0x00000000c3800000,0x00000000c3ec75c8,0x00000000c6050000)
 PSPermGen       total 21248K, used 17011K [0x00000000be600000, 0x00000000bfac0000, 0x00000000c3800000)
  object space 21248K, 80% used [0x00000000be600000,0x00000000bf69ce08,0x00000000bfac0000)
}

Deoptimization events (10 events):
Event: 11.247 Thread 0x00007f1e5c3fa000 Uncommon trap -83 fr.pc 0x00007f1e5907a678
Event: 11.993 Thread 0x00007f1e5c3fa000 Uncommon trap -83 fr.pc 0x00007f1e5910f664
Event: 11.993 Thread 0x00007f1e5c3fb000 Uncommon trap -83 fr.pc 0x00007f1e5910f664
Event: 12.756 Thread 0x00007f1e0c032800 Uncommon trap -83 fr.pc 0x00007f1e590b841c
Event: 12.765 Thread 0x00007f1e0c032800 Uncommon trap -34 fr.pc 0x00007f1e590c1584
Event: 12.766 Thread 0x00007f1e0c032800 Uncommon trap -34 fr.pc 0x00007f1e590c1584
Event: 12.766 Thread 0x00007f1e0c032800 Uncommon trap -34 fr.pc 0x00007f1e590c1584
Event: 12.767 Thread 0x00007f1e0c032800 Uncommon trap -34 fr.pc 0x00007f1e590c1584
Event: 12.816 Thread 0x00007f1e5c3fa000 Uncommon trap -34 fr.pc 0x00007f1e590a1904
Event: 22.360 Thread 0x00007f1e5c007800 Uncommon trap -83 fr.pc 0x00007f1e59097198

Internal exceptions (10 events):
Event: 22.360 Thread 0x00007f1e5c007800 Implicit null exception at 0x00007f1e59096e4a to 0x00007f1e5909717d
Event: 22.363 Thread 0x00007f1e5c007800 Threw 0x00000000ec0d7a28 at /HUDSON/workspace/jdk7u6-2-build-linux-amd64-product/jdk7u6/hotspot/src/share/vm/prims/jvm.cpp:1166
Event: 22.363 Thread 0x00007f1e5c007800 Threw 0x00000000ec0d82b8 at /HUDSON/workspace/jdk7u6-2-build-linux-amd64-product/jdk7u6/hotspot/src/share/vm/prims/jvm.cpp:1166
Event: 22.364 Thread 0x00007f1e5c007800 Threw 0x00000000ec0e0330 at /HUDSON/workspace/jdk7u6-2-build-linux-amd64-product/jdk7u6/hotspot/src/share/vm/prims/jvm.cpp:1166
Event: 22.365 Thread 0x00007f1e5c007800 Threw 0x00000000ec0e0b80 at /HUDSON/workspace/jdk7u6-2-build-linux-amd64-product/jdk7u6/hotspot/src/share/vm/prims/jvm.cpp:1166
Event: 22.372 Thread 0x00007f1e5c007800 Threw 0x00000000ec0f1000 at /HUDSON/workspace/jdk7u6-2-build-linux-amd64-product/jdk7u6/hotspot/src/share/vm/prims/jvm.cpp:1166
Event: 22.372 Thread 0x00007f1e5c007800 Threw 0x00000000ec0f1690 at /HUDSON/workspace/jdk7u6-2-build-linux-amd64-product/jdk7u6/hotspot/src/share/vm/prims/jvm.cpp:1166
Event: 22.373 Thread 0x00007f1e5c007800 Threw 0x00000000ec0f6bf0 at /HUDSON/workspace/jdk7u6-2-build-linux-amd64-product/jdk7u6/hotspot/src/share/vm/prims/jvm.cpp:1166
Event: 22.374 Thread 0x00007f1e5c007800 Threw 0x00000000ec0f7320 at /HUDSON/workspace/jdk7u6-2-build-linux-amd64-product/jdk7u6/hotspot/src/share/vm/prims/jvm.cpp:1166
Event: 25.872 Thread 0x00007f1e5c64b000 Threw 0x00000000ec749268 at /HUDSON/workspace/jdk7u6-2-build-linux-amd64-product/jdk7u6/hotspot/src/share/vm/prims/jni.cpp:742

Events (10 events):
Event: 25.835 Thread 0x00007f1e5c64c000 Thread exited: 0x00007f1e5c64c000
Event: 25.835 Thread 0x00007f1e5c3fc000 Thread exited: 0x00007f1e5c3fc000
Event: 25.835 Thread 0x00007f1e5c64b000 Thread exited: 0x00007f1e5c64b000
Event: 25.835 Thread 0x00007f1e5c64a800 Thread exited: 0x00007f1e5c64a800
Event: 25.850 Thread 0x00007f1e5c64a800 Thread added: 0x00007f1e5c64a800
Event: 25.851 Thread 0x00007f1e5c64b000 Thread added: 0x00007f1e5c64b000
Event: 25.851 Thread 0x00007f1e5c64c000 Thread added: 0x00007f1e5c64c000
Event: 25.855 Executing VM operation: RevokeBias
Event: 25.855 Thread 0x00007f1e5c3fc000 Thread added: 0x00007f1e5c3fc000
Event: 25.857 Executing VM operation: RevokeBias done


Dynamic libraries:
00400000-00401000 r-xp 00000000 fd:02 262331                             /usr/java/jdk1.7.0_06/bin/java
00600000-00601000 rw-p 00000000 fd:02 262331                             /usr/java/jdk1.7.0_06/bin/java
02454000-02475000 rw-p 00000000 00:00 0                                  [heap]
be600000-bfac0000 rw-p 00000000 00:00 0 
bfac0000-c3800000 rw-p 00000000 00:00 0 
c3800000-c6050000 rw-p 00000000 00:00 0 
c6050000-ebd60000 rw-p 00000000 00:00 0 
ebd60000-f0580000 rw-p 00000000 00:00 0 
f0580000-100000000 rw-p 00000000 00:00 0 
3f32200000-3f32220000 r-xp 00000000 fd:02 131104                         /usr/lib64/ld-2.15.so
3f3241f000-3f32420000 r--p 0001f000 fd:02 131104                         /usr/lib64/ld-2.15.so
3f32420000-3f32421000 rw-p 00020000 fd:02 131104                         /usr/lib64/ld-2.15.so
3f32421000-3f32422000 rw-p 00000000 00:00 0 
3f32600000-3f327ac000 r-xp 00000000 fd:02 131106                         /usr/lib64/libc-2.15.so
3f327ac000-3f329ac000 ---p 001ac000 fd:02 131106                         /usr/lib64/libc-2.15.so
3f329ac000-3f329b0000 r--p 001ac000 fd:02 131106                         /usr/lib64/libc-2.15.so
3f329b0000-3f329b2000 rw-p 001b0000 fd:02 131106                         /usr/lib64/libc-2.15.so
3f329b2000-3f329b7000 rw-p 00000000 00:00 0 
3f32a00000-3f32a03000 r-xp 00000000 fd:02 138734                         /usr/lib64/libdl-2.15.so
3f32a03000-3f32c02000 ---p 00003000 fd:02 138734                         /usr/lib64/libdl-2.15.so
3f32c02000-3f32c03000 r--p 00002000 fd:02 138734                         /usr/lib64/libdl-2.15.so
3f32c03000-3f32c04000 rw-p 00003000 fd:02 138734                         /usr/lib64/libdl-2.15.so
3f32e00000-3f32e16000 r-xp 00000000 fd:02 138743                         /usr/lib64/libpthread-2.15.so
3f32e16000-3f33016000 ---p 00016000 fd:02 138743                         /usr/lib64/libpthread-2.15.so
3f33016000-3f33017000 r--p 00016000 fd:02 138743                         /usr/lib64/libpthread-2.15.so
3f33017000-3f33018000 rw-p 00017000 fd:02 138743                         /usr/lib64/libpthread-2.15.so
3f33018000-3f3301c000 rw-p 00000000 00:00 0 
3f33200000-3f33207000 r-xp 00000000 fd:02 138744                         /usr/lib64/librt-2.15.so
3f33207000-3f33406000 ---p 00007000 fd:02 138744                         /usr/lib64/librt-2.15.so
3f33406000-3f33407000 r--p 00006000 fd:02 138744                         /usr/lib64/librt-2.15.so
3f33407000-3f33408000 rw-p 00007000 fd:02 138744                         /usr/lib64/librt-2.15.so
3f33600000-3f33617000 r-xp 00000000 fd:02 144167                         /usr/lib64/libz.so.1.2.5
3f33617000-3f33816000 ---p 00017000 fd:02 144167                         /usr/lib64/libz.so.1.2.5
3f33816000-3f33817000 rw-p 00016000 fd:02 144167                         /usr/lib64/libz.so.1.2.5
3f33a00000-3f33afa000 r-xp 00000000 fd:02 131107                         /usr/lib64/libm-2.15.so
3f33afa000-3f33cf9000 ---p 000fa000 fd:02 131107                         /usr/lib64/libm-2.15.so
3f33cf9000-3f33cfa000 r--p 000f9000 fd:02 131107                         /usr/lib64/libm-2.15.so
3f33cfa000-3f33cfb000 rw-p 000fa000 fd:02 131107                         /usr/lib64/libm-2.15.so
3f33e00000-3f33e1e000 r-xp 00000000 fd:02 154524                         /usr/lib64/libselinux.so.1
3f33e1e000-3f3401d000 ---p 0001e000 fd:02 154524                         /usr/lib64/libselinux.so.1
3f3401d000-3f3401e000 r--p 0001d000 fd:02 154524                         /usr/lib64/libselinux.so.1
3f3401e000-3f3401f000 rw-p 0001e000 fd:02 154524                         /usr/lib64/libselinux.so.1
3f3401f000-3f34021000 rw-p 00000000 00:00 0 
3f34200000-3f3431d000 r-xp 00000000 fd:02 138748                         /usr/lib64/libglib-2.0.so.0.3200.4
3f3431d000-3f3451d000 ---p 0011d000 fd:02 138748                         /usr/lib64/libglib-2.0.so.0.3200.4
3f3451d000-3f3451e000 r--p 0011d000 fd:02 138748                         /usr/lib64/libglib-2.0.so.0.3200.4
3f3451e000-3f3451f000 rw-p 0011e000 fd:02 138748                         /usr/lib64/libglib-2.0.so.0.3200.4
3f3451f000-3f34520000 rw-p 00000000 00:00 0 
3f34600000-3f34616000 r-xp 00000000 fd:02 154586                         /usr/lib64/libresolv-2.15.so
3f34616000-3f34815000 ---p 00016000 fd:02 154586                         /usr/lib64/libresolv-2.15.so
3f34815000-3f34816000 r--p 00015000 fd:02 154586                         /usr/lib64/libresolv-2.15.so
3f34816000-3f34817000 rw-p 00016000 fd:02 154586                         /usr/lib64/libresolv-2.15.so
3f34817000-3f34819000 rw-p 00000000 00:00 0 
3f34a00000-3f34a01000 r-xp 00000000 fd:02 148606                         /usr/lib64/libgthread-2.0.so.0.3200.4
3f34a01000-3f34c00000 ---p 00001000 fd:02 148606                         /usr/lib64/libgthread-2.0.so.0.3200.4
3f34c00000-3f34c01000 r--p 00000000 fd:02 148606                         /usr/lib64/libgthread-2.0.so.0.3200.4
3f34c01000-3f34c02000 rw-p 00001000 fd:02 148606                         /usr/lib64/libgthread-2.0.so.0.3200.4
3f34e00000-3f34e4b000 r-xp 00000000 fd:02 150841                         /usr/lib64/libgobject-2.0.so.0.3200.4
3f34e4b000-3f3504b000 ---p 0004b000 fd:02 150841                         /usr/lib64/libgobject-2.0.so.0.3200.4
3f3504b000-3f3504c000 r--p 0004b000 fd:02 150841                         /usr/lib64/libgobject-2.0.so.0.3200.4
3f3504c000-3f3504d000 rw-p 0004c000 fd:02 150841                         /usr/lib64/libgobject-2.0.so.0.3200.4
3f35200000-3f35207000 r-xp 00000000 fd:02 150709                         /usr/lib64/libffi.so.5.0.10
3f35207000-3f35406000 ---p 00007000 fd:02 150709                         /usr/lib64/libffi.so.5.0.10
3f35406000-3f35407000 r--p 00006000 fd:02 150709                         /usr/lib64/libffi.so.5.0.10
3f35407000-3f35408000 rw-p 00007000 fd:02 150709                         /usr/lib64/libffi.so.5.0.10
3f35600000-3f35603000 r-xp 00000000 fd:02 138751                         /usr/lib64/libgmodule-2.0.so.0.3200.4
3f35603000-3f35802000 ---p 00003000 fd:02 138751                         /usr/lib64/libgmodule-2.0.so.0.3200.4
3f35802000-3f35803000 r--p 00002000 fd:02 138751                         /usr/lib64/libgmodule-2.0.so.0.3200.4
3f35803000-3f35804000 rw-p 00003000 fd:02 138751                         /usr/lib64/libgmodule-2.0.so.0.3200.4
3f35a00000-3f35b46000 r-xp 00000000 fd:02 154592                         /usr/lib64/libgio-2.0.so.0.3200.4
3f35b46000-3f35d45000 ---p 00146000 fd:02 154592                         /usr/lib64/libgio-2.0.so.0.3200.4
3f35d45000-3f35d49000 r--p 00145000 fd:02 154592                         /usr/lib64/libgio-2.0.so.0.3200.4
3f35d49000-3f35d4b000 rw-p 00149000 fd:02 154592                         /usr/lib64/libgio-2.0.so.0.3200.4
3f35d4b000-3f35d4d000 rw-p 00000000 00:00 0 
3f35e00000-3f35e15000 r-xp 00000000 fd:02 159069                         /usr/lib64/libgcc_s-4.7.2-20120921.so.1
3f35e15000-3f36014000 ---p 00015000 fd:02 159069                         /usr/lib64/libgcc_s-4.7.2-20120921.so.1
3f36014000-3f36015000 rw-p 00014000 fd:02 159069                         /usr/lib64/libgcc_s-4.7.2-20120921.so.1
3f37a00000-3f37a43000 r-xp 00000000 fd:02 136100                         /usr/lib64/libdbus-1.so.3.5.6
3f37a43000-3f37c42000 ---p 00043000 fd:02 136100                         /usr/lib64/libdbus-1.so.3.5.6
3f37c42000-3f37c43000 r--p 00042000 fd:02 136100                         /usr/lib64/libdbus-1.so.3.5.6
3f37c43000-3f37c44000 rw-p 00043000 fd:02 136100                         /usr/lib64/libdbus-1.so.3.5.6
3f3f200000-3f3f225000 r-xp 00000000 fd:02 168367                         /usr/lib64/libdbus-glib-1.so.2.2.2
3f3f225000-3f3f425000 ---p 00025000 fd:02 168367                         /usr/lib64/libdbus-glib-1.so.2.2.2
3f3f425000-3f3f426000 r--p 00025000 fd:02 168367                         /usr/lib64/libdbus-glib-1.so.2.2.2
3f3f426000-3f3f427000 rw-p 00026000 fd:02 168367                         /usr/lib64/libdbus-glib-1.so.2.2.2
3f42e00000-3f42e2f000 r-xp 00000000 fd:02 138222                         /usr/lib64/libgconf-2.so.4.1.5
3f42e2f000-3f4302e000 ---p 0002f000 fd:02 138222                         /usr/lib64/libgconf-2.so.4.1.5
3f4302e000-3f4302f000 r--p 0002e000 fd:02 138222                         /usr/lib64/libgconf-2.so.4.1.5
3f4302f000-3f43030000 rw-p 0002f000 fd:02 138222                         /usr/lib64/libgconf-2.so.4.1.5
7f1e04000000-7f1e04053000 rw-p 00000000 00:00 0 
7f1e04053000-7f1e08000000 ---p 00000000 00:00 0 
7f1e0c000000-7f1e0c043000 rw-p 00000000 00:00 0 
7f1e0c043000-7f1e10000000 ---p 00000000 00:00 0 
7f1e10000000-7f1e10072000 rw-p 00000000 00:00 0 
7f1e10072000-7f1e14000000 ---p 00000000 00:00 0 
7f1e14000000-7f1e14021000 rw-p 00000000 00:00 0 
7f1e14021000-7f1e18000000 ---p 00000000 00:00 0 
7f1e18000000-7f1e1816a000 rw-p 00000000 00:00 0 
7f1e1816a000-7f1e1c000000 ---p 00000000 00:00 0 
7f1e1c000000-7f1e1c021000 rw-p 00000000 00:00 0 
7f1e1c021000-7f1e20000000 ---p 00000000 00:00 0 
7f1e20000000-7f1e20021000 rw-p 00000000 00:00 0 
7f1e20021000-7f1e24000000 ---p 00000000 00:00 0 
7f1e24000000-7f1e24972000 rw-p 00000000 00:00 0 
7f1e24972000-7f1e28000000 ---p 00000000 00:00 0 
7f1e28000000-7f1e28ae6000 rw-p 00000000 00:00 0 
7f1e28ae6000-7f1e2c000000 ---p 00000000 00:00 0 
7f1e2c000000-7f1e2c021000 rw-p 00000000 00:00 0 
7f1e2c021000-7f1e30000000 ---p 00000000 00:00 0 
7f1e31bd3000-7f1e38000000 r--p 00000000 fd:02 164599                     /usr/lib/locale/locale-archive
7f1e38000000-7f1e38021000 rw-p 00000000 00:00 0 
7f1e38021000-7f1e3c000000 ---p 00000000 00:00 0 
7f1e3c000000-7f1e3c021000 rw-p 00000000 00:00 0 
7f1e3c021000-7f1e40000000 ---p 00000000 00:00 0 
7f1e40000000-7f1e40021000 rw-p 00000000 00:00 0 
7f1e40021000-7f1e44000000 ---p 00000000 00:00 0 
7f1e44000000-7f1e44021000 rw-p 00000000 00:00 0 
7f1e44021000-7f1e48000000 ---p 00000000 00:00 0 
7f1e48000000-7f1e48021000 rw-p 00000000 00:00 0 
7f1e48021000-7f1e4c000000 ---p 00000000 00:00 0 
7f1e4c000000-7f1e4c021000 rw-p 00000000 00:00 0 
7f1e4c021000-7f1e50000000 ---p 00000000 00:00 0 
7f1e50000000-7f1e50027000 rw-p 00000000 00:00 0 
7f1e50027000-7f1e54000000 ---p 00000000 00:00 0 
7f1e552e8000-7f1e552eb000 r-xp 00000000 fd:02 138786                     /usr/lib64/libnss_myhostname.so.2
7f1e552eb000-7f1e554ea000 ---p 00003000 fd:02 138786                     /usr/lib64/libnss_myhostname.so.2
7f1e554ea000-7f1e554eb000 r--p 00002000 fd:02 138786                     /usr/lib64/libnss_myhostname.so.2
7f1e554eb000-7f1e554ec000 rw-p 00003000 fd:02 138786                     /usr/lib64/libnss_myhostname.so.2
7f1e554ec000-7f1e554f1000 r-xp 00000000 fd:02 135306                     /usr/lib64/libnss_dns-2.15.so
7f1e554f1000-7f1e556f1000 ---p 00005000 fd:02 135306                     /usr/lib64/libnss_dns-2.15.so
7f1e556f1000-7f1e556f2000 r--p 00005000 fd:02 135306                     /usr/lib64/libnss_dns-2.15.so
7f1e556f2000-7f1e556f3000 rw-p 00006000 fd:02 135306                     /usr/lib64/libnss_dns-2.15.so
7f1e556f3000-7f1e556f5000 r-xp 00000000 fd:02 55714                      /usr/lib64/libnss_mdns4_minimal.so.2
7f1e556f5000-7f1e558f4000 ---p 00002000 fd:02 55714                      /usr/lib64/libnss_mdns4_minimal.so.2
7f1e558f4000-7f1e558f5000 r--p 00001000 fd:02 55714                      /usr/lib64/libnss_mdns4_minimal.so.2
7f1e558f5000-7f1e558f6000 rw-p 00002000 fd:02 55714                      /usr/lib64/libnss_mdns4_minimal.so.2
7f1e558f6000-7f1e558f9000 ---p 00000000 00:00 0 
7f1e558f9000-7f1e559f7000 rw-p 00000000 00:00 0                          [stack:3012]
7f1e559f7000-7f1e559fa000 ---p 00000000 00:00 0 
7f1e559fa000-7f1e55af8000 rw-p 00000000 00:00 0                          [stack:3011]
7f1e55af8000-7f1e55b2a000 r-xp 00000000 fd:02 393928                     /usr/java/jdk1.7.0_06/jre/lib/amd64/libsunec.so
7f1e55b2a000-7f1e55d29000 ---p 00032000 fd:02 393928                     /usr/java/jdk1.7.0_06/jre/lib/amd64/libsunec.so
7f1e55d29000-7f1e55d2f000 rw-p 00031000 fd:02 393928                     /usr/java/jdk1.7.0_06/jre/lib/amd64/libsunec.so
7f1e55d2f000-7f1e55d3f000 rw-p 00000000 00:00 0 
7f1e55d3f000-7f1e55d42000 ---p 00000000 00:00 0 
7f1e55d42000-7f1e55e40000 rw-p 00000000 00:00 0                          [stack:3010]
7f1e55e40000-7f1e55e43000 ---p 00000000 00:00 0 
7f1e55e43000-7f1e55f72000 rw-p 00000000 00:00 0                          [stack:3009]
7f1e55f72000-7f1e55f87000 r-xp 00000000 fd:02 393919                     /usr/java/jdk1.7.0_06/jre/lib/amd64/libnet.so
7f1e55f87000-7f1e56187000 ---p 00015000 fd:02 393919                     /usr/java/jdk1.7.0_06/jre/lib/amd64/libnet.so
7f1e56187000-7f1e56188000 rw-p 00015000 fd:02 393919                     /usr/java/jdk1.7.0_06/jre/lib/amd64/libnet.so
7f1e56188000-7f1e56198000 r-xp 00000000 fd:02 393920                     /usr/java/jdk1.7.0_06/jre/lib/amd64/libnio.so
7f1e56198000-7f1e56398000 ---p 00010000 fd:02 393920                     /usr/java/jdk1.7.0_06/jre/lib/amd64/libnio.so
7f1e56398000-7f1e56399000 rw-p 00010000 fd:02 393920                     /usr/java/jdk1.7.0_06/jre/lib/amd64/libnio.so
7f1e56399000-7f1e5639c000 r--s 00033000 fd:03 5377259                    /home/daniel/netbeans-7.2/java/maven/lib/plexus-utils-2.0.6.jar
7f1e5639c000-7f1e563a0000 r--s 0001c000 fd:03 5377260                    /home/daniel/netbeans-7.2/java/maven/lib/aether-util-1.13.1.jar
7f1e563a0000-7f1e563a1000 r--s 00002000 fd:03 5377287                    /home/daniel/netbeans-7.2/java/maven/lib/wagon-file-2.2.jar
7f1e563a1000-7f1e563a3000 r--s 00009000 fd:03 5377243                    /home/daniel/netbeans-7.2/java/maven/lib/maven-embedder-3.0.4.jar
7f1e563a3000-7f1e563aa000 r--s 0003e000 fd:03 5377229                    /home/daniel/netbeans-7.2/java/maven/lib/sisu-inject-bean-2.3.0.jar
7f1e563aa000-7f1e563ac000 r--s 00006000 fd:03 5377050                    /home/daniel/netbeans-7.2/java/maven/lib/maven-repository-metadata-3.0.4.jar
7f1e563ac000-7f1e563b1000 r--s 00020000 fd:03 5377184                    /home/daniel/netbeans-7.2/java/maven/lib/maven-model-builder-3.0.4.jar
7f1e563b1000-7f1e563b3000 r--s 00006000 fd:03 5377111                    /home/daniel/netbeans-7.2/java/maven/lib/aether-connector-wagon-1.13.1.jar
7f1e563b3000-7f1e563bb000 r--s 0004e000 fd:03 5377219                    /home/daniel/netbeans-7.2/java/maven/lib/sisu-guice-3.1.0-no_aop.jar
7f1e563bb000-7f1e563c1000 r--s 0003e000 fd:03 5377258                    /home/daniel/netbeans-7.2/java/maven/lib/maven-compat-3.0.4.jar
7f1e563c1000-7f1e563c2000 r--s 00003000 fd:03 5377267                    /home/daniel/netbeans-7.2/java/maven/lib/aether-spi-1.13.1.jar
7f1e563c2000-7f1e563c8000 r--s 0002b000 fd:03 5377202                    /home/daniel/netbeans-7.2/java/maven/lib/sisu-inject-plexus-2.3.0.jar
7f1e563c8000-7f1e563cb000 r--s 0001d000 fd:03 5377257                    /home/daniel/netbeans-7.2/java/maven/lib/aether-impl-1.13.1.jar
7f1e563cb000-7f1e563dd000 r--s 0009c000 fd:03 5377238                    /home/daniel/netbeans-7.2/java/maven/lib/wagon-http-2.2-shaded.jar
7f1e563dd000-7f1e563e0000 r--s 00008000 fd:03 5377134                    /home/daniel/netbeans-7.2/java/maven/lib/maven-settings-builder-3.0.4.jar
7f1e563e0000-7f1e563e2000 r--s 0000a000 fd:03 5377230                    /home/daniel/netbeans-7.2/java/maven/lib/maven-plugin-api-3.0.4.jar
7f1e563e2000-7f1e563e4000 r--s 0000b000 fd:03 5377228                    /home/daniel/netbeans-7.2/java/maven/lib/wagon-provider-api-2.2.jar
7f1e563e4000-7f1e563e6000 r--s 00000000 fd:03 5376951                    /home/daniel/netbeans-7.2/java/maven/lib/plexus-component-annotations-1.5.5.jar
7f1e563e6000-7f1e563e8000 r--s 0000b000 fd:03 5377242                    /home/daniel/netbeans-7.2/java/maven/lib/maven-artifact-3.0.4.jar
7f1e563e8000-7f1e563eb000 r--s 00025000 fd:03 5377266                    /home/daniel/netbeans-7.2/java/maven/lib/maven-model-3.0.4.jar
7f1e563eb000-7f1e563f7000 r--s 0007b000 fd:03 5377278                    /home/daniel/netbeans-7.2/java/maven/lib/maven-core-3.0.4.jar
7f1e563f7000-7f1e563f9000 r--s 00002000 fd:03 5377265                    /home/daniel/netbeans-7.2/java/maven/lib/plexus-cipher-1.7.jar
7f1e563f9000-7f1e56417000 r--s 0014f000 fd:03 5377277                    /home/daniel/netbeans-7.2/java/maven/lib/sisu-guava-0.9.9.jar
7f1e56417000-7f1e56419000 r--s 0000a000 fd:03 5377241                    /home/daniel/netbeans-7.2/java/maven/lib/maven-settings-3.0.4.jar
7f1e56419000-7f1e5641b000 r--s 0000c000 fd:03 5377154                    /home/daniel/netbeans-7.2/java/maven/lib/maven-aether-provider-3.0.4.jar
7f1e5641b000-7f1e5641c000 r--s 00009000 fd:03 5377284                    /home/daniel/netbeans-7.2/java/maven/lib/commons-cli-1.2.jar
7f1e5641c000-7f1e5641d000 r--s 00006000 fd:03 5377185                    /home/daniel/netbeans-7.2/java/maven/lib/plexus-sec-dispatcher-1.3.jar
7f1e5641d000-7f1e56421000 r--s 00012000 fd:03 5377268                    /home/daniel/netbeans-7.2/java/maven/lib/aether-api-1.13.1.jar
7f1e56421000-7f1e56423000 r--s 0000d000 fd:03 5377183                    /home/daniel/netbeans-7.2/java/maven/lib/plexus-interpolation-1.14.jar
7f1e56423000-7f1e56425000 r--s 0000a000 fd:03 5377218                    /home/daniel/netbeans-7.2/java/maven/boot/plexus-classworlds-2.4.jar
7f1e56425000-7f1e56426000 ---p 00000000 00:00 0 
7f1e56426000-7f1e56526000 rw-p 00000000 00:00 0                          [stack:2970]
7f1e56526000-7f1e56529000 ---p 00000000 00:00 0 
7f1e56529000-7f1e56627000 rw-p 00000000 00:00 0                          [stack:2969]
7f1e56627000-7f1e5662a000 ---p 00000000 00:00 0 
7f1e5662a000-7f1e56728000 rw-p 00000000 00:00 0                          [stack:2968]
7f1e56728000-7f1e5672b000 ---p 00000000 00:00 0 
7f1e5672b000-7f1e56829000 rw-p 00000000 00:00 0                          [stack:2967]
7f1e56829000-7f1e5682c000 ---p 00000000 00:00 0 
7f1e5682c000-7f1e5692a000 rw-p 00000000 00:00 0                          [stack:2966]
7f1e5692a000-7f1e5692d000 ---p 00000000 00:00 0 
7f1e5692d000-7f1e56a2b000 rw-p 00000000 00:00 0                          [stack:2965]
7f1e56a2b000-7f1e56a2e000 ---p 00000000 00:00 0 
7f1e56a2e000-7f1e56b2c000 rw-p 00000000 00:00 0                          [stack:2964]
7f1e56b2c000-7f1e56b2d000 ---p 00000000 00:00 0 
7f1e56b2d000-7f1e59000000 rw-p 00000000 00:00 0                          [stack:2963]
7f1e59000000-7f1e59270000 rwxp 00000000 00:00 0 
7f1e59270000-7f1e5c67a000 rw-p 00000000 00:00 0 
7f1e5c67a000-7f1e60000000 ---p 00000000 00:00 0 
7f1e600b4000-7f1e600b7000 ---p 00000000 00:00 0 
7f1e600b7000-7f1e60e02000 rw-p 00000000 00:00 0                          [stack:2980]
7f1e60e02000-7f1e60fcf000 r--s 01ac0000 fd:02 394185                     /usr/java/jdk1.7.0_06/jre/lib/rt.jar
7f1e60fcf000-7f1e6182b000 rw-p 00000000 00:00 0 
7f1e6182b000-7f1e6182c000 ---p 00000000 00:00 0 
7f1e6182c000-7f1e6192c000 rw-p 00000000 00:00 0                          [stack:2962]
7f1e6192c000-7f1e6192d000 ---p 00000000 00:00 0 
7f1e6192d000-7f1e61a2d000 rw-p 00000000 00:00 0                          [stack:2961]
7f1e61a2d000-7f1e61a2e000 ---p 00000000 00:00 0 
7f1e61a2e000-7f1e61b2e000 rw-p 00000000 00:00 0                          [stack:2960]
7f1e61b2e000-7f1e61b2f000 ---p 00000000 00:00 0 
7f1e61b2f000-7f1e61c3a000 rw-p 00000000 00:00 0                          [stack:2959]
7f1e61c3a000-7f1e61c58000 rw-p 00000000 00:00 0 
7f1e61c58000-7f1e61c6d000 rw-p 00000000 00:00 0 
7f1e61c6d000-7f1e61d9b000 rw-p 00000000 00:00 0 
7f1e61d9b000-7f1e61da6000 rw-p 00000000 00:00 0 
7f1e61da6000-7f1e61dc4000 rw-p 00000000 00:00 0 
7f1e61dc4000-7f1e61dd9000 rw-p 00000000 00:00 0 
7f1e61dd9000-7f1e61f06000 rw-p 00000000 00:00 0 
7f1e61f06000-7f1e61f2b000 rw-p 00000000 00:00 0 
7f1e61f2b000-7f1e61fa8000 rw-p 00000000 00:00 0 
7f1e61fa8000-7f1e61fb3000 rw-p 00000000 00:00 0 
7f1e61fb3000-7f1e62069000 rw-p 00000000 00:00 0 
7f1e62069000-7f1e62083000 r-xp 00000000 fd:02 393934                     /usr/java/jdk1.7.0_06/jre/lib/amd64/libzip.so
7f1e62083000-7f1e62283000 ---p 0001a000 fd:02 393934                     /usr/java/jdk1.7.0_06/jre/lib/amd64/libzip.so
7f1e62283000-7f1e62284000 rw-p 0001a000 fd:02 393934                     /usr/java/jdk1.7.0_06/jre/lib/amd64/libzip.so
7f1e62284000-7f1e62290000 r-xp 00000000 fd:02 151291                     /usr/lib64/libnss_files-2.15.so
7f1e62290000-7f1e6248f000 ---p 0000c000 fd:02 151291                     /usr/lib64/libnss_files-2.15.so
7f1e6248f000-7f1e62490000 r--p 0000b000 fd:02 151291                     /usr/lib64/libnss_files-2.15.so
7f1e62490000-7f1e62491000 rw-p 0000c000 fd:02 151291                     /usr/lib64/libnss_files-2.15.so
7f1e624a4000-7f1e624ac000 rw-s 00000000 fd:02 396432                     /tmp/hsperfdata_daniel/2955
7f1e624ac000-7f1e624d5000 r-xp 00000000 fd:02 393899                     /usr/java/jdk1.7.0_06/jre/lib/amd64/libjava.so
7f1e624d5000-7f1e626d5000 ---p 00029000 fd:02 393899                     /usr/java/jdk1.7.0_06/jre/lib/amd64/libjava.so
7f1e626d5000-7f1e626d7000 rw-p 00029000 fd:02 393899                     /usr/java/jdk1.7.0_06/jre/lib/amd64/libjava.so
7f1e626d7000-7f1e626e4000 r-xp 00000000 fd:02 393933                     /usr/java/jdk1.7.0_06/jre/lib/amd64/libverify.so
7f1e626e4000-7f1e628e3000 ---p 0000d000 fd:02 393933                     /usr/java/jdk1.7.0_06/jre/lib/amd64/libverify.so
7f1e628e3000-7f1e628e5000 rw-p 0000c000 fd:02 393933                     /usr/java/jdk1.7.0_06/jre/lib/amd64/libverify.so
7f1e628e5000-7f1e628e8000 ---p 00000000 00:00 0 
7f1e628e8000-7f1e629e6000 rw-p 00000000 00:00 0                          [stack:2958]
7f1e629e6000-7f1e6342d000 r-xp 00000000 fd:02 393938                     /usr/java/jdk1.7.0_06/jre/lib/amd64/server/libjvm.so
7f1e6342d000-7f1e6362c000 ---p 00a47000 fd:02 393938                     /usr/java/jdk1.7.0_06/jre/lib/amd64/server/libjvm.so
7f1e6362c000-7f1e636cf000 rw-p 00a46000 fd:02 393938                     /usr/java/jdk1.7.0_06/jre/lib/amd64/server/libjvm.so
7f1e636cf000-7f1e6370e000 rw-p 00000000 00:00 0 
7f1e6370e000-7f1e63724000 r-xp 00000000 fd:02 393879                     /usr/java/jdk1.7.0_06/jre/lib/amd64/jli/libjli.so
7f1e63724000-7f1e63923000 ---p 00016000 fd:02 393879                     /usr/java/jdk1.7.0_06/jre/lib/amd64/jli/libjli.so
7f1e63923000-7f1e63924000 rw-p 00015000 fd:02 393879                     /usr/java/jdk1.7.0_06/jre/lib/amd64/jli/libjli.so
7f1e63924000-7f1e63925000 rw-p 00000000 00:00 0 
7f1e6392c000-7f1e6392d000 rw-p 00000000 00:00 0 
7f1e6392d000-7f1e63931000 r--s 0002d000 fd:02 394068                     /usr/java/jdk1.7.0_06/jre/lib/ext/sunjce_provider.jar
7f1e63931000-7f1e63932000 r--s 00003000 fd:02 394067                     /usr/java/jdk1.7.0_06/jre/lib/ext/sunec.jar
7f1e63932000-7f1e63936000 r--s 00037000 fd:02 394069                     /usr/java/jdk1.7.0_06/jre/lib/ext/sunpkcs11.jar
7f1e63936000-7f1e63939000 r--s 00018000 fd:02 394113                     /usr/java/jdk1.7.0_06/jre/lib/jce.jar
7f1e63939000-7f1e6393a000 r--p 00000000 00:00 0 
7f1e6393a000-7f1e6393e000 r--s 00041000 fd:02 394119                     /usr/java/jdk1.7.0_06/jre/lib/jsse.jar
7f1e6393e000-7f1e6393f000 rw-p 00000000 00:00 0 
7f1e6393f000-7f1e63940000 r--p 00000000 00:00 0 
7f1e63940000-7f1e63941000 rw-p 00000000 00:00 0 
7fff989ac000-7fff989cd000 rw-p 00000000 00:00 0                          [stack]
7fff989ff000-7fff98a00000 r-xp 00000000 00:00 0                          [vdso]
ffffffffff600000-ffffffffff601000 r-xp 00000000 00:00 0                  [vsyscall]

VM Arguments:
jvm_args: -Dclassworlds.conf=/home/daniel/netbeans-7.2/java/maven/bin/m2.conf -Dmaven.home=/home/daniel/netbeans-7.2/java/maven 
java_command: org.codehaus.plexus.classworlds.launcher.Launcher -Djava.net.useSystemProxies=true install
Launcher Type: SUN_STANDARD

Environment Variables:
JAVA_HOME=/usr/java/latest
PATH=/usr/lib64/qt-3.3/bin:/usr/lib64/ccache:/usr/local/bin:/usr/bin:/bin:/usr/local/sbin:/usr/sbin:/home/daniel/.local/bin:/home/daniel/bin
USERNAME=daniel
SHELL=/bin/bash
DISPLAY=:0

Signal Handlers:
SIGSEGV: [libjvm.so+0x8a5a80], sa_mask[0]=0x7ffbfeff, sa_flags=0x10000004
SIGBUS: [libjvm.so+0x8a5a80], sa_mask[0]=0x7ffbfeff, sa_flags=0x10000004
SIGFPE: [libjvm.so+0x741b60], sa_mask[0]=0x7ffbfeff, sa_flags=0x10000004
SIGPIPE: [libjvm.so+0x741b60], sa_mask[0]=0x7ffbfeff, sa_flags=0x10000004
SIGXFSZ: [libjvm.so+0x741b60], sa_mask[0]=0x7ffbfeff, sa_flags=0x10000004
SIGILL: [libjvm.so+0x741b60], sa_mask[0]=0x7ffbfeff, sa_flags=0x10000004
SIGUSR1: SIG_DFL, sa_mask[0]=0x00000000, sa_flags=0x00000000
SIGUSR2: [libjvm.so+0x7414b0], sa_mask[0]=0x00000004, sa_flags=0x10000004
SIGHUP: [libjvm.so+0x743840], sa_mask[0]=0x7ffbfeff, sa_flags=0x10000004
SIGINT: SIG_IGN, sa_mask[0]=0x00000000, sa_flags=0x00000000
SIGTERM: [libjvm.so+0x743840], sa_mask[0]=0x7ffbfeff, sa_flags=0x10000004
SIGQUIT: [libjvm.so+0x743840], sa_mask[0]=0x7ffbfeff, sa_flags=0x10000004


---------------  S Y S T E M  ---------------

OS:Fedora release 17 (Beefy Miracle)

uname:Linux 3.5.5-2.fc17.x86_64 #1 SMP Wed Oct 3 13:20:37 UTC 2012 x86_64
libc:glibc 2.15 NPTL 2.15 
rlimit: STACK 8192k, CORE 0k, NPROC 1024, NOFILE 4096, AS infinity
load average:7.10 3.94 1.61

/proc/meminfo:
MemTotal:        3959088 kB
MemFree:          757464 kB
Buffers:           86904 kB
Cached:           705724 kB
SwapCached:            0 kB
Active:          2341780 kB
Inactive:         607440 kB
Active(anon):    2155732 kB
Inactive(anon):   134200 kB
Active(file):     186048 kB
Inactive(file):   473240 kB
Unevictable:          92 kB
Mlocked:              92 kB
SwapTotal:       6062076 kB
SwapFree:        6062076 kB
Dirty:              1480 kB
Writeback:             0 kB
AnonPages:       2156712 kB
Mapped:           149248 kB
Shmem:            133352 kB
Slab:             130344 kB
SReclaimable:      79352 kB
SUnreclaim:        50992 kB
KernelStack:        3696 kB
PageTables:        44592 kB
NFS_Unstable:          0 kB
Bounce:                0 kB
WritebackTmp:          0 kB
CommitLimit:     8041620 kB
Committed_AS:    4769772 kB
VmallocTotal:   34359738367 kB
VmallocUsed:      374040 kB
VmallocChunk:   34359358704 kB
HardwareCorrupted:     0 kB
AnonHugePages:    618496 kB
HugePages_Total:       0
HugePages_Free:        0
HugePages_Rsvd:        0
HugePages_Surp:        0
Hugepagesize:       2048 kB
DirectMap4k:       77812 kB
DirectMap2M:     2983936 kB


CPU:total 4 (2 cores per cpu, 2 threads per core) family 6 model 42 stepping 7, cmov, cx8, fxsr, mmx, sse, sse2, sse3, ssse3, sse4.1, sse4.2, popcnt, avx, ht, tsc, tscinvbit

/proc/cpuinfo:
processor	: 0
vendor_id	: GenuineIntel
cpu family	: 6
model		: 42
model name	: Intel(R) Core(TM) i5-2430M CPU @ 2.40GHz
stepping	: 7
microcode	: 0x28
cpu MHz		: 800.000
cache size	: 3072 KB
physical id	: 0
siblings	: 4
core id		: 0
cpu cores	: 2
apicid		: 0
initial apicid	: 0
fpu		: yes
fpu_exception	: yes
cpuid level	: 13
wp		: yes
flags		: fpu vme de pse tsc msr pae mce cx8 apic sep mtrr pge mca cmov pat pse36 clflush dts acpi mmx fxsr sse sse2 ss ht tm pbe syscall nx rdtscp lm constant_tsc arch_perfmon pebs bts rep_good nopl xtopology nonstop_tsc aperfmperf pni pclmulqdq dtes64 monitor ds_cpl vmx est tm2 ssse3 cx16 xtpr pdcm pcid sse4_1 sse4_2 x2apic popcnt tsc_deadline_timer xsave avx lahf_lm ida arat epb xsaveopt pln pts dtherm tpr_shadow vnmi flexpriority ept vpid
bogomips	: 4789.27
clflush size	: 64
cache_alignment	: 64
address sizes	: 36 bits physical, 48 bits virtual
power management:

processor	: 1
vendor_id	: GenuineIntel
cpu family	: 6
model		: 42
model name	: Intel(R) Core(TM) i5-2430M CPU @ 2.40GHz
stepping	: 7
microcode	: 0x28
cpu MHz		: 800.000
cache size	: 3072 KB
physical id	: 0
siblings	: 4
core id		: 1
cpu cores	: 2
apicid		: 2
initial apicid	: 2
fpu		: yes
fpu_exception	: yes
cpuid level	: 13
wp		: yes
flags		: fpu vme de pse tsc msr pae mce cx8 apic sep mtrr pge mca cmov pat pse36 clflush dts acpi mmx fxsr sse sse2 ss ht tm pbe syscall nx rdtscp lm constant_tsc arch_perfmon pebs bts rep_good nopl xtopology nonstop_tsc aperfmperf pni pclmulqdq dtes64 monitor ds_cpl vmx est tm2 ssse3 cx16 xtpr pdcm pcid sse4_1 sse4_2 x2apic popcnt tsc_deadline_timer xsave avx lahf_lm ida arat epb xsaveopt pln pts dtherm tpr_shadow vnmi flexpriority ept vpid
bogomips	: 4789.27
clflush size	: 64
cache_alignment	: 64
address sizes	: 36 bits physical, 48 bits virtual
power management:

processor	: 2
vendor_id	: GenuineIntel
cpu family	: 6
model		: 42
model name	: Intel(R) Core(TM) i5-2430M CPU @ 2.40GHz
stepping	: 7
microcode	: 0x28
cpu MHz		: 800.000
cache size	: 3072 KB
physical id	: 0
siblings	: 4
core id		: 0
cpu cores	: 2
apicid		: 1
initial apicid	: 1
fpu		: yes
fpu_exception	: yes
cpuid level	: 13
wp		: yes
flags		: fpu vme de pse tsc msr pae mce cx8 apic sep mtrr pge mca cmov pat pse36 clflush dts acpi mmx fxsr sse sse2 ss ht tm pbe syscall nx rdtscp lm constant_tsc arch_perfmon pebs bts rep_good nopl xtopology nonstop_tsc aperfmperf pni pclmulqdq dtes64 monitor ds_cpl vmx est tm2 ssse3 cx16 xtpr pdcm pcid sse4_1 sse4_2 x2apic popcnt tsc_deadline_timer xsave avx lahf_lm ida arat epb xsaveopt pln pts dtherm tpr_shadow vnmi flexpriority ept vpid
bogomips	: 4789.27
clflush size	: 64
cache_alignment	: 64
address sizes	: 36 bits physical, 48 bits virtual
power management:

processor	: 3
vendor_id	: GenuineIntel
cpu family	: 6
model		: 42
model name	: Intel(R) Core(TM) i5-2430M CPU @ 2.40GHz
stepping	: 7
microcode	: 0x28
cpu MHz		: 800.000
cache size	: 3072 KB
physical id	: 0
siblings	: 4
core id		: 1
cpu cores	: 2
apicid		: 3
initial apicid	: 3
fpu		: yes
fpu_exception	: yes
cpuid level	: 13
wp		: yes
flags		: fpu vme de pse tsc msr pae mce cx8 apic sep mtrr pge mca cmov pat pse36 clflush dts acpi mmx fxsr sse sse2 ss ht tm pbe syscall nx rdtscp lm constant_tsc arch_perfmon pebs bts rep_good nopl xtopology nonstop_tsc aperfmperf pni pclmulqdq dtes64 monitor ds_cpl vmx est tm2 ssse3 cx16 xtpr pdcm pcid sse4_1 sse4_2 x2apic popcnt tsc_deadline_timer xsave avx lahf_lm ida arat epb xsaveopt pln pts dtherm tpr_shadow vnmi flexpriority ept vpid
bogomips	: 4789.27
clflush size	: 64
cache_alignment	: 64
address sizes	: 36 bits physical, 48 bits virtual
power management:



Memory: 4k page, physical 3959088k(757464k free), swap 6062076k(6062076k free)

vm_info: Java HotSpot(TM) 64-Bit Server VM (23.2-b09) for linux-amd64 JRE (1.7.0_06-b24), built on Aug  9 2012 19:49:48 by "java_re" with gcc 4.3.0 20080428 (Red Hat 4.3.0-8)

time: Fri Oct 12 10:38:28 2012
elapsed time: 25 seconds

