#
# A fatal error has been detected by the Java Runtime Environment:
#
#  SIGSEGV (0xb) at pc=0x0000003f37a27a30, pid=5840, tid=139746271868672
#
# JRE version: 7.0_06-b24
# Java VM: Java HotSpot(TM) 64-Bit Server VM (23.2-b09 mixed mode linux-amd64 compressed oops)
# Problematic frame:
# C  [libdbus-1.so.3+0x27a30]  getenv+0x27a30
#
# Failed to write core dump. Core dumps have been disabled. To enable core dumping, try "ulimit -c unlimited" before starting Java again
#
# If you would like to submit a bug report, please visit:
#   http://bugreport.sun.com/bugreport/crash.jsp
# The crash happened outside the Java Virtual Machine in native code.
# See problematic frame for where to report the bug.
#

---------------  T H R E A D  ---------------

Current thread (0x00007f1944587800):  JavaThread "pool-22-thread-3" [_thread_in_native, id=5882, stack(0x00007f1936d4b000,0x00007f1936e4c000)]

siginfo:si_signo=SIGSEGV: si_errno=0, si_code=1 (SEGV_MAPERR), si_addr=0x0000000000000008

Registers:
RAX=0x0000000000000000, RBX=0x00007f18ec02c5d0, RCX=0x0000003f32e0e61d, RDX=0x0000000000000000
RSP=0x00007f1936e47e28, RBP=0x00007f18e8057030, RSI=0x0000000000000000, RDI=0x00007f18ec02c600
R8 =0x00007f18e8057080, R9 =0x00007f18e8057580, R10=0x0000000000000000, R11=0x0000000000000000
R12=0x00007f18ec02c6b0, R13=0x00000000000001a8, R14=0x00007f18ec02c028, R15=0x000000000000003c
RIP=0x0000003f37a27a30, EFLAGS=0x0000000000010246, CSGSFS=0x0000000000000033, ERR=0x0000000000000004
  TRAPNO=0x000000000000000e

Top of Stack: (sp=0x00007f1936e47e28)
0x00007f1936e47e28:   0000003f37a0c43c 00007f18e8057030
0x00007f1936e47e38:   0000000000000000 00007f18ec02bf70
0x00007f1936e47e48:   00000000000000dc 00007f18e8057030
0x00007f1936e47e58:   0000003f37a24e4c 000000000000003c
0x00007f1936e47e68:   0000000000000000 0000000000000000
0x00007f1936e47e78:   0000003f37a29366 000000000003616c
0x00007f1936e47e88:   00007f18e8057038 00007f18e8057080
0x00007f1936e47e98:   0000000000000000 0000000000000002
0x00007f1936e47ea8:   0000000000000001 00007f18ec02bf70
0x00007f1936e47eb8:   0000000000000001 0000000000000000
0x00007f1936e47ec8:   00000000ffffffff 0000000000000004
0x00007f1936e47ed8:   0000003f37a25105 0000007c00000077
0x00007f1936e47ee8:   0000000036e47f00 000400050000002c
0x00007f1936e47ef8:   00007f18e8057a00 00007f1936e47f80
0x00007f1936e47f08:   00007f18ec02bf70 00007f18ec02c5d0
0x00007f1936e47f18:   0000000000000007 00000000ffffffff
0x00007f1936e47f28:   00007f1936e481c8 0000000000000002
0x00007f1936e47f38:   0000003f37a23ecd 00000000ffffffff
0x00007f1936e47f48:   0000000000000007 0000000000000000
0x00007f1936e47f58:   0000003f37a0edd4 00007f18ec02c5d0
0x00007f1936e47f68:   00007f18ec02c5d0 00007f18ec02c940
0x00007f1936e47f78:   00000000ffffffff 00007f1936e481c8
0x00007f1936e47f88:   0000003f37a0ffe4 00007f18e8050230
0x00007f1936e47f98:   0000003f37a10101 00007f18ec02c5d0
0x00007f1936e47fa8:   0000003f37a0ed75 00007f18ec02c5d0
0x00007f1936e47fb8:   00007f18ec02c940 00007f18e8057a00
0x00007f1936e47fc8:   0000000000000000 00007f18e8057510
0x00007f1936e47fd8:   0000003f32e0e059 0000000000000000
0x00007f1936e47fe8:   0000003f37a0df0d 00007f18ec02c940
0x00007f1936e47ff8:   00007f18ec02c5d0 00007f18ec02c940
0x00007f1936e48008:   00007f1936e48078 00007f18e8050230
0x00007f1936e48018:   0000003f37a0dcc5 00007f18ec02c5d0 

Instructions: (pc=0x0000003f37a27a30)
0x0000003f37a27a10:   10 c3 66 0f 1f 44 00 00 48 89 12 48 89 52 08 48
0x0000003f37a27a20:   89 17 c3 0f 1f 44 00 00 48 89 d6 e9 70 fe ff ff
0x0000003f37a27a30:   48 8b 46 08 48 39 f0 74 47 48 8b 16 48 89 42 08
0x0000003f37a27a40:   48 8b 46 08 48 8b 16 48 89 10 48 39 37 74 11 48 

Register to memory mapping:

RAX=0x0000000000000000 is an unknown value
RBX=0x00007f18ec02c5d0 is an unknown value
RCX=0x0000003f32e0e61d: sendmsg+0x2d in /lib64/libpthread.so.0 at 0x0000003f32e00000
RDX=0x0000000000000000 is an unknown value
RSP=0x00007f1936e47e28 is pointing into the stack for thread: 0x00007f1944587800
RBP=0x00007f18e8057030 is an unknown value
RSI=0x0000000000000000 is an unknown value
RDI=0x00007f18ec02c600 is an unknown value
R8 =0x00007f18e8057080 is an unknown value
R9 =0x00007f18e8057580 is an unknown value
R10=0x0000000000000000 is an unknown value
R11=0x0000000000000000 is an unknown value
R12=0x00007f18ec02c6b0 is an unknown value
R13=0x00000000000001a8 is an unknown value
R14=0x00007f18ec02c028 is an unknown value
R15=0x000000000000003c is an unknown value


Stack: [0x00007f1936d4b000,0x00007f1936e4c000],  sp=0x00007f1936e47e28,  free space=1011k
Native frames: (J=compiled Java code, j=interpreted, Vv=VM code, C=native code)
C  [libdbus-1.so.3+0x27a30]  getenv+0x27a30

Java frames: (J=compiled Java code, j=interpreted, Vv=VM code)
j  sun.net.spi.DefaultProxySelector.getSystemProxy(Ljava/lang/String;Ljava/lang/String;)Ljava/net/Proxy;+0
j  sun.net.spi.DefaultProxySelector.access$100(Lsun/net/spi/DefaultProxySelector;Ljava/lang/String;Ljava/lang/String;)Ljava/net/Proxy;+3
j  sun.net.spi.DefaultProxySelector$2.run()Ljava/net/Proxy;+151
j  sun.net.spi.DefaultProxySelector$2.run()Ljava/lang/Object;+1
v  ~StubRoutines::call_stub
j  java.security.AccessController.doPrivileged(Ljava/security/PrivilegedAction;)Ljava/lang/Object;+0
j  sun.net.spi.DefaultProxySelector.select(Ljava/net/URI;)Ljava/util/List;+223
j  java.net.SocksSocketImpl.connect(Ljava/net/SocketAddress;I)V+300
j  java.net.Socket.connect(Ljava/net/SocketAddress;I)V+179
j  org.apache.maven.wagon.providers.http.httpclient.conn.scheme.PlainSocketFactory.connectSocket(Ljava/net/Socket;Ljava/net/InetSocketAddress;Ljava/net/InetSocketAddress;Lorg/apache/maven/wagon/providers/http/httpclient/params/HttpParams;)Ljava/net/Socket;+89
j  org.apache.maven.wagon.providers.http.httpclient.impl.conn.DefaultClientConnectionOperator.openConnection(Lorg/apache/maven/wagon/providers/http/httpclient/conn/OperatedClientConnection;Lorg/apache/maven/wagon/providers/http/httpclient/HttpHost;Ljava/net/InetAddress;Lorg/apache/maven/wagon/providers/http/httpclient/protocol/HttpContext;Lorg/apache/maven/wagon/providers/http/httpclient/params/HttpParams;)V+241
j  org.apache.maven.wagon.providers.http.httpclient.impl.conn.AbstractPoolEntry.open(Lorg/apache/maven/wagon/providers/http/httpclient/conn/routing/HttpRoute;Lorg/apache/maven/wagon/providers/http/httpclient/protocol/HttpContext;Lorg/apache/maven/wagon/providers/http/httpclient/params/HttpParams;)V+101
j  org.apache.maven.wagon.providers.http.httpclient.impl.conn.AbstractPooledConnAdapter.open(Lorg/apache/maven/wagon/providers/http/httpclient/conn/routing/HttpRoute;Lorg/apache/maven/wagon/providers/http/httpclient/protocol/HttpContext;Lorg/apache/maven/wagon/providers/http/httpclient/params/HttpParams;)V+17
j  org.apache.maven.wagon.providers.http.httpclient.impl.client.DefaultRequestDirector.tryConnect(Lorg/apache/maven/wagon/providers/http/httpclient/impl/client/RoutedRequest;Lorg/apache/maven/wagon/providers/http/httpclient/protocol/HttpContext;)V+33
j  org.apache.maven.wagon.providers.http.httpclient.impl.client.DefaultRequestDirector.execute(Lorg/apache/maven/wagon/providers/http/httpclient/HttpHost;Lorg/apache/maven/wagon/providers/http/httpclient/HttpRequest;Lorg/apache/maven/wagon/providers/http/httpclient/protocol/HttpContext;)Lorg/apache/maven/wagon/providers/http/httpclient/HttpResponse;+345
j  org.apache.maven.wagon.providers.http.httpclient.impl.client.AbstractHttpClient.execute(Lorg/apache/maven/wagon/providers/http/httpclient/HttpHost;Lorg/apache/maven/wagon/providers/http/httpclient/HttpRequest;Lorg/apache/maven/wagon/providers/http/httpclient/protocol/HttpContext;)Lorg/apache/maven/wagon/providers/http/httpclient/HttpResponse;+129
j  org.apache.maven.wagon.providers.http.httpclient.impl.client.AbstractHttpClient.execute(Lorg/apache/maven/wagon/providers/http/httpclient/client/methods/HttpUriRequest;Lorg/apache/maven/wagon/providers/http/httpclient/protocol/HttpContext;)Lorg/apache/maven/wagon/providers/http/httpclient/HttpResponse;+21
j  org.apache.maven.wagon.shared.http4.AbstractHttpClientWagon.execute(Lorg/apache/maven/wagon/providers/http/httpclient/client/methods/HttpUriRequest;)Lorg/apache/maven/wagon/providers/http/httpclient/HttpResponse;+162
j  org.apache.maven.wagon.shared.http4.AbstractHttpClientWagon.fillInputData(Lorg/apache/maven/wagon/InputData;)V+181
j  org.apache.maven.wagon.StreamWagon.getInputStream(Lorg/apache/maven/wagon/resource/Resource;)Ljava/io/InputStream;+15
j  org.apache.maven.wagon.StreamWagon.getIfNewer(Ljava/lang/String;Ljava/io/File;J)Z+29
j  org.apache.maven.wagon.StreamWagon.get(Ljava/lang/String;Ljava/io/File;)V+4
j  org.sonatype.aether.connector.wagon.WagonRepositoryConnector$GetTask.run()V+285
j  org.sonatype.aether.util.concurrency.RunnableErrorForwarder$1.run()V+4
j  java.util.concurrent.ThreadPoolExecutor.runWorker(Ljava/util/concurrent/ThreadPoolExecutor$Worker;)V+46
j  java.util.concurrent.ThreadPoolExecutor$Worker.run()V+5
j  java.lang.Thread.run()V+11
v  ~StubRoutines::call_stub

---------------  P R O C E S S  ---------------

Java Threads: ( => current thread )
  0x00007f1944589000 JavaThread "pool-22-thread-5" [_thread_in_native, id=5884, stack(0x00007f1936a46000,0x00007f1936b47000)]
  0x00007f1944588800 JavaThread "pool-22-thread-4" [_thread_in_native, id=5883, stack(0x00007f1936e4c000,0x00007f1936f4d000)]
=>0x00007f1944587800 JavaThread "pool-22-thread-3" [_thread_in_native, id=5882, stack(0x00007f1936d4b000,0x00007f1936e4c000)]
  0x00007f19445f8800 JavaThread "pool-22-thread-2" [_thread_in_native, id=5881, stack(0x00007f1936f4d000,0x00007f193704e000)]
  0x00007f19445f8000 JavaThread "pool-22-thread-1" [_thread_in_native, id=5880, stack(0x00007f1937458000,0x00007f1937559000)]
  0x00007f1944583000 JavaThread "process reaper" daemon [_thread_blocked, id=5857, stack(0x00007f193c04d000,0x00007f193c075000)]
  0x00007f19440ee800 JavaThread "Service Thread" daemon [_thread_blocked, id=5854, stack(0x00007f1937cfd000,0x00007f1937dfe000)]
  0x00007f19440ec800 JavaThread "C2 CompilerThread1" daemon [_thread_blocked, id=5853, stack(0x00007f1937dfe000,0x00007f1937eff000)]
  0x00007f19440e9800 JavaThread "C2 CompilerThread0" daemon [_thread_blocked, id=5852, stack(0x00007f1937eff000,0x00007f1938000000)]
  0x00007f19440e7800 JavaThread "Signal Dispatcher" daemon [_thread_blocked, id=5851, stack(0x00007f193c08c000,0x00007f193c18d000)]
  0x00007f194409a800 JavaThread "Finalizer" daemon [_thread_blocked, id=5850, stack(0x00007f193c18d000,0x00007f193c28e000)]
  0x00007f1944098000 JavaThread "Reference Handler" daemon [_thread_blocked, id=5849, stack(0x00007f193c28e000,0x00007f193c38f000)]
  0x00007f1944007800 JavaThread "main" [_thread_blocked, id=5843, stack(0x00007f19480bc000,0x00007f19481bd000)]

Other Threads:
  0x00007f1944090800 VMThread [stack: 0x00007f193c38f000,0x00007f193c490000] [id=5848]
  0x00007f1944101800 WatcherThread [stack: 0x00007f1937bfc000,0x00007f1937cfd000] [id=5855]

VM state:not at safepoint (normal execution)

VM Mutex/Monitor currently owned by a thread: None

Heap
 PSYoungGen      total 19776K, used 3706K [0x00000000ebd60000, 0x00000000ed6b0000, 0x0000000100000000)
  eden space 14144K, 7% used [0x00000000ebd60000,0x00000000ebe66a68,0x00000000ecb30000)
  from space 5632K, 47% used [0x00000000ed130000,0x00000000ed3c8000,0x00000000ed6b0000)
  to   space 5888K, 0% used [0x00000000ecb30000,0x00000000ecb30000,0x00000000ed0f0000)
 ParOldGen       total 41280K, used 8829K [0x00000000c3800000, 0x00000000c6050000, 0x00000000ebd60000)
  object space 41280K, 21% used [0x00000000c3800000,0x00000000c409f4d0,0x00000000c6050000)
 PSPermGen       total 21248K, used 17011K [0x00000000be600000, 0x00000000bfac0000, 0x00000000c3800000)
  object space 21248K, 80% used [0x00000000be600000,0x00000000bf69cf30,0x00000000bfac0000)

Card table byte_map: [0x00007f19404d1000,0x00007f19406df000] byte_map_base: 0x00007f193fede000

Polling page: 0x00007f1949116000

Code Cache  [0x00007f194079f000, 0x00007f1940a0f000, 0x00007f194379f000)
 total_blobs=581 nmethods=276 adapters=257 free_code_cache=47923Kb largest_free_block=49025728

Compilation events (10 events):
Event: 20.323 Thread 0x00007f19440ec800 nmethod 287 0x00007f19408cd490 code [0x00007f19408cd5e0, 0x00007f19408cd738]
Event: 20.323 Thread 0x00007f19440ec800  288             java.util.ArrayList$Itr::<init> (6 bytes)
Event: 20.323 Thread 0x00007f19440ec800 nmethod 288 0x00007f19408d13d0 code [0x00007f19408d1500, 0x00007f19408d1598]
Event: 20.324 Thread 0x00007f19440ec800  289             java.util.ArrayList$Itr::<init> (26 bytes)
Event: 20.324 Thread 0x00007f19440ec800 nmethod 289 0x00007f19408cd210 code [0x00007f19408cd340, 0x00007f19408cd3d8]
Event: 20.324 Thread 0x00007f19440ec800  290             java.util.regex.Matcher::match (109 bytes)
Event: 20.327 Thread 0x00007f19440ec800 nmethod 290 0x00007f19408cce90 code [0x00007f19408ccfe0, 0x00007f19408cd118]
Event: 20.354 Thread 0x00007f19440e9800 nmethod 285 0x00007f19408db590 code [0x00007f19408db7c0, 0x00007f19408dce88]
Event: 20.474 Thread 0x00007f19440ec800  291             java.util.HashMap::get (29 bytes)
Event: 20.480 Thread 0x00007f19440ec800 nmethod 291 0x00007f19408d0610 code [0x00007f19408d0780, 0x00007f19408d0998]

GC Heap History (10 events):
Event: 8.624 GC heap before
{Heap before GC invocations=4 (full 0):
 PSYoungGen      total 18048K, used 18048K [0x00000000ebd60000, 0x00000000ed180000, 0x0000000100000000)
  eden space 15488K, 100% used [0x00000000ebd60000,0x00000000ecc80000,0x00000000ecc80000)
  from space 2560K, 100% used [0x00000000ecc80000,0x00000000ecf00000,0x00000000ecf00000)
  to   space 2560K, 0% used [0x00000000ecf00000,0x00000000ecf00000,0x00000000ed180000)
 ParOldGen       total 41280K, used 2129K [0x00000000c3800000, 0x00000000c6050000, 0x00000000ebd60000)
  object space 41280K, 5% used [0x00000000c3800000,0x00000000c3a14750,0x00000000c6050000)
 PSPermGen       total 21248K, used 12396K [0x00000000be600000, 0x00000000bfac0000, 0x00000000c3800000)
  object space 21248K, 58% used [0x00000000be600000,0x00000000bf21b3b8,0x00000000bfac0000)
Event: 8.632 GC heap after
Heap after GC invocations=4 (full 0):
 PSYoungGen      total 18048K, used 2552K [0x00000000ebd60000, 0x00000000ed180000, 0x0000000100000000)
  eden space 15488K, 0% used [0x00000000ebd60000,0x00000000ebd60000,0x00000000ecc80000)
  from space 2560K, 99% used [0x00000000ecf00000,0x00000000ed17e340,0x00000000ed180000)
  to   space 2560K, 0% used [0x00000000ecc80000,0x00000000ecc80000,0x00000000ecf00000)
 ParOldGen       total 41280K, used 4366K [0x00000000c3800000, 0x00000000c6050000, 0x00000000ebd60000)
  object space 41280K, 10% used [0x00000000c3800000,0x00000000c3c43af0,0x00000000c6050000)
 PSPermGen       total 21248K, used 12396K [0x00000000be600000, 0x00000000bfac0000, 0x00000000c3800000)
  object space 21248K, 58% used [0x00000000be600000,0x00000000bf21b3b8,0x00000000bfac0000)
}
Event: 11.599 GC heap before
{Heap before GC invocations=5 (full 0):
 PSYoungGen      total 18048K, used 18040K [0x00000000ebd60000, 0x00000000ed180000, 0x0000000100000000)
  eden space 15488K, 100% used [0x00000000ebd60000,0x00000000ecc80000,0x00000000ecc80000)
  from space 2560K, 99% used [0x00000000ecf00000,0x00000000ed17e340,0x00000000ed180000)
  to   space 2560K, 0% used [0x00000000ecc80000,0x00000000ecc80000,0x00000000ecf00000)
 ParOldGen       total 41280K, used 4366K [0x00000000c3800000, 0x00000000c6050000, 0x00000000ebd60000)
  object space 41280K, 10% used [0x00000000c3800000,0x00000000c3c43af0,0x00000000c6050000)
 PSPermGen       total 21248K, used 15399K [0x00000000be600000, 0x00000000bfac0000, 0x00000000c3800000)
  object space 21248K, 72% used [0x00000000be600000,0x00000000bf509f88,0x00000000bfac0000)
Event: 11.650 GC heap after
Heap after GC invocations=5 (full 0):
 PSYoungGen      total 17664K, used 2560K [0x00000000ebd60000, 0x00000000ed7e0000, 0x0000000100000000)
  eden space 15104K, 0% used [0x00000000ebd60000,0x00000000ebd60000,0x00000000ecc20000)
  from space 2560K, 100% used [0x00000000ecc80000,0x00000000ecf00000,0x00000000ecf00000)
  to   space 6016K, 0% used [0x00000000ed200000,0x00000000ed200000,0x00000000ed7e0000)
 ParOldGen       total 41280K, used 6911K [0x00000000c3800000, 0x00000000c6050000, 0x00000000ebd60000)
  object space 41280K, 16% used [0x00000000c3800000,0x00000000c3ebfca0,0x00000000c6050000)
 PSPermGen       total 21248K, used 15399K [0x00000000be600000, 0x00000000bfac0000, 0x00000000c3800000)
  object space 21248K, 72% used [0x00000000be600000,0x00000000bf509f88,0x00000000bfac0000)
}
Event: 14.591 GC heap before
{Heap before GC invocations=6 (full 0):
 PSYoungGen      total 17664K, used 17664K [0x00000000ebd60000, 0x00000000ed7e0000, 0x0000000100000000)
  eden space 15104K, 100% used [0x00000000ebd60000,0x00000000ecc20000,0x00000000ecc20000)
  from space 2560K, 100% used [0x00000000ecc80000,0x00000000ecf00000,0x00000000ecf00000)
  to   space 6016K, 0% used [0x00000000ed200000,0x00000000ed200000,0x00000000ed7e0000)
 ParOldGen       total 41280K, used 6911K [0x00000000c3800000, 0x00000000c6050000, 0x00000000ebd60000)
  object space 41280K, 16% used [0x00000000c3800000,0x00000000c3ebfca0,0x00000000c6050000)
 PSPermGen       total 21248K, used 15577K [0x00000000be600000, 0x00000000bfac0000, 0x00000000c3800000)
  object space 21248K, 73% used [0x00000000be600000,0x00000000bf536548,0x00000000bfac0000)
Event: 14.608 GC heap after
Heap after GC invocations=6 (full 0):
 PSYoungGen      total 19968K, used 4015K [0x00000000ebd60000, 0x00000000ed710000, 0x0000000100000000)
  eden space 14784K, 0% used [0x00000000ebd60000,0x00000000ebd60000,0x00000000ecbd0000)
  from space 5184K, 77% used [0x00000000ed200000,0x00000000ed5ebfb0,0x00000000ed710000)
  to   space 5760K, 0% used [0x00000000ecbd0000,0x00000000ecbd0000,0x00000000ed170000)
 ParOldGen       total 41280K, used 6911K [0x00000000c3800000, 0x00000000c6050000, 0x00000000ebd60000)
  object space 41280K, 16% used [0x00000000c3800000,0x00000000c3ebfca0,0x00000000c6050000)
 PSPermGen       total 21248K, used 15577K [0x00000000be600000, 0x00000000bfac0000, 0x00000000c3800000)
  object space 21248K, 73% used [0x00000000be600000,0x00000000bf536548,0x00000000bfac0000)
}
Event: 17.666 GC heap before
{Heap before GC invocations=7 (full 0):
 PSYoungGen      total 19968K, used 18799K [0x00000000ebd60000, 0x00000000ed710000, 0x0000000100000000)
  eden space 14784K, 100% used [0x00000000ebd60000,0x00000000ecbd0000,0x00000000ecbd0000)
  from space 5184K, 77% used [0x00000000ed200000,0x00000000ed5ebfb0,0x00000000ed710000)
  to   space 5760K, 0% used [0x00000000ecbd0000,0x00000000ecbd0000,0x00000000ed170000)
 ParOldGen       total 41280K, used 6911K [0x00000000c3800000, 0x00000000c6050000, 0x00000000ebd60000)
  object space 41280K, 16% used [0x00000000c3800000,0x00000000c3ebfca0,0x00000000c6050000)
 PSPermGen       total 21248K, used 16926K [0x00000000be600000, 0x00000000bfac0000, 0x00000000c3800000)
  object space 21248K, 79% used [0x00000000be600000,0x00000000bf6878c0,0x00000000bfac0000)
Event: 17.676 GC heap after
Heap after GC invocations=7 (full 0):
 PSYoungGen      total 19200K, used 4673K [0x00000000ebd60000, 0x00000000ed6e0000, 0x0000000100000000)
  eden space 14464K, 0% used [0x00000000ebd60000,0x00000000ebd60000,0x00000000ecb80000)
  from space 4736K, 98% used [0x00000000ecbd0000,0x00000000ed060460,0x00000000ed070000)
  to   space 5824K, 0% used [0x00000000ed130000,0x00000000ed130000,0x00000000ed6e0000)
 ParOldGen       total 41280K, used 7627K [0x00000000c3800000, 0x00000000c6050000, 0x00000000ebd60000)
  object space 41280K, 18% used [0x00000000c3800000,0x00000000c3f72cc0,0x00000000c6050000)
 PSPermGen       total 21248K, used 16926K [0x00000000be600000, 0x00000000bfac0000, 0x00000000c3800000)
  object space 21248K, 79% used [0x00000000be600000,0x00000000bf6878c0,0x00000000bfac0000)
}
Event: 20.439 GC heap before
{Heap before GC invocations=8 (full 0):
 PSYoungGen      total 19200K, used 19137K [0x00000000ebd60000, 0x00000000ed6e0000, 0x0000000100000000)
  eden space 14464K, 100% used [0x00000000ebd60000,0x00000000ecb80000,0x00000000ecb80000)
  from space 4736K, 98% used [0x00000000ecbd0000,0x00000000ed060460,0x00000000ed070000)
  to   space 5824K, 0% used [0x00000000ed130000,0x00000000ed130000,0x00000000ed6e0000)
 ParOldGen       total 41280K, used 7627K [0x00000000c3800000, 0x00000000c6050000, 0x00000000ebd60000)
  object space 41280K, 18% used [0x00000000c3800000,0x00000000c3f72cc0,0x00000000c6050000)
 PSPermGen       total 21248K, used 17011K [0x00000000be600000, 0x00000000bfac0000, 0x00000000c3800000)
  object space 21248K, 80% used [0x00000000be600000,0x00000000bf69cf30,0x00000000bfac0000)
Event: 20.471 GC heap after
Heap after GC invocations=8 (full 0):
 PSYoungGen      total 19776K, used 2656K [0x00000000ebd60000, 0x00000000ed6b0000, 0x0000000100000000)
  eden space 14144K, 0% used [0x00000000ebd60000,0x00000000ebd60000,0x00000000ecb30000)
  from space 5632K, 47% used [0x00000000ed130000,0x00000000ed3c8000,0x00000000ed6b0000)
  to   space 5888K, 0% used [0x00000000ecb30000,0x00000000ecb30000,0x00000000ed0f0000)
 ParOldGen       total 41280K, used 8829K [0x00000000c3800000, 0x00000000c6050000, 0x00000000ebd60000)
  object space 41280K, 21% used [0x00000000c3800000,0x00000000c409f4d0,0x00000000c6050000)
 PSPermGen       total 21248K, used 17011K [0x00000000be600000, 0x00000000bfac0000, 0x00000000c3800000)
  object space 21248K, 80% used [0x00000000be600000,0x00000000bf69cf30,0x00000000bfac0000)
}

Deoptimization events (10 events):
Event: 14.584 Thread 0x00007f1944007800 Uncommon trap -58 fr.pc 0x00007f194087ab44
Event: 14.626 Thread 0x00007f1944007800 Uncommon trap -83 fr.pc 0x00007f19408371cc
Event: 15.150 Thread 0x00007f18f0001000 Uncommon trap -34 fr.pc 0x00007f1940804b4c
Event: 15.150 Thread 0x00007f18f0001000 Uncommon trap -34 fr.pc 0x00007f1940804b4c
Event: 15.150 Thread 0x00007f18f0001000 Uncommon trap -34 fr.pc 0x00007f1940804b4c
Event: 15.150 Thread 0x00007f18f0001000 Uncommon trap -34 fr.pc 0x00007f1940804b4c
Event: 15.983 Thread 0x00007f18f0001000 Uncommon trap -34 fr.pc 0x00007f194080c140
Event: 15.990 Thread 0x00007f18f0001000 Uncommon trap -34 fr.pc 0x00007f194080c140
Event: 15.990 Thread 0x00007f18f0001000 Uncommon trap -34 fr.pc 0x00007f194080c140
Event: 15.990 Thread 0x00007f18f0001000 Uncommon trap -34 fr.pc 0x00007f194080c140

Internal exceptions (10 events):
Event: 20.374 Thread 0x00007f1944007800 Threw 0x00000000ec7a40c0 at /HUDSON/workspace/jdk7u6-2-build-linux-amd64-product/jdk7u6/hotspot/src/share/vm/prims/jvm.cpp:1166
Event: 20.374 Thread 0x00007f1944007800 Threw 0x00000000ec7a4940 at /HUDSON/workspace/jdk7u6-2-build-linux-amd64-product/jdk7u6/hotspot/src/share/vm/prims/jvm.cpp:1166
Event: 20.413 Thread 0x00007f1944007800 Threw 0x00000000ec7af060 at /HUDSON/workspace/jdk7u6-2-build-linux-amd64-product/jdk7u6/hotspot/src/share/vm/prims/jvm.cpp:1166
Event: 20.413 Thread 0x00007f1944007800 Threw 0x00000000ec7af8f0 at /HUDSON/workspace/jdk7u6-2-build-linux-amd64-product/jdk7u6/hotspot/src/share/vm/prims/jvm.cpp:1166
Event: 20.414 Thread 0x00007f1944007800 Threw 0x00000000ec7b7968 at /HUDSON/workspace/jdk7u6-2-build-linux-amd64-product/jdk7u6/hotspot/src/share/vm/prims/jvm.cpp:1166
Event: 20.414 Thread 0x00007f1944007800 Threw 0x00000000ec7b81b8 at /HUDSON/workspace/jdk7u6-2-build-linux-amd64-product/jdk7u6/hotspot/src/share/vm/prims/jvm.cpp:1166
Event: 20.417 Thread 0x00007f1944007800 Threw 0x00000000ec7c6ba8 at /HUDSON/workspace/jdk7u6-2-build-linux-amd64-product/jdk7u6/hotspot/src/share/vm/prims/jvm.cpp:1166
Event: 20.417 Thread 0x00007f1944007800 Threw 0x00000000ec7c7290 at /HUDSON/workspace/jdk7u6-2-build-linux-amd64-product/jdk7u6/hotspot/src/share/vm/prims/jvm.cpp:1166
Event: 20.418 Thread 0x00007f1944007800 Threw 0x00000000ec7cc7f0 at /HUDSON/workspace/jdk7u6-2-build-linux-amd64-product/jdk7u6/hotspot/src/share/vm/prims/jvm.cpp:1166
Event: 20.418 Thread 0x00007f1944007800 Threw 0x00000000ec7ccf20 at /HUDSON/workspace/jdk7u6-2-build-linux-amd64-product/jdk7u6/hotspot/src/share/vm/prims/jvm.cpp:1166

Events (10 events):
Event: 20.418 loading class 0x00007f19440f7d50 done
Event: 20.425 Thread 0x00007f19445f8000 Thread added: 0x00007f19445f8000
Event: 20.426 Thread 0x00007f19445f8800 Thread added: 0x00007f19445f8800
Event: 20.426 Thread 0x00007f1944587800 Thread added: 0x00007f1944587800
Event: 20.426 Thread 0x00007f1944588800 Thread added: 0x00007f1944588800
Event: 20.426 Executing VM operation: RevokeBias
Event: 20.426 Thread 0x00007f1944589000 Thread added: 0x00007f1944589000
Event: 20.431 Executing VM operation: RevokeBias done
Event: 20.439 Executing VM operation: ParallelGCFailedAllocation
Event: 20.471 Executing VM operation: ParallelGCFailedAllocation done


Dynamic libraries:
00400000-00401000 r-xp 00000000 fd:02 262331                             /usr/java/jdk1.7.0_06/bin/java
00600000-00601000 rw-p 00000000 fd:02 262331                             /usr/java/jdk1.7.0_06/bin/java
01b0a000-01b2b000 rw-p 00000000 00:00 0                                  [heap]
be600000-bfac0000 rw-p 00000000 00:00 0 
bfac0000-c3800000 rw-p 00000000 00:00 0 
c3800000-c6050000 rw-p 00000000 00:00 0 
c6050000-ebd60000 rw-p 00000000 00:00 0 
ebd60000-ed6b0000 rw-p 00000000 00:00 0 
ed6b0000-ed7e0000 ---p 00000000 00:00 0 
ed7e0000-100000000 rw-p 00000000 00:00 0 
3f32200000-3f32220000 r-xp 00000000 fd:02 131104                         /usr/lib64/ld-2.15.so
3f3241f000-3f32420000 r--p 0001f000 fd:02 131104                         /usr/lib64/ld-2.15.so
3f32420000-3f32421000 rw-p 00020000 fd:02 131104                         /usr/lib64/ld-2.15.so
3f32421000-3f32422000 rw-p 00000000 00:00 0 
3f32600000-3f327ac000 r-xp 00000000 fd:02 131106                         /usr/lib64/libc-2.15.so
3f327ac000-3f329ac000 ---p 001ac000 fd:02 131106                         /usr/lib64/libc-2.15.so
3f329ac000-3f329b0000 r--p 001ac000 fd:02 131106                         /usr/lib64/libc-2.15.so
3f329b0000-3f329b2000 rw-p 001b0000 fd:02 131106                         /usr/lib64/libc-2.15.so
3f329b2000-3f329b7000 rw-p 00000000 00:00 0 
3f32a00000-3f32a03000 r-xp 00000000 fd:02 138734                         /usr/lib64/libdl-2.15.so
3f32a03000-3f32c02000 ---p 00003000 fd:02 138734                         /usr/lib64/libdl-2.15.so
3f32c02000-3f32c03000 r--p 00002000 fd:02 138734                         /usr/lib64/libdl-2.15.so
3f32c03000-3f32c04000 rw-p 00003000 fd:02 138734                         /usr/lib64/libdl-2.15.so
3f32e00000-3f32e16000 r-xp 00000000 fd:02 138743                         /usr/lib64/libpthread-2.15.so
3f32e16000-3f33016000 ---p 00016000 fd:02 138743                         /usr/lib64/libpthread-2.15.so
3f33016000-3f33017000 r--p 00016000 fd:02 138743                         /usr/lib64/libpthread-2.15.so
3f33017000-3f33018000 rw-p 00017000 fd:02 138743                         /usr/lib64/libpthread-2.15.so
3f33018000-3f3301c000 rw-p 00000000 00:00 0 
3f33200000-3f33207000 r-xp 00000000 fd:02 138744                         /usr/lib64/librt-2.15.so
3f33207000-3f33406000 ---p 00007000 fd:02 138744                         /usr/lib64/librt-2.15.so
3f33406000-3f33407000 r--p 00006000 fd:02 138744                         /usr/lib64/librt-2.15.so
3f33407000-3f33408000 rw-p 00007000 fd:02 138744                         /usr/lib64/librt-2.15.so
3f33600000-3f33617000 r-xp 00000000 fd:02 144167                         /usr/lib64/libz.so.1.2.5
3f33617000-3f33816000 ---p 00017000 fd:02 144167                         /usr/lib64/libz.so.1.2.5
3f33816000-3f33817000 rw-p 00016000 fd:02 144167                         /usr/lib64/libz.so.1.2.5
3f33a00000-3f33afa000 r-xp 00000000 fd:02 131107                         /usr/lib64/libm-2.15.so
3f33afa000-3f33cf9000 ---p 000fa000 fd:02 131107                         /usr/lib64/libm-2.15.so
3f33cf9000-3f33cfa000 r--p 000f9000 fd:02 131107                         /usr/lib64/libm-2.15.so
3f33cfa000-3f33cfb000 rw-p 000fa000 fd:02 131107                         /usr/lib64/libm-2.15.so
3f33e00000-3f33e1e000 r-xp 00000000 fd:02 154524                         /usr/lib64/libselinux.so.1
3f33e1e000-3f3401d000 ---p 0001e000 fd:02 154524                         /usr/lib64/libselinux.so.1
3f3401d000-3f3401e000 r--p 0001d000 fd:02 154524                         /usr/lib64/libselinux.so.1
3f3401e000-3f3401f000 rw-p 0001e000 fd:02 154524                         /usr/lib64/libselinux.so.1
3f3401f000-3f34021000 rw-p 00000000 00:00 0 
3f34200000-3f3431d000 r-xp 00000000 fd:02 138748                         /usr/lib64/libglib-2.0.so.0.3200.4
3f3431d000-3f3451d000 ---p 0011d000 fd:02 138748                         /usr/lib64/libglib-2.0.so.0.3200.4
3f3451d000-3f3451e000 r--p 0011d000 fd:02 138748                         /usr/lib64/libglib-2.0.so.0.3200.4
3f3451e000-3f3451f000 rw-p 0011e000 fd:02 138748                         /usr/lib64/libglib-2.0.so.0.3200.4
3f3451f000-3f34520000 rw-p 00000000 00:00 0 
3f34600000-3f34616000 r-xp 00000000 fd:02 154586                         /usr/lib64/libresolv-2.15.so
3f34616000-3f34815000 ---p 00016000 fd:02 154586                         /usr/lib64/libresolv-2.15.so
3f34815000-3f34816000 r--p 00015000 fd:02 154586                         /usr/lib64/libresolv-2.15.so
3f34816000-3f34817000 rw-p 00016000 fd:02 154586                         /usr/lib64/libresolv-2.15.so
3f34817000-3f34819000 rw-p 00000000 00:00 0 
3f34a00000-3f34a01000 r-xp 00000000 fd:02 148606                         /usr/lib64/libgthread-2.0.so.0.3200.4
3f34a01000-3f34c00000 ---p 00001000 fd:02 148606                         /usr/lib64/libgthread-2.0.so.0.3200.4
3f34c00000-3f34c01000 r--p 00000000 fd:02 148606                         /usr/lib64/libgthread-2.0.so.0.3200.4
3f34c01000-3f34c02000 rw-p 00001000 fd:02 148606                         /usr/lib64/libgthread-2.0.so.0.3200.4
3f34e00000-3f34e4b000 r-xp 00000000 fd:02 150841                         /usr/lib64/libgobject-2.0.so.0.3200.4
3f34e4b000-3f3504b000 ---p 0004b000 fd:02 150841                         /usr/lib64/libgobject-2.0.so.0.3200.4
3f3504b000-3f3504c000 r--p 0004b000 fd:02 150841                         /usr/lib64/libgobject-2.0.so.0.3200.4
3f3504c000-3f3504d000 rw-p 0004c000 fd:02 150841                         /usr/lib64/libgobject-2.0.so.0.3200.4
3f35200000-3f35207000 r-xp 00000000 fd:02 150709                         /usr/lib64/libffi.so.5.0.10
3f35207000-3f35406000 ---p 00007000 fd:02 150709                         /usr/lib64/libffi.so.5.0.10
3f35406000-3f35407000 r--p 00006000 fd:02 150709                         /usr/lib64/libffi.so.5.0.10
3f35407000-3f35408000 rw-p 00007000 fd:02 150709                         /usr/lib64/libffi.so.5.0.10
3f35600000-3f35603000 r-xp 00000000 fd:02 138751                         /usr/lib64/libgmodule-2.0.so.0.3200.4
3f35603000-3f35802000 ---p 00003000 fd:02 138751                         /usr/lib64/libgmodule-2.0.so.0.3200.4
3f35802000-3f35803000 r--p 00002000 fd:02 138751                         /usr/lib64/libgmodule-2.0.so.0.3200.4
3f35803000-3f35804000 rw-p 00003000 fd:02 138751                         /usr/lib64/libgmodule-2.0.so.0.3200.4
3f35a00000-3f35b46000 r-xp 00000000 fd:02 154592                         /usr/lib64/libgio-2.0.so.0.3200.4
3f35b46000-3f35d45000 ---p 00146000 fd:02 154592                         /usr/lib64/libgio-2.0.so.0.3200.4
3f35d45000-3f35d49000 r--p 00145000 fd:02 154592                         /usr/lib64/libgio-2.0.so.0.3200.4
3f35d49000-3f35d4b000 rw-p 00149000 fd:02 154592                         /usr/lib64/libgio-2.0.so.0.3200.4
3f35d4b000-3f35d4d000 rw-p 00000000 00:00 0 
3f35e00000-3f35e15000 r-xp 00000000 fd:02 159069                         /usr/lib64/libgcc_s-4.7.2-20120921.so.1
3f35e15000-3f36014000 ---p 00015000 fd:02 159069                         /usr/lib64/libgcc_s-4.7.2-20120921.so.1
3f36014000-3f36015000 rw-p 00014000 fd:02 159069                         /usr/lib64/libgcc_s-4.7.2-20120921.so.1
3f37a00000-3f37a43000 r-xp 00000000 fd:02 136100                         /usr/lib64/libdbus-1.so.3.5.6
3f37a43000-3f37c42000 ---p 00043000 fd:02 136100                         /usr/lib64/libdbus-1.so.3.5.6
3f37c42000-3f37c43000 r--p 00042000 fd:02 136100                         /usr/lib64/libdbus-1.so.3.5.6
3f37c43000-3f37c44000 rw-p 00043000 fd:02 136100                         /usr/lib64/libdbus-1.so.3.5.6
3f3f200000-3f3f225000 r-xp 00000000 fd:02 168367                         /usr/lib64/libdbus-glib-1.so.2.2.2
3f3f225000-3f3f425000 ---p 00025000 fd:02 168367                         /usr/lib64/libdbus-glib-1.so.2.2.2
3f3f425000-3f3f426000 r--p 00025000 fd:02 168367                         /usr/lib64/libdbus-glib-1.so.2.2.2
3f3f426000-3f3f427000 rw-p 00026000 fd:02 168367                         /usr/lib64/libdbus-glib-1.so.2.2.2
3f42e00000-3f42e2f000 r-xp 00000000 fd:02 138222                         /usr/lib64/libgconf-2.so.4.1.5
3f42e2f000-3f4302e000 ---p 0002f000 fd:02 138222                         /usr/lib64/libgconf-2.so.4.1.5
3f4302e000-3f4302f000 r--p 0002e000 fd:02 138222                         /usr/lib64/libgconf-2.so.4.1.5
3f4302f000-3f43030000 rw-p 0002f000 fd:02 138222                         /usr/lib64/libgconf-2.so.4.1.5
7f18dc000000-7f18dc021000 rw-p 00000000 00:00 0 
7f18dc021000-7f18e0000000 ---p 00000000 00:00 0 
7f18e4000000-7f18e4021000 rw-p 00000000 00:00 0 
7f18e4021000-7f18e8000000 ---p 00000000 00:00 0 
7f18e8000000-7f18e8061000 rw-p 00000000 00:00 0 
7f18e8061000-7f18ec000000 ---p 00000000 00:00 0 
7f18ec000000-7f18ec05c000 rw-p 00000000 00:00 0 
7f18ec05c000-7f18f0000000 ---p 00000000 00:00 0 
7f18f0000000-7f18f0021000 rw-p 00000000 00:00 0 
7f18f0021000-7f18f4000000 ---p 00000000 00:00 0 
7f18f4000000-7f18f4021000 rw-p 00000000 00:00 0 
7f18f4021000-7f18f8000000 ---p 00000000 00:00 0 
7f18f8000000-7f18f8024000 rw-p 00000000 00:00 0 
7f18f8024000-7f18fc000000 ---p 00000000 00:00 0 
7f18fc000000-7f18fcd9a000 rw-p 00000000 00:00 0 
7f18fcd9a000-7f1900000000 ---p 00000000 00:00 0 
7f1900000000-7f1900021000 rw-p 00000000 00:00 0 
7f1900021000-7f1904000000 ---p 00000000 00:00 0 
7f1904000000-7f190452b000 rw-p 00000000 00:00 0 
7f190452b000-7f1908000000 ---p 00000000 00:00 0 
7f1909bd3000-7f1910000000 r--p 00000000 fd:02 164599                     /usr/lib/locale/locale-archive
7f1910000000-7f1910021000 rw-p 00000000 00:00 0 
7f1910021000-7f1914000000 ---p 00000000 00:00 0 
7f1914000000-7f1914021000 rw-p 00000000 00:00 0 
7f1914021000-7f1918000000 ---p 00000000 00:00 0 
7f1918000000-7f1918021000 rw-p 00000000 00:00 0 
7f1918021000-7f191c000000 ---p 00000000 00:00 0 
7f191c000000-7f191c021000 rw-p 00000000 00:00 0 
7f191c021000-7f1920000000 ---p 00000000 00:00 0 
7f1920000000-7f1920021000 rw-p 00000000 00:00 0 
7f1920021000-7f1924000000 ---p 00000000 00:00 0 
7f1928000000-7f1928021000 rw-p 00000000 00:00 0 
7f1928021000-7f192c000000 ---p 00000000 00:00 0 
7f1930000000-7f1930021000 rw-p 00000000 00:00 0 
7f1930021000-7f1934000000 ---p 00000000 00:00 0 
7f1936a46000-7f1936a49000 ---p 00000000 00:00 0 
7f1936a49000-7f1936b47000 rw-p 00000000 00:00 0                          [stack:5884]
7f1936b47000-7f1936b4a000 r-xp 00000000 fd:02 138786                     /usr/lib64/libnss_myhostname.so.2
7f1936b4a000-7f1936d49000 ---p 00003000 fd:02 138786                     /usr/lib64/libnss_myhostname.so.2
7f1936d49000-7f1936d4a000 r--p 00002000 fd:02 138786                     /usr/lib64/libnss_myhostname.so.2
7f1936d4a000-7f1936d4b000 rw-p 00003000 fd:02 138786                     /usr/lib64/libnss_myhostname.so.2
7f1936d4b000-7f1936d4e000 ---p 00000000 00:00 0 
7f1936d4e000-7f1936e4c000 rw-p 00000000 00:00 0                          [stack:5882]
7f1936e4c000-7f1936e4f000 ---p 00000000 00:00 0 
7f1936e4f000-7f1936f4d000 rw-p 00000000 00:00 0                          [stack:5883]
7f1936f4d000-7f1936f50000 ---p 00000000 00:00 0 
7f1936f50000-7f193704e000 rw-p 00000000 00:00 0                          [stack:5881]
7f193704e000-7f1937053000 r-xp 00000000 fd:02 135306                     /usr/lib64/libnss_dns-2.15.so
7f1937053000-7f1937253000 ---p 00005000 fd:02 135306                     /usr/lib64/libnss_dns-2.15.so
7f1937253000-7f1937254000 r--p 00005000 fd:02 135306                     /usr/lib64/libnss_dns-2.15.so
7f1937254000-7f1937255000 rw-p 00006000 fd:02 135306                     /usr/lib64/libnss_dns-2.15.so
7f1937255000-7f1937257000 r-xp 00000000 fd:02 55714                      /usr/lib64/libnss_mdns4_minimal.so.2
7f1937257000-7f1937456000 ---p 00002000 fd:02 55714                      /usr/lib64/libnss_mdns4_minimal.so.2
7f1937456000-7f1937457000 r--p 00001000 fd:02 55714                      /usr/lib64/libnss_mdns4_minimal.so.2
7f1937457000-7f1937458000 rw-p 00002000 fd:02 55714                      /usr/lib64/libnss_mdns4_minimal.so.2
7f1937458000-7f193745b000 ---p 00000000 00:00 0 
7f193745b000-7f1937559000 rw-p 00000000 00:00 0                          [stack:5880]
7f1937559000-7f193755d000 r--s 0002d000 fd:02 394068                     /usr/java/jdk1.7.0_06/jre/lib/ext/sunjce_provider.jar
7f193755d000-7f193758f000 r-xp 00000000 fd:02 393928                     /usr/java/jdk1.7.0_06/jre/lib/amd64/libsunec.so
7f193758f000-7f193778e000 ---p 00032000 fd:02 393928                     /usr/java/jdk1.7.0_06/jre/lib/amd64/libsunec.so
7f193778e000-7f1937794000 rw-p 00031000 fd:02 393928                     /usr/java/jdk1.7.0_06/jre/lib/amd64/libsunec.so
7f1937794000-7f19377d5000 rw-p 00000000 00:00 0 
7f19377d5000-7f19377ea000 r-xp 00000000 fd:02 393919                     /usr/java/jdk1.7.0_06/jre/lib/amd64/libnet.so
7f19377ea000-7f19379ea000 ---p 00015000 fd:02 393919                     /usr/java/jdk1.7.0_06/jre/lib/amd64/libnet.so
7f19379ea000-7f19379eb000 rw-p 00015000 fd:02 393919                     /usr/java/jdk1.7.0_06/jre/lib/amd64/libnet.so
7f19379eb000-7f19379fb000 r-xp 00000000 fd:02 393920                     /usr/java/jdk1.7.0_06/jre/lib/amd64/libnio.so
7f19379fb000-7f1937bfb000 ---p 00010000 fd:02 393920                     /usr/java/jdk1.7.0_06/jre/lib/amd64/libnio.so
7f1937bfb000-7f1937bfc000 rw-p 00010000 fd:02 393920                     /usr/java/jdk1.7.0_06/jre/lib/amd64/libnio.so
7f1937bfc000-7f1937bfd000 ---p 00000000 00:00 0 
7f1937bfd000-7f1937cfd000 rw-p 00000000 00:00 0                          [stack:5855]
7f1937cfd000-7f1937d00000 ---p 00000000 00:00 0 
7f1937d00000-7f1937dfe000 rw-p 00000000 00:00 0                          [stack:5854]
7f1937dfe000-7f1937e01000 ---p 00000000 00:00 0 
7f1937e01000-7f1937eff000 rw-p 00000000 00:00 0                          [stack:5853]
7f1937eff000-7f1937f02000 ---p 00000000 00:00 0 
7f1937f02000-7f1938000000 rw-p 00000000 00:00 0                          [stack:5852]
7f1938000000-7f1938021000 rw-p 00000000 00:00 0 
7f1938021000-7f193c000000 ---p 00000000 00:00 0 
7f193c046000-7f193c04a000 r--s 00037000 fd:02 394069                     /usr/java/jdk1.7.0_06/jre/lib/ext/sunpkcs11.jar
7f193c04a000-7f193c04d000 r--s 00018000 fd:02 394113                     /usr/java/jdk1.7.0_06/jre/lib/jce.jar
7f193c04d000-7f193c050000 ---p 00000000 00:00 0 
7f193c050000-7f193c075000 rw-p 00000000 00:00 0                          [stack:5857]
7f193c075000-7f193c079000 r--s 00041000 fd:02 394119                     /usr/java/jdk1.7.0_06/jre/lib/jsse.jar
7f193c079000-7f193c07c000 r--s 00033000 fd:03 5377259                    /home/daniel/netbeans-7.2/java/maven/lib/plexus-utils-2.0.6.jar
7f193c07c000-7f193c080000 r--s 0001c000 fd:03 5377260                    /home/daniel/netbeans-7.2/java/maven/lib/aether-util-1.13.1.jar
7f193c080000-7f193c081000 r--s 00002000 fd:03 5377287                    /home/daniel/netbeans-7.2/java/maven/lib/wagon-file-2.2.jar
7f193c081000-7f193c083000 r--s 00009000 fd:03 5377243                    /home/daniel/netbeans-7.2/java/maven/lib/maven-embedder-3.0.4.jar
7f193c083000-7f193c08a000 r--s 0003e000 fd:03 5377229                    /home/daniel/netbeans-7.2/java/maven/lib/sisu-inject-bean-2.3.0.jar
7f193c08a000-7f193c08c000 r--s 00006000 fd:03 5377050                    /home/daniel/netbeans-7.2/java/maven/lib/maven-repository-metadata-3.0.4.jar
7f193c08c000-7f193c08f000 ---p 00000000 00:00 0 
7f193c08f000-7f193c18d000 rw-p 00000000 00:00 0                          [stack:5851]
7f193c18d000-7f193c190000 ---p 00000000 00:00 0 
7f193c190000-7f193c28e000 rw-p 00000000 00:00 0                          [stack:5850]
7f193c28e000-7f193c291000 ---p 00000000 00:00 0 
7f193c291000-7f193c38f000 rw-p 00000000 00:00 0                          [stack:5849]
7f193c38f000-7f193c390000 ---p 00000000 00:00 0 
7f193c390000-7f193d4b9000 rw-p 00000000 00:00 0                          [stack:5848]
7f193d4b9000-7f193d686000 r--s 01ac0000 fd:02 394185                     /usr/java/jdk1.7.0_06/jre/lib/rt.jar
7f193d686000-7f193ff8a000 rw-p 00000000 00:00 0 
7f193ff8a000-7f193ff8b000 ---p 00000000 00:00 0 
7f193ff8b000-7f194008b000 rw-p 00000000 00:00 0                          [stack:5847]
7f194008b000-7f194008c000 ---p 00000000 00:00 0 
7f194008c000-7f194018c000 rw-p 00000000 00:00 0                          [stack:5846]
7f194018c000-7f194018d000 ---p 00000000 00:00 0 
7f194018d000-7f194028d000 rw-p 00000000 00:00 0                          [stack:5845]
7f194028d000-7f194028e000 ---p 00000000 00:00 0 
7f194028e000-7f19403a3000 rw-p 00000000 00:00 0                          [stack:5844]
7f19403a3000-7f19404d1000 rw-p 00000000 00:00 0 
7f19404d1000-7f19404dc000 rw-p 00000000 00:00 0 
7f19404dc000-7f19404fa000 rw-p 00000000 00:00 0 
7f19404fa000-7f194050f000 rw-p 00000000 00:00 0 
7f194050f000-7f194063c000 rw-p 00000000 00:00 0 
7f194063c000-7f194064a000 rw-p 00000000 00:00 0 
7f194064a000-7f19406de000 rw-p 00000000 00:00 0 
7f19406de000-7f19406e9000 rw-p 00000000 00:00 0 
7f19406e9000-7f194079f000 rw-p 00000000 00:00 0 
7f194079f000-7f1940a0f000 rwxp 00000000 00:00 0 
7f1940a0f000-7f194379f000 rw-p 00000000 00:00 0 
7f194379f000-7f19437b9000 r-xp 00000000 fd:02 393934                     /usr/java/jdk1.7.0_06/jre/lib/amd64/libzip.so
7f19437b9000-7f19439b9000 ---p 0001a000 fd:02 393934                     /usr/java/jdk1.7.0_06/jre/lib/amd64/libzip.so
7f19439b9000-7f19439ba000 rw-p 0001a000 fd:02 393934                     /usr/java/jdk1.7.0_06/jre/lib/amd64/libzip.so
7f19439ba000-7f19439c6000 r-xp 00000000 fd:02 151291                     /usr/lib64/libnss_files-2.15.so
7f19439c6000-7f1943bc5000 ---p 0000c000 fd:02 151291                     /usr/lib64/libnss_files-2.15.so
7f1943bc5000-7f1943bc6000 r--p 0000b000 fd:02 151291                     /usr/lib64/libnss_files-2.15.so
7f1943bc6000-7f1943bc7000 rw-p 0000c000 fd:02 151291                     /usr/lib64/libnss_files-2.15.so
7f1943bc7000-7f1943bf0000 r-xp 00000000 fd:02 393899                     /usr/java/jdk1.7.0_06/jre/lib/amd64/libjava.so
7f1943bf0000-7f1943df0000 ---p 00029000 fd:02 393899                     /usr/java/jdk1.7.0_06/jre/lib/amd64/libjava.so
7f1943df0000-7f1943df2000 rw-p 00029000 fd:02 393899                     /usr/java/jdk1.7.0_06/jre/lib/amd64/libjava.so
7f1943df2000-7f1943dff000 r-xp 00000000 fd:02 393933                     /usr/java/jdk1.7.0_06/jre/lib/amd64/libverify.so
7f1943dff000-7f1943ffe000 ---p 0000d000 fd:02 393933                     /usr/java/jdk1.7.0_06/jre/lib/amd64/libverify.so
7f1943ffe000-7f1944000000 rw-p 0000c000 fd:02 393933                     /usr/java/jdk1.7.0_06/jre/lib/amd64/libverify.so
7f1944000000-7f1944758000 rw-p 00000000 00:00 0 
7f1944758000-7f1948000000 ---p 00000000 00:00 0 
7f1948000000-7f1948005000 r--s 00020000 fd:03 5377184                    /home/daniel/netbeans-7.2/java/maven/lib/maven-model-builder-3.0.4.jar
7f1948005000-7f1948007000 r--s 00006000 fd:03 5377111                    /home/daniel/netbeans-7.2/java/maven/lib/aether-connector-wagon-1.13.1.jar
7f1948007000-7f194800f000 r--s 0004e000 fd:03 5377219                    /home/daniel/netbeans-7.2/java/maven/lib/sisu-guice-3.1.0-no_aop.jar
7f194800f000-7f1948015000 r--s 0003e000 fd:03 5377258                    /home/daniel/netbeans-7.2/java/maven/lib/maven-compat-3.0.4.jar
7f1948015000-7f1948016000 r--s 00003000 fd:03 5377267                    /home/daniel/netbeans-7.2/java/maven/lib/aether-spi-1.13.1.jar
7f1948016000-7f194801c000 r--s 0002b000 fd:03 5377202                    /home/daniel/netbeans-7.2/java/maven/lib/sisu-inject-plexus-2.3.0.jar
7f194801c000-7f194801f000 r--s 0001d000 fd:03 5377257                    /home/daniel/netbeans-7.2/java/maven/lib/aether-impl-1.13.1.jar
7f194801f000-7f1948031000 r--s 0009c000 fd:03 5377238                    /home/daniel/netbeans-7.2/java/maven/lib/wagon-http-2.2-shaded.jar
7f1948031000-7f1948034000 r--s 00008000 fd:03 5377134                    /home/daniel/netbeans-7.2/java/maven/lib/maven-settings-builder-3.0.4.jar
7f1948034000-7f1948036000 r--s 0000a000 fd:03 5377230                    /home/daniel/netbeans-7.2/java/maven/lib/maven-plugin-api-3.0.4.jar
7f1948036000-7f1948038000 r--s 0000b000 fd:03 5377228                    /home/daniel/netbeans-7.2/java/maven/lib/wagon-provider-api-2.2.jar
7f1948038000-7f194803a000 r--s 00000000 fd:03 5376951                    /home/daniel/netbeans-7.2/java/maven/lib/plexus-component-annotations-1.5.5.jar
7f194803a000-7f194803c000 r--s 0000b000 fd:03 5377242                    /home/daniel/netbeans-7.2/java/maven/lib/maven-artifact-3.0.4.jar
7f194803c000-7f194803f000 r--s 00025000 fd:03 5377266                    /home/daniel/netbeans-7.2/java/maven/lib/maven-model-3.0.4.jar
7f194803f000-7f194804b000 r--s 0007b000 fd:03 5377278                    /home/daniel/netbeans-7.2/java/maven/lib/maven-core-3.0.4.jar
7f194804b000-7f194804d000 r--s 00002000 fd:03 5377265                    /home/daniel/netbeans-7.2/java/maven/lib/plexus-cipher-1.7.jar
7f194804d000-7f194806b000 r--s 0014f000 fd:03 5377277                    /home/daniel/netbeans-7.2/java/maven/lib/sisu-guava-0.9.9.jar
7f194806b000-7f194809e000 rw-p 00000000 00:00 0 
7f194809e000-7f19480bc000 rw-p 00000000 00:00 0 
7f19480bc000-7f19480bf000 ---p 00000000 00:00 0 
7f19480bf000-7f19481bd000 rw-p 00000000 00:00 0                          [stack:5843]
7f19481bd000-7f1948c04000 r-xp 00000000 fd:02 393938                     /usr/java/jdk1.7.0_06/jre/lib/amd64/server/libjvm.so
7f1948c04000-7f1948e03000 ---p 00a47000 fd:02 393938                     /usr/java/jdk1.7.0_06/jre/lib/amd64/server/libjvm.so
7f1948e03000-7f1948ea6000 rw-p 00a46000 fd:02 393938                     /usr/java/jdk1.7.0_06/jre/lib/amd64/server/libjvm.so
7f1948ea6000-7f1948ee5000 rw-p 00000000 00:00 0 
7f1948ee5000-7f1948efb000 r-xp 00000000 fd:02 393879                     /usr/java/jdk1.7.0_06/jre/lib/amd64/jli/libjli.so
7f1948efb000-7f19490fa000 ---p 00016000 fd:02 393879                     /usr/java/jdk1.7.0_06/jre/lib/amd64/jli/libjli.so
7f19490fa000-7f19490fb000 rw-p 00015000 fd:02 393879                     /usr/java/jdk1.7.0_06/jre/lib/amd64/jli/libjli.so
7f19490fb000-7f19490fd000 rw-p 00000000 00:00 0 
7f19490fd000-7f19490fe000 r--s 00003000 fd:02 394067                     /usr/java/jdk1.7.0_06/jre/lib/ext/sunec.jar
7f19490fe000-7f19490ff000 r--p 00000000 00:00 0 
7f19490ff000-7f1949101000 r--s 0000a000 fd:03 5377241                    /home/daniel/netbeans-7.2/java/maven/lib/maven-settings-3.0.4.jar
7f1949101000-7f1949103000 r--s 0000c000 fd:03 5377154                    /home/daniel/netbeans-7.2/java/maven/lib/maven-aether-provider-3.0.4.jar
7f1949103000-7f1949104000 r--s 00009000 fd:03 5377284                    /home/daniel/netbeans-7.2/java/maven/lib/commons-cli-1.2.jar
7f1949104000-7f1949105000 r--s 00006000 fd:03 5377185                    /home/daniel/netbeans-7.2/java/maven/lib/plexus-sec-dispatcher-1.3.jar
7f1949105000-7f1949109000 r--s 00012000 fd:03 5377268                    /home/daniel/netbeans-7.2/java/maven/lib/aether-api-1.13.1.jar
7f1949109000-7f194910b000 r--s 0000d000 fd:03 5377183                    /home/daniel/netbeans-7.2/java/maven/lib/plexus-interpolation-1.14.jar
7f194910b000-7f194910d000 r--s 0000a000 fd:03 5377218                    /home/daniel/netbeans-7.2/java/maven/boot/plexus-classworlds-2.4.jar
7f194910d000-7f1949115000 rw-s 00000000 fd:02 400267                     /tmp/hsperfdata_daniel/5840
7f1949115000-7f1949116000 rw-p 00000000 00:00 0 
7f1949116000-7f1949117000 r--p 00000000 00:00 0 
7f1949117000-7f1949118000 rw-p 00000000 00:00 0 
7fff0ab16000-7fff0ab37000 rw-p 00000000 00:00 0                          [stack]
7fff0abff000-7fff0ac00000 r-xp 00000000 00:00 0                          [vdso]
ffffffffff600000-ffffffffff601000 r-xp 00000000 00:00 0                  [vsyscall]

VM Arguments:
jvm_args: -Dclassworlds.conf=/home/daniel/netbeans-7.2/java/maven/bin/m2.conf -Dmaven.home=/home/daniel/netbeans-7.2/java/maven 
java_command: org.codehaus.plexus.classworlds.launcher.Launcher -Djava.net.useSystemProxies=true test
Launcher Type: SUN_STANDARD

Environment Variables:
JAVA_HOME=/usr/java/latest
PATH=/usr/lib64/qt-3.3/bin:/usr/lib64/ccache:/usr/local/bin:/usr/bin:/bin:/usr/local/sbin:/usr/sbin:/home/daniel/.local/bin:/home/daniel/bin
USERNAME=daniel
SHELL=/bin/bash
DISPLAY=:0

Signal Handlers:
SIGSEGV: [libjvm.so+0x8a5a80], sa_mask[0]=0x7ffbfeff, sa_flags=0x10000004
SIGBUS: [libjvm.so+0x8a5a80], sa_mask[0]=0x7ffbfeff, sa_flags=0x10000004
SIGFPE: [libjvm.so+0x741b60], sa_mask[0]=0x7ffbfeff, sa_flags=0x10000004
SIGPIPE: [libjvm.so+0x741b60], sa_mask[0]=0x7ffbfeff, sa_flags=0x10000004
SIGXFSZ: [libjvm.so+0x741b60], sa_mask[0]=0x7ffbfeff, sa_flags=0x10000004
SIGILL: [libjvm.so+0x741b60], sa_mask[0]=0x7ffbfeff, sa_flags=0x10000004
SIGUSR1: SIG_DFL, sa_mask[0]=0x00000000, sa_flags=0x00000000
SIGUSR2: [libjvm.so+0x7414b0], sa_mask[0]=0x00000004, sa_flags=0x10000004
SIGHUP: [libjvm.so+0x743840], sa_mask[0]=0x7ffbfeff, sa_flags=0x10000004
SIGINT: SIG_IGN, sa_mask[0]=0x00000000, sa_flags=0x00000000
SIGTERM: [libjvm.so+0x743840], sa_mask[0]=0x7ffbfeff, sa_flags=0x10000004
SIGQUIT: [libjvm.so+0x743840], sa_mask[0]=0x7ffbfeff, sa_flags=0x10000004


---------------  S Y S T E M  ---------------

OS:Fedora release 17 (Beefy Miracle)

uname:Linux 3.5.4-2.fc17.x86_64 #1 SMP Wed Sep 26 21:58:50 UTC 2012 x86_64
libc:glibc 2.15 NPTL 2.15 
rlimit: STACK 8192k, CORE 0k, NPROC 1024, NOFILE 4096, AS infinity
load average:4.33 2.52 1.45

/proc/meminfo:
MemTotal:        3959096 kB
MemFree:          146304 kB
Buffers:            7428 kB
Cached:          1313264 kB
SwapCached:       130468 kB
Active:          2170104 kB
Inactive:        1338400 kB
Active(anon):    1600848 kB
Inactive(anon):   765672 kB
Active(file):     569256 kB
Inactive(file):   572728 kB
Unevictable:          92 kB
Mlocked:              92 kB
SwapTotal:       6062076 kB
SwapFree:        5867764 kB
Dirty:            258636 kB
Writeback:         57344 kB
AnonPages:       2057940 kB
Mapped:            65788 kB
Shmem:            178708 kB
Slab:             132020 kB
SReclaimable:      76340 kB
SUnreclaim:        55680 kB
KernelStack:        3616 kB
PageTables:        46488 kB
NFS_Unstable:          0 kB
Bounce:                0 kB
WritebackTmp:          0 kB
CommitLimit:     8041624 kB
Committed_AS:    4850152 kB
VmallocTotal:   34359738367 kB
VmallocUsed:      374004 kB
VmallocChunk:   34359354616 kB
HardwareCorrupted:     0 kB
AnonHugePages:    999424 kB
HugePages_Total:       0
HugePages_Free:        0
HugePages_Rsvd:        0
HugePages_Surp:        0
Hugepagesize:       2048 kB
DirectMap4k:       81908 kB
DirectMap2M:     2979840 kB


CPU:total 4 (2 cores per cpu, 2 threads per core) family 6 model 42 stepping 7, cmov, cx8, fxsr, mmx, sse, sse2, sse3, ssse3, sse4.1, sse4.2, popcnt, avx, ht, tsc, tscinvbit

/proc/cpuinfo:
processor	: 0
vendor_id	: GenuineIntel
cpu family	: 6
model		: 42
model name	: Intel(R) Core(TM) i5-2430M CPU @ 2.40GHz
stepping	: 7
microcode	: 0x28
cpu MHz		: 800.000
cache size	: 3072 KB
physical id	: 0
siblings	: 4
core id		: 0
cpu cores	: 2
apicid		: 0
initial apicid	: 0
fpu		: yes
fpu_exception	: yes
cpuid level	: 13
wp		: yes
flags		: fpu vme de pse tsc msr pae mce cx8 apic sep mtrr pge mca cmov pat pse36 clflush dts acpi mmx fxsr sse sse2 ss ht tm pbe syscall nx rdtscp lm constant_tsc arch_perfmon pebs bts rep_good nopl xtopology nonstop_tsc aperfmperf pni pclmulqdq dtes64 monitor ds_cpl vmx est tm2 ssse3 cx16 xtpr pdcm pcid sse4_1 sse4_2 x2apic popcnt tsc_deadline_timer xsave avx lahf_lm ida arat epb xsaveopt pln pts dtherm tpr_shadow vnmi flexpriority ept vpid
bogomips	: 4789.24
clflush size	: 64
cache_alignment	: 64
address sizes	: 36 bits physical, 48 bits virtual
power management:

processor	: 1
vendor_id	: GenuineIntel
cpu family	: 6
model		: 42
model name	: Intel(R) Core(TM) i5-2430M CPU @ 2.40GHz
stepping	: 7
microcode	: 0x28
cpu MHz		: 800.000
cache size	: 3072 KB
physical id	: 0
siblings	: 4
core id		: 1
cpu cores	: 2
apicid		: 2
initial apicid	: 2
fpu		: yes
fpu_exception	: yes
cpuid level	: 13
wp		: yes
flags		: fpu vme de pse tsc msr pae mce cx8 apic sep mtrr pge mca cmov pat pse36 clflush dts acpi mmx fxsr sse sse2 ss ht tm pbe syscall nx rdtscp lm constant_tsc arch_perfmon pebs bts rep_good nopl xtopology nonstop_tsc aperfmperf pni pclmulqdq dtes64 monitor ds_cpl vmx est tm2 ssse3 cx16 xtpr pdcm pcid sse4_1 sse4_2 x2apic popcnt tsc_deadline_timer xsave avx lahf_lm ida arat epb xsaveopt pln pts dtherm tpr_shadow vnmi flexpriority ept vpid
bogomips	: 4789.24
clflush size	: 64
cache_alignment	: 64
address sizes	: 36 bits physical, 48 bits virtual
power management:

processor	: 2
vendor_id	: GenuineIntel
cpu family	: 6
model		: 42
model name	: Intel(R) Core(TM) i5-2430M CPU @ 2.40GHz
stepping	: 7
microcode	: 0x28
cpu MHz		: 800.000
cache size	: 3072 KB
physical id	: 0
siblings	: 4
core id		: 0
cpu cores	: 2
apicid		: 1
initial apicid	: 1
fpu		: yes
fpu_exception	: yes
cpuid level	: 13
wp		: yes
flags		: fpu vme de pse tsc msr pae mce cx8 apic sep mtrr pge mca cmov pat pse36 clflush dts acpi mmx fxsr sse sse2 ss ht tm pbe syscall nx rdtscp lm constant_tsc arch_perfmon pebs bts rep_good nopl xtopology nonstop_tsc aperfmperf pni pclmulqdq dtes64 monitor ds_cpl vmx est tm2 ssse3 cx16 xtpr pdcm pcid sse4_1 sse4_2 x2apic popcnt tsc_deadline_timer xsave avx lahf_lm ida arat epb xsaveopt pln pts dtherm tpr_shadow vnmi flexpriority ept vpid
bogomips	: 4789.24
clflush size	: 64
cache_alignment	: 64
address sizes	: 36 bits physical, 48 bits virtual
power management:

processor	: 3
vendor_id	: GenuineIntel
cpu family	: 6
model		: 42
model name	: Intel(R) Core(TM) i5-2430M CPU @ 2.40GHz
stepping	: 7
microcode	: 0x28
cpu MHz		: 800.000
cache size	: 3072 KB
physical id	: 0
siblings	: 4
core id		: 1
cpu cores	: 2
apicid		: 3
initial apicid	: 3
fpu		: yes
fpu_exception	: yes
cpuid level	: 13
wp		: yes
flags		: fpu vme de pse tsc msr pae mce cx8 apic sep mtrr pge mca cmov pat pse36 clflush dts acpi mmx fxsr sse sse2 ss ht tm pbe syscall nx rdtscp lm constant_tsc arch_perfmon pebs bts rep_good nopl xtopology nonstop_tsc aperfmperf pni pclmulqdq dtes64 monitor ds_cpl vmx est tm2 ssse3 cx16 xtpr pdcm pcid sse4_1 sse4_2 x2apic popcnt tsc_deadline_timer xsave avx lahf_lm ida arat epb xsaveopt pln pts dtherm tpr_shadow vnmi flexpriority ept vpid
bogomips	: 4789.24
clflush size	: 64
cache_alignment	: 64
address sizes	: 36 bits physical, 48 bits virtual
power management:



Memory: 4k page, physical 3959096k(146304k free), swap 6062076k(5867764k free)

vm_info: Java HotSpot(TM) 64-Bit Server VM (23.2-b09) for linux-amd64 JRE (1.7.0_06-b24), built on Aug  9 2012 19:49:48 by "java_re" with gcc 4.3.0 20080428 (Red Hat 4.3.0-8)

time: Sat Oct  6 10:51:27 2012
elapsed time: 26 seconds

