#
# A fatal error has been detected by the Java Runtime Environment:
#
#  SIGSEGV (0xb) at pc=0x0000003826c07db8, pid=2155, tid=140580324767488
#
# JRE version: 7.0_06-b24
# Java VM: Java HotSpot(TM) 64-Bit Server VM (23.2-b09 mixed mode linux-amd64 compressed oops)
# Problematic frame:
# C  [libdbus-1.so.3+0x7db8]  dbus_address_entry_get_value+0x68
#
# Failed to write core dump. Core dumps have been disabled. To enable core dumping, try "ulimit -c unlimited" before starting Java again
#
# If you would like to submit a bug report, please visit:
#   http://bugreport.sun.com/bugreport/crash.jsp
# The crash happened outside the Java Virtual Machine in native code.
# See problematic frame for where to report the bug.
#

---------------  T H R E A D  ---------------

Current thread (0x00007fdb30005000):  JavaThread "pool-3-thread-1" [_thread_in_native, id=2180, stack(0x00007fdb6841f000,0x00007fdb68520000)]

siginfo:si_signo=SIGSEGV: si_errno=0, si_code=1 (SEGV_MAPERR), si_addr=0x0000000000000010

Registers:
RAX=0x0000000000000001, RBX=0x0000000000000000, RCX=0x00007fdb2c006004, RDX=0x0000000000000064
RSP=0x00007fdb6851bef8, RBP=0x0000000000000000, RSI=0x0000003826c31578, RDI=0x00007fdb2c005fc0
R8 =0x0000000000000002, R9 =0x0000000000000002, R10=0x0000000000000010, R11=0x0000003821c883e2
R12=0x00007fdb2c00c3b0, R13=0x0000000000000000, R14=0x0000003826c31574, R15=0x00007fdb6851bfb0
RIP=0x0000003826c07db8, EFLAGS=0x0000000000010202, CSGSFS=0x7419000000000033, ERR=0x0000000000000004
  TRAPNO=0x000000000000000e

Top of Stack: (sp=0x00007fdb6851bef8)
0x00007fdb6851bef8:   00007fdb2c00c3b0 00007fdb6851bfd0
0x00007fdb6851bf08:   0000000000000000 00007fdb6851bfb0
0x00007fdb6851bf18:   0000003826c23641 00007fdb28031ff0
0x00007fdb6851bf28:   0000000000000000 0000000000000000
0x00007fdb6851bf38:   0000000000000000 0000000000000001
0x00007fdb6851bf48:   0000000000000000 0000000000000000
0x00007fdb6851bf58:   0000000000000000 00007fdb6851bfd0
0x00007fdb6851bf68:   0000000000000000 0000000000000001
0x00007fdb6851bf78:   0000003826c0e45b 0000000000000001
0x00007fdb6851bf88:   00007fdb6851c0c0 00007fdb6851c0c0
0x00007fdb6851bf98:   000000382180e2d4 0000000100000005
0x00007fdb6851bfa8:   00007fdb2c006070 0000000000000000
0x00007fdb6851bfb8:   0000000000000000 0000000000000001
0x00007fdb6851bfc8:   0000000000000000 0000000000000000
0x00007fdb6851bfd8:   0000000000000000 0000000000000001
0x00007fdb6851bfe8:   0000000000000000 00007fdb2c00bf50
0x00007fdb6851bff8:   0000000000000001 00007fdb6851c0c0
0x00007fdb6851c008:   0000003826e436d0 0000000000000000
0x00007fdb6851c018:   0000000000000001 0000000000000000
0x00007fdb6851c028:   0000003826c0ae98 0000000000000005
0x00007fdb6851c038:   0000000000000000 0000003826c02818
0x00007fdb6851c048:   00000038318054d0 0000000000000001
0x00007fdb6851c058:   00007fdb6851c2d0 00007fdb6851c2d8
0x00007fdb6851c068:   00000038218148e5 0000000000000000
0x00007fdb6851c078:   0000000000000001 00007fdb6851c2d0
0x00007fdb6851c088:   0000000000000001 00007fdb6851c2d0
0x00007fdb6851c098:   00007fdb6851c2d8 00007fdb6851c2cc
0x00007fdb6851c0a8:   00007fdb6851c2c8 0000000000000002
0x00007fdb6851c0b8:   000000383181e550 0000000000000000
0x00007fdb6851c0c8:   0000000000000000 00000038318024d9
0x00007fdb6851c0d8:   0000000000000000 00007fdb6851c2d0
0x00007fdb6851c0e8:   000000383181e769 00007fdb6851c2d8 

Instructions: (pc=0x0000003826c07db8)
0x0000003826c07d98:   dd 49 3b 6c 24 20 49 0f 44 ed 48 85 db 74 29 48
0x0000003826c07da8:   8b 7b 10 4c 89 f6 e8 fd 26 02 00 85 c0 74 d1 5b
0x0000003826c07db8:   48 8b 45 10 5d 41 5c 41 5d 48 8b 00 41 5e c3 66
0x0000003826c07dc8:   0f 1f 84 00 00 00 00 00 5b 5d 41 5c 41 5d 31 c0 

Register to memory mapping:

RAX=0x0000000000000001 is an unknown value
RBX=0x0000000000000000 is an unknown value
RCX=0x00007fdb2c006004 is an unknown value
RDX=0x0000000000000064 is an unknown value
RSP=0x00007fdb6851bef8 is pointing into the stack for thread: 0x00007fdb30005000
RBP=0x0000000000000000 is an unknown value
RSI=0x0000003826c31578: <offset 0x31578> in /lib64/libdbus-1.so.3 at 0x0000003826c00000
RDI=0x00007fdb2c005fc0 is an unknown value
R8 =0x0000000000000002 is an unknown value
R9 =0x0000000000000002 is an unknown value
R10=0x0000000000000010 is an unknown value
R11=0x0000003821c883e2: <offset 0x883e2> in /lib64/libc.so.6 at 0x0000003821c00000
R12=0x00007fdb2c00c3b0 is an unknown value
R13=0x0000000000000000 is an unknown value
R14=0x0000003826c31574: <offset 0x31574> in /lib64/libdbus-1.so.3 at 0x0000003826c00000
R15=0x00007fdb6851bfb0 is pointing into the stack for thread: 0x00007fdb30005000


Stack: [0x00007fdb6841f000,0x00007fdb68520000],  sp=0x00007fdb6851bef8,  free space=1011k
Native frames: (J=compiled Java code, j=interpreted, Vv=VM code, C=native code)
C  [libdbus-1.so.3+0x7db8]  dbus_address_entry_get_value+0x68

[error occurred during error reporting (printing native stack), id 0xb]

Java frames: (J=compiled Java code, j=interpreted, Vv=VM code)
j  sun.net.spi.DefaultProxySelector.getSystemProxy(Ljava/lang/String;Ljava/lang/String;)Ljava/net/Proxy;+0
j  sun.net.spi.DefaultProxySelector.access$100(Lsun/net/spi/DefaultProxySelector;Ljava/lang/String;Ljava/lang/String;)Ljava/net/Proxy;+3
j  sun.net.spi.DefaultProxySelector$2.run()Ljava/net/Proxy;+151
j  sun.net.spi.DefaultProxySelector$2.run()Ljava/lang/Object;+1
v  ~StubRoutines::call_stub
j  java.security.AccessController.doPrivileged(Ljava/security/PrivilegedAction;)Ljava/lang/Object;+0
j  sun.net.spi.DefaultProxySelector.select(Ljava/net/URI;)Ljava/util/List;+223
j  java.net.SocksSocketImpl.connect(Ljava/net/SocketAddress;I)V+300
j  java.net.Socket.connect(Ljava/net/SocketAddress;I)V+179
j  org.apache.maven.wagon.providers.http.httpclient.conn.scheme.PlainSocketFactory.connectSocket(Ljava/net/Socket;Ljava/net/InetSocketAddress;Ljava/net/InetSocketAddress;Lorg/apache/maven/wagon/providers/http/httpclient/params/HttpParams;)Ljava/net/Socket;+89
j  org.apache.maven.wagon.providers.http.httpclient.impl.conn.DefaultClientConnectionOperator.openConnection(Lorg/apache/maven/wagon/providers/http/httpclient/conn/OperatedClientConnection;Lorg/apache/maven/wagon/providers/http/httpclient/HttpHost;Ljava/net/InetAddress;Lorg/apache/maven/wagon/providers/http/httpclient/protocol/HttpContext;Lorg/apache/maven/wagon/providers/http/httpclient/params/HttpParams;)V+241
j  org.apache.maven.wagon.providers.http.httpclient.impl.conn.AbstractPoolEntry.open(Lorg/apache/maven/wagon/providers/http/httpclient/conn/routing/HttpRoute;Lorg/apache/maven/wagon/providers/http/httpclient/protocol/HttpContext;Lorg/apache/maven/wagon/providers/http/httpclient/params/HttpParams;)V+101
j  org.apache.maven.wagon.providers.http.httpclient.impl.conn.AbstractPooledConnAdapter.open(Lorg/apache/maven/wagon/providers/http/httpclient/conn/routing/HttpRoute;Lorg/apache/maven/wagon/providers/http/httpclient/protocol/HttpContext;Lorg/apache/maven/wagon/providers/http/httpclient/params/HttpParams;)V+17
j  org.apache.maven.wagon.providers.http.httpclient.impl.client.DefaultRequestDirector.tryConnect(Lorg/apache/maven/wagon/providers/http/httpclient/impl/client/RoutedRequest;Lorg/apache/maven/wagon/providers/http/httpclient/protocol/HttpContext;)V+33
j  org.apache.maven.wagon.providers.http.httpclient.impl.client.DefaultRequestDirector.execute(Lorg/apache/maven/wagon/providers/http/httpclient/HttpHost;Lorg/apache/maven/wagon/providers/http/httpclient/HttpRequest;Lorg/apache/maven/wagon/providers/http/httpclient/protocol/HttpContext;)Lorg/apache/maven/wagon/providers/http/httpclient/HttpResponse;+345
j  org.apache.maven.wagon.providers.http.httpclient.impl.client.AbstractHttpClient.execute(Lorg/apache/maven/wagon/providers/http/httpclient/HttpHost;Lorg/apache/maven/wagon/providers/http/httpclient/HttpRequest;Lorg/apache/maven/wagon/providers/http/httpclient/protocol/HttpContext;)Lorg/apache/maven/wagon/providers/http/httpclient/HttpResponse;+129
j  org.apache.maven.wagon.providers.http.httpclient.impl.client.AbstractHttpClient.execute(Lorg/apache/maven/wagon/providers/http/httpclient/client/methods/HttpUriRequest;Lorg/apache/maven/wagon/providers/http/httpclient/protocol/HttpContext;)Lorg/apache/maven/wagon/providers/http/httpclient/HttpResponse;+21
j  org.apache.maven.wagon.shared.http4.AbstractHttpClientWagon.execute(Lorg/apache/maven/wagon/providers/http/httpclient/client/methods/HttpUriRequest;)Lorg/apache/maven/wagon/providers/http/httpclient/HttpResponse;+162
j  org.apache.maven.wagon.shared.http4.AbstractHttpClientWagon.fillInputData(Lorg/apache/maven/wagon/InputData;)V+181
j  org.apache.maven.wagon.StreamWagon.getInputStream(Lorg/apache/maven/wagon/resource/Resource;)Ljava/io/InputStream;+15
j  org.apache.maven.wagon.StreamWagon.getIfNewer(Ljava/lang/String;Ljava/io/File;J)Z+29
j  org.apache.maven.wagon.StreamWagon.get(Ljava/lang/String;Ljava/io/File;)V+4
j  org.sonatype.aether.connector.wagon.WagonRepositoryConnector$GetTask.run()V+285
j  org.sonatype.aether.util.concurrency.RunnableErrorForwarder$1.run()V+4
j  java.util.concurrent.ThreadPoolExecutor.runWorker(Ljava/util/concurrent/ThreadPoolExecutor$Worker;)V+46
j  java.util.concurrent.ThreadPoolExecutor$Worker.run()V+5
j  java.lang.Thread.run()V+11
v  ~StubRoutines::call_stub

---------------  P R O C E S S  ---------------

Java Threads: ( => current thread )
=>0x00007fdb30005000 JavaThread "pool-3-thread-1" [_thread_in_native, id=2180, stack(0x00007fdb6841f000,0x00007fdb68520000)]
  0x00007fdb340e2800 JavaThread "pool-2-thread-1" [_thread_in_native, id=2179, stack(0x00007fdb68520000,0x00007fdb68621000)]
  0x00007fdb7c5a2800 JavaThread "pool-1-thread-2" [_thread_blocked, id=2174, stack(0x00007fdb6886c000,0x00007fdb6896d000)]
  0x00007fdb7c594800 JavaThread "pool-1-thread-1" [_thread_blocked, id=2173, stack(0x00007fdb6896d000,0x00007fdb68a6e000)]
  0x00007fdb7c550000 JavaThread "process reaper" daemon [_thread_blocked, id=2172, stack(0x00007fdb68a6e000,0x00007fdb68a96000)]
  0x00007fdb7c0f0000 JavaThread "Service Thread" daemon [_thread_blocked, id=2169, stack(0x00007fdb68fbe000,0x00007fdb690bf000)]
  0x00007fdb7c0ed800 JavaThread "C2 CompilerThread1" daemon [_thread_blocked, id=2168, stack(0x00007fdb690bf000,0x00007fdb691c0000)]
  0x00007fdb7c0ea800 JavaThread "C2 CompilerThread0" daemon [_thread_blocked, id=2167, stack(0x00007fdb691c0000,0x00007fdb692c1000)]
  0x00007fdb7c0e8800 JavaThread "Signal Dispatcher" daemon [_thread_blocked, id=2166, stack(0x00007fdb692c1000,0x00007fdb693c2000)]
  0x00007fdb7c09a800 JavaThread "Finalizer" daemon [_thread_blocked, id=2165, stack(0x00007fdb693c2000,0x00007fdb694c3000)]
  0x00007fdb7c098800 JavaThread "Reference Handler" daemon [_thread_blocked, id=2164, stack(0x00007fdb694c3000,0x00007fdb695c4000)]
  0x00007fdb7c008000 JavaThread "main" [_thread_blocked, id=2158, stack(0x00007fdb81340000,0x00007fdb81441000)]

Other Threads:
  0x00007fdb7c090800 VMThread [stack: 0x00007fdb695c4000,0x00007fdb696c5000] [id=2163]
  0x00007fdb7c102800 WatcherThread [stack: 0x00007fdb68ebd000,0x00007fdb68fbe000] [id=2170]

VM state:not at safepoint (normal execution)

VM Mutex/Monitor currently owned by a thread: None

Heap
 PSYoungGen      total 36672K, used 18849K [0x00000000ebd60000, 0x00000000ee740000, 0x0000000100000000)
  eden space 30976K, 47% used [0x00000000ebd60000,0x00000000ecba84a8,0x00000000edba0000)
  from space 5696K, 74% used [0x00000000ee1b0000,0x00000000ee5d0000,0x00000000ee740000)
  to   space 5952K, 0% used [0x00000000edba0000,0x00000000edba0000,0x00000000ee170000)
 ParOldGen       total 41280K, used 7442K [0x00000000c3800000, 0x00000000c6050000, 0x00000000ebd60000)
  object space 41280K, 18% used [0x00000000c3800000,0x00000000c3f44a88,0x00000000c6050000)
 PSPermGen       total 21248K, used 15186K [0x00000000be600000, 0x00000000bfac0000, 0x00000000c3800000)
  object space 21248K, 71% used [0x00000000be600000,0x00000000bf4d4800,0x00000000bfac0000)

Card table byte_map: [0x00007fdb807f1000,0x00007fdb809ff000] byte_map_base: 0x00007fdb801fe000

Polling page: 0x00007fdb8239f000

Code Cache  [0x00007fdb79000000, 0x00007fdb79270000, 0x00007fdb7c000000)
 total_blobs=537 nmethods=254 adapters=235 free_code_cache=48006Kb largest_free_block=49126592

Compilation events (10 events):
Event: 10,367 Thread 0x00007fdb7c0ea800  251             java.util.Arrays::copyOf (19 bytes)
Event: 10,370 Thread 0x00007fdb7c0ea800 nmethod 251 0x00007fdb791209d0 code [0x00007fdb79120b20, 0x00007fdb79120cf8]
Event: 10,470 Thread 0x00007fdb7c0ed800  252   !         sun.reflect.UTF8::encode (189 bytes)
Event: 10,470 Thread 0x00007fdb7c0ea800  253             sun.reflect.UTF8::utf8Length (81 bytes)
Event: 10,475 Thread 0x00007fdb7c0ea800 nmethod 253 0x00007fdb79119050 code [0x00007fdb791191a0, 0x00007fdb791193d8]
Event: 10,475 Thread 0x00007fdb7c0ea800  254             sun.reflect.ClassFileAssembler::emitConstantPoolUTF8 (50 bytes)
Event: 10,502 Thread 0x00007fdb7c0ed800 nmethod 252 0x00007fdb79121410 code [0x00007fdb79121580, 0x00007fdb79121db8]
Event: 10,502 Thread 0x00007fdb7c0ed800  255   !         java.util.zip.ZipFile::getEntry (86 bytes)
Event: 10,511 Thread 0x00007fdb7c0ed800 nmethod 255 0x00007fdb79118010 code [0x00007fdb79118200, 0x00007fdb79118978]
Event: 10,524 Thread 0x00007fdb7c0ea800 nmethod 254 0x00007fdb79122ad0 code [0x00007fdb79122ca0, 0x00007fdb79123830]

GC Heap History (10 events):
Event: 3,791 GC heap before
{Heap before GC invocations=2 (full 0):
 PSYoungGen      total 18048K, used 18021K [0x00000000ebd60000, 0x00000000ed180000, 0x0000000100000000)
  eden space 15488K, 100% used [0x00000000ebd60000,0x00000000ecc80000,0x00000000ecc80000)
  from space 2560K, 98% used [0x00000000ecc80000,0x00000000ecef94e0,0x00000000ecf00000)
  to   space 2560K, 0% used [0x00000000ecf00000,0x00000000ecf00000,0x00000000ed180000)
 ParOldGen       total 41280K, used 684K [0x00000000c3800000, 0x00000000c6050000, 0x00000000ebd60000)
  object space 41280K, 1% used [0x00000000c3800000,0x00000000c38ab050,0x00000000c6050000)
 PSPermGen       total 21248K, used 7615K [0x00000000be600000, 0x00000000bfac0000, 0x00000000c3800000)
  object space 21248K, 35% used [0x00000000be600000,0x00000000bed6ff90,0x00000000bfac0000)
Event: 3,798 GC heap after
Heap after GC invocations=2 (full 0):
 PSYoungGen      total 18048K, used 2520K [0x00000000ebd60000, 0x00000000ed180000, 0x0000000100000000)
  eden space 15488K, 0% used [0x00000000ebd60000,0x00000000ebd60000,0x00000000ecc80000)
  from space 2560K, 98% used [0x00000000ecf00000,0x00000000ed1763f0,0x00000000ed180000)
  to   space 2560K, 0% used [0x00000000ecc80000,0x00000000ecc80000,0x00000000ecf00000)
 ParOldGen       total 41280K, used 684K [0x00000000c3800000, 0x00000000c6050000, 0x00000000ebd60000)
  object space 41280K, 1% used [0x00000000c3800000,0x00000000c38ab050,0x00000000c6050000)
 PSPermGen       total 21248K, used 7615K [0x00000000be600000, 0x00000000bfac0000, 0x00000000c3800000)
  object space 21248K, 35% used [0x00000000be600000,0x00000000bed6ff90,0x00000000bfac0000)
}
Event: 4,339 GC heap before
{Heap before GC invocations=3 (full 0):
 PSYoungGen      total 18048K, used 18008K [0x00000000ebd60000, 0x00000000ed180000, 0x0000000100000000)
  eden space 15488K, 100% used [0x00000000ebd60000,0x00000000ecc80000,0x00000000ecc80000)
  from space 2560K, 98% used [0x00000000ecf00000,0x00000000ed1763f0,0x00000000ed180000)
  to   space 2560K, 0% used [0x00000000ecc80000,0x00000000ecc80000,0x00000000ecf00000)
 ParOldGen       total 41280K, used 684K [0x00000000c3800000, 0x00000000c6050000, 0x00000000ebd60000)
  object space 41280K, 1% used [0x00000000c3800000,0x00000000c38ab050,0x00000000c6050000)
 PSPermGen       total 21248K, used 9767K [0x00000000be600000, 0x00000000bfac0000, 0x00000000c3800000)
  object space 21248K, 45% used [0x00000000be600000,0x00000000bef89e38,0x00000000bfac0000)
Event: 4,345 GC heap after
Heap after GC invocations=3 (full 0):
 PSYoungGen      total 18048K, used 2560K [0x00000000ebd60000, 0x00000000ed180000, 0x0000000100000000)
  eden space 15488K, 0% used [0x00000000ebd60000,0x00000000ebd60000,0x00000000ecc80000)
  from space 2560K, 100% used [0x00000000ecc80000,0x00000000ecf00000,0x00000000ecf00000)
  to   space 2560K, 0% used [0x00000000ecf00000,0x00000000ecf00000,0x00000000ed180000)
 ParOldGen       total 41280K, used 2178K [0x00000000c3800000, 0x00000000c6050000, 0x00000000ebd60000)
  object space 41280K, 5% used [0x00000000c3800000,0x00000000c3a20bc0,0x00000000c6050000)
 PSPermGen       total 21248K, used 9767K [0x00000000be600000, 0x00000000bfac0000, 0x00000000c3800000)
  object space 21248K, 45% used [0x00000000be600000,0x00000000bef89e38,0x00000000bfac0000)
}
Event: 5,345 GC heap before
{Heap before GC invocations=4 (full 0):
 PSYoungGen      total 18048K, used 18048K [0x00000000ebd60000, 0x00000000ed180000, 0x0000000100000000)
  eden space 15488K, 100% used [0x00000000ebd60000,0x00000000ecc80000,0x00000000ecc80000)
  from space 2560K, 100% used [0x00000000ecc80000,0x00000000ecf00000,0x00000000ecf00000)
  to   space 2560K, 0% used [0x00000000ecf00000,0x00000000ecf00000,0x00000000ed180000)
 ParOldGen       total 41280K, used 2178K [0x00000000c3800000, 0x00000000c6050000, 0x00000000ebd60000)
  object space 41280K, 5% used [0x00000000c3800000,0x00000000c3a20bc0,0x00000000c6050000)
 PSPermGen       total 21248K, used 12226K [0x00000000be600000, 0x00000000bfac0000, 0x00000000c3800000)
  object space 21248K, 57% used [0x00000000be600000,0x00000000bf1f09c0,0x00000000bfac0000)
Event: 5,370 GC heap after
Heap after GC invocations=4 (full 0):
 PSYoungGen      total 18048K, used 2528K [0x00000000ebd60000, 0x00000000ee0a0000, 0x0000000100000000)
  eden space 15488K, 0% used [0x00000000ebd60000,0x00000000ebd60000,0x00000000ecc80000)
  from space 2560K, 98% used [0x00000000ecf00000,0x00000000ed178020,0x00000000ed180000)
  to   space 2560K, 0% used [0x00000000ecc80000,0x00000000ecc80000,0x00000000ecf00000)
 ParOldGen       total 41280K, used 5333K [0x00000000c3800000, 0x00000000c6050000, 0x00000000ebd60000)
  object space 41280K, 12% used [0x00000000c3800000,0x00000000c3d35758,0x00000000c6050000)
 PSPermGen       total 21248K, used 12226K [0x00000000be600000, 0x00000000bfac0000, 0x00000000c3800000)
  object space 21248K, 57% used [0x00000000be600000,0x00000000bf1f09c0,0x00000000bfac0000)
}
Event: 6,897 GC heap before
{Heap before GC invocations=5 (full 0):
 PSYoungGen      total 18048K, used 18016K [0x00000000ebd60000, 0x00000000ee0a0000, 0x0000000100000000)
  eden space 15488K, 100% used [0x00000000ebd60000,0x00000000ecc80000,0x00000000ecc80000)
  from space 2560K, 98% used [0x00000000ecf00000,0x00000000ed178020,0x00000000ed180000)
  to   space 2560K, 0% used [0x00000000ecc80000,0x00000000ecc80000,0x00000000ecf00000)
 ParOldGen       total 41280K, used 5333K [0x00000000c3800000, 0x00000000c6050000, 0x00000000ebd60000)
  object space 41280K, 12% used [0x00000000c3800000,0x00000000c3d35758,0x00000000c6050000)
 PSPermGen       total 21248K, used 12316K [0x00000000be600000, 0x00000000bfac0000, 0x00000000c3800000)
  object space 21248K, 57% used [0x00000000be600000,0x00000000bf207228,0x00000000bfac0000)
Event: 6,907 GC heap after
Heap after GC invocations=5 (full 0):
 PSYoungGen      total 18048K, used 2560K [0x00000000ebd60000, 0x00000000ee7c0000, 0x0000000100000000)
  eden space 15488K, 0% used [0x00000000ebd60000,0x00000000ebd60000,0x00000000ecc80000)
  from space 2560K, 100% used [0x00000000ecc80000,0x00000000ecf00000,0x00000000ecf00000)
  to   space 6208K, 0% used [0x00000000ee1b0000,0x00000000ee1b0000,0x00000000ee7c0000)
 ParOldGen       total 41280K, used 7442K [0x00000000c3800000, 0x00000000c6050000, 0x00000000ebd60000)
  object space 41280K, 18% used [0x00000000c3800000,0x00000000c3f44a88,0x00000000c6050000)
 PSPermGen       total 21248K, used 12316K [0x00000000be600000, 0x00000000bfac0000, 0x00000000c3800000)
  object space 21248K, 57% used [0x00000000be600000,0x00000000bf207228,0x00000000bfac0000)
}
Event: 8,279 GC heap before
{Heap before GC invocations=6 (full 0):
 PSYoungGen      total 18048K, used 18048K [0x00000000ebd60000, 0x00000000ee7c0000, 0x0000000100000000)
  eden space 15488K, 100% used [0x00000000ebd60000,0x00000000ecc80000,0x00000000ecc80000)
  from space 2560K, 100% used [0x00000000ecc80000,0x00000000ecf00000,0x00000000ecf00000)
  to   space 6208K, 0% used [0x00000000ee1b0000,0x00000000ee1b0000,0x00000000ee7c0000)
 ParOldGen       total 41280K, used 7442K [0x00000000c3800000, 0x00000000c6050000, 0x00000000ebd60000)
  object space 41280K, 18% used [0x00000000c3800000,0x00000000c3f44a88,0x00000000c6050000)
 PSPermGen       total 21248K, used 12438K [0x00000000be600000, 0x00000000bfac0000, 0x00000000c3800000)
  object space 21248K, 58% used [0x00000000be600000,0x00000000bf225980,0x00000000bfac0000)
Event: 8,300 GC heap after
Heap after GC invocations=6 (full 0):
 PSYoungGen      total 36672K, used 4224K [0x00000000ebd60000, 0x00000000ee740000, 0x0000000100000000)
  eden space 30976K, 0% used [0x00000000ebd60000,0x00000000ebd60000,0x00000000edba0000)
  from space 5696K, 74% used [0x00000000ee1b0000,0x00000000ee5d0000,0x00000000ee740000)
  to   space 5952K, 0% used [0x00000000edba0000,0x00000000edba0000,0x00000000ee170000)
 ParOldGen       total 41280K, used 7442K [0x00000000c3800000, 0x00000000c6050000, 0x00000000ebd60000)
  object space 41280K, 18% used [0x00000000c3800000,0x00000000c3f44a88,0x00000000c6050000)
 PSPermGen       total 21248K, used 12438K [0x00000000be600000, 0x00000000bfac0000, 0x00000000c3800000)
  object space 21248K, 58% used [0x00000000be600000,0x00000000bf225980,0x00000000bfac0000)
}

Deoptimization events (10 events):
Event: 6,308 Thread 0x00007fdb7c008000 Uncommon trap -12 fr.pc 0x00007fdb790e5bf4
Event: 6,524 Thread 0x00007fdb7c008000 Uncommon trap -12 fr.pc 0x00007fdb79091b34
Event: 7,298 Thread 0x00007fdb7c008000 Uncommon trap -58 fr.pc 0x00007fdb791057a4
Event: 7,298 Thread 0x00007fdb7c008000 Uncommon trap -58 fr.pc 0x00007fdb791057a4
Event: 8,900 Thread 0x00007fdb7c5a2800 Uncommon trap -83 fr.pc 0x00007fdb7907a338
Event: 9,472 Thread 0x00007fdb7c5a2800 Uncommon trap -34 fr.pc 0x00007fdb79105d04
Event: 9,823 Thread 0x00007fdb7c5a2800 Uncommon trap -34 fr.pc 0x00007fdb79105d04
Event: 9,899 Thread 0x00007fdb7c5a2800 Uncommon trap -34 fr.pc 0x00007fdb79105d04
Event: 9,924 Thread 0x00007fdb7c594800 Uncommon trap -34 fr.pc 0x00007fdb79105d04
Event: 10,066 Thread 0x00007fdb7c5a2800 Uncommon trap -83 fr.pc 0x00007fdb79117064

Internal exceptions (10 events):
Event: 10,527 Thread 0x00007fdb30005000 Threw 0x00000000ecb6ce18 at /HUDSON/workspace/jdk7u6-2-build-linux-amd64-product/jdk7u6/hotspot/src/share/vm/prims/jvm.cpp:1166
Event: 10,527 Thread 0x00007fdb30005000 Threw 0x00000000ecb6d468 at /HUDSON/workspace/jdk7u6-2-build-linux-amd64-product/jdk7u6/hotspot/src/share/vm/prims/jvm.cpp:1166
Event: 10,531 Thread 0x00007fdb30005000 Threw 0x00000000ecb7a198 at /HUDSON/workspace/jdk7u6-2-build-linux-amd64-product/jdk7u6/hotspot/src/share/vm/prims/jvm.cpp:1166
Event: 10,531 Thread 0x00007fdb30005000 Threw 0x00000000ecb7a828 at /HUDSON/workspace/jdk7u6-2-build-linux-amd64-product/jdk7u6/hotspot/src/share/vm/prims/jvm.cpp:1166
Event: 10,533 Thread 0x00007fdb30005000 Threw 0x00000000ecb80398 at /HUDSON/workspace/jdk7u6-2-build-linux-amd64-product/jdk7u6/hotspot/src/share/vm/prims/jvm.cpp:1166
Event: 10,533 Thread 0x00007fdb30005000 Threw 0x00000000ecb80c08 at /HUDSON/workspace/jdk7u6-2-build-linux-amd64-product/jdk7u6/hotspot/src/share/vm/prims/jvm.cpp:1166
Event: 10,534 Thread 0x00007fdb30005000 Threw 0x00000000ecb88d08 at /HUDSON/workspace/jdk7u6-2-build-linux-amd64-product/jdk7u6/hotspot/src/share/vm/prims/jvm.cpp:1166
Event: 10,534 Thread 0x00007fdb30005000 Threw 0x00000000ecb89578 at /HUDSON/workspace/jdk7u6-2-build-linux-amd64-product/jdk7u6/hotspot/src/share/vm/prims/jvm.cpp:1166
Event: 10,537 Thread 0x00007fdb30005000 Threw 0x00000000ecb94728 at /HUDSON/workspace/jdk7u6-2-build-linux-amd64-product/jdk7u6/hotspot/src/share/vm/prims/jvm.cpp:1166
Event: 10,537 Thread 0x00007fdb30005000 Threw 0x00000000ecb94d28 at /HUDSON/workspace/jdk7u6-2-build-linux-amd64-product/jdk7u6/hotspot/src/share/vm/prims/jvm.cpp:1166

Events (10 events):
Event: 10,928 loading class 0x00007fdb2801d6d0
Event: 10,928 loading class 0x00007fdb2801d6d0 done
Event: 10,937 loading class 0x00007fdb7c0d9120
Event: 10,937 loading class 0x00007fdb7c0d9120 done
Event: 10,938 loading class 0x00007fdb7c0d9150
Event: 10,938 loading class 0x00007fdb7c0d9150 done
Event: 11,146 loading class 0x00007fdb2801d270
Event: 11,147 loading class 0x00007fdb2801d270 done
Event: 11,147 Executing VM operation: RevokeBias
Event: 11,147 Executing VM operation: RevokeBias done


Dynamic libraries:
00400000-00401000 r-xp 00000000 fd:02 262331                             /usr/java/jdk1.7.0_06/bin/java
00600000-00601000 rw-p 00000000 fd:02 262331                             /usr/java/jdk1.7.0_06/bin/java
01dc5000-01de6000 rw-p 00000000 00:00 0                                  [heap]
be600000-bfac0000 rw-p 00000000 00:00 0 
bfac0000-c3800000 rw-p 00000000 00:00 0 
c3800000-c6050000 rw-p 00000000 00:00 0 
c6050000-ebd60000 rw-p 00000000 00:00 0 
ebd60000-ee740000 rw-p 00000000 00:00 0 
ee740000-ee7c0000 ---p 00000000 00:00 0 
ee7c0000-100000000 rw-p 00000000 00:00 0 
3821800000-3821820000 r-xp 00000000 fd:02 173274                         /usr/lib64/ld-2.15.so
3821a1f000-3821a20000 r--p 0001f000 fd:02 173274                         /usr/lib64/ld-2.15.so
3821a20000-3821a21000 rw-p 00020000 fd:02 173274                         /usr/lib64/ld-2.15.so
3821a21000-3821a22000 rw-p 00000000 00:00 0 
3821c00000-3821dac000 r-xp 00000000 fd:02 181112                         /usr/lib64/libc-2.15.so
3821dac000-3821fac000 ---p 001ac000 fd:02 181112                         /usr/lib64/libc-2.15.so
3821fac000-3821fb0000 r--p 001ac000 fd:02 181112                         /usr/lib64/libc-2.15.so
3821fb0000-3821fb2000 rw-p 001b0000 fd:02 181112                         /usr/lib64/libc-2.15.so
3821fb2000-3821fb7000 rw-p 00000000 00:00 0 
3822000000-3822016000 r-xp 00000000 fd:02 181115                         /usr/lib64/libpthread-2.15.so
3822016000-3822216000 ---p 00016000 fd:02 181115                         /usr/lib64/libpthread-2.15.so
3822216000-3822217000 r--p 00016000 fd:02 181115                         /usr/lib64/libpthread-2.15.so
3822217000-3822218000 rw-p 00017000 fd:02 181115                         /usr/lib64/libpthread-2.15.so
3822218000-382221c000 rw-p 00000000 00:00 0 
3822400000-3822403000 r-xp 00000000 fd:02 136427                         /usr/lib64/libdl-2.15.so
3822403000-3822602000 ---p 00003000 fd:02 136427                         /usr/lib64/libdl-2.15.so
3822602000-3822603000 r--p 00002000 fd:02 136427                         /usr/lib64/libdl-2.15.so
3822603000-3822604000 rw-p 00003000 fd:02 136427                         /usr/lib64/libdl-2.15.so
3822800000-3822807000 r-xp 00000000 fd:02 181116                         /usr/lib64/librt-2.15.so
3822807000-3822a06000 ---p 00007000 fd:02 181116                         /usr/lib64/librt-2.15.so
3822a06000-3822a07000 r--p 00006000 fd:02 181116                         /usr/lib64/librt-2.15.so
3822a07000-3822a08000 rw-p 00007000 fd:02 181116                         /usr/lib64/librt-2.15.so
3822c00000-3822c17000 r-xp 00000000 fd:02 181123                         /usr/lib64/libz.so.1.2.5
3822c17000-3822e16000 ---p 00017000 fd:02 181123                         /usr/lib64/libz.so.1.2.5
3822e16000-3822e17000 rw-p 00016000 fd:02 181123                         /usr/lib64/libz.so.1.2.5
3823000000-38230fa000 r-xp 00000000 fd:02 181113                         /usr/lib64/libm-2.15.so
38230fa000-38232f9000 ---p 000fa000 fd:02 181113                         /usr/lib64/libm-2.15.so
38232f9000-38232fa000 r--p 000f9000 fd:02 181113                         /usr/lib64/libm-2.15.so
38232fa000-38232fb000 rw-p 000fa000 fd:02 181113                         /usr/lib64/libm-2.15.so
3823400000-382341e000 r-xp 00000000 fd:02 181136                         /usr/lib64/libselinux.so.1
382341e000-382361d000 ---p 0001e000 fd:02 181136                         /usr/lib64/libselinux.so.1
382361d000-382361e000 r--p 0001d000 fd:02 181136                         /usr/lib64/libselinux.so.1
382361e000-382361f000 rw-p 0001e000 fd:02 181136                         /usr/lib64/libselinux.so.1
382361f000-3823621000 rw-p 00000000 00:00 0 
3823800000-382391d000 r-xp 00000000 fd:02 181117                         /usr/lib64/libglib-2.0.so.0.3200.4
382391d000-3823b1d000 ---p 0011d000 fd:02 181117                         /usr/lib64/libglib-2.0.so.0.3200.4
3823b1d000-3823b1e000 r--p 0011d000 fd:02 181117                         /usr/lib64/libglib-2.0.so.0.3200.4
3823b1e000-3823b1f000 rw-p 0011e000 fd:02 181117                         /usr/lib64/libglib-2.0.so.0.3200.4
3823b1f000-3823b20000 rw-p 00000000 00:00 0 
3823c00000-3823c16000 r-xp 00000000 fd:02 181137                         /usr/lib64/libresolv-2.15.so
3823c16000-3823e15000 ---p 00016000 fd:02 181137                         /usr/lib64/libresolv-2.15.so
3823e15000-3823e16000 r--p 00015000 fd:02 181137                         /usr/lib64/libresolv-2.15.so
3823e16000-3823e17000 rw-p 00016000 fd:02 181137                         /usr/lib64/libresolv-2.15.so
3823e17000-3823e19000 rw-p 00000000 00:00 0 
3824000000-3824001000 r-xp 00000000 fd:02 181130                         /usr/lib64/libgthread-2.0.so.0.3200.4
3824001000-3824200000 ---p 00001000 fd:02 181130                         /usr/lib64/libgthread-2.0.so.0.3200.4
3824200000-3824201000 r--p 00000000 fd:02 181130                         /usr/lib64/libgthread-2.0.so.0.3200.4
3824201000-3824202000 rw-p 00001000 fd:02 181130                         /usr/lib64/libgthread-2.0.so.0.3200.4
3824400000-382444b000 r-xp 00000000 fd:02 181132                         /usr/lib64/libgobject-2.0.so.0.3200.4
382444b000-382464b000 ---p 0004b000 fd:02 181132                         /usr/lib64/libgobject-2.0.so.0.3200.4
382464b000-382464c000 r--p 0004b000 fd:02 181132                         /usr/lib64/libgobject-2.0.so.0.3200.4
382464c000-382464d000 rw-p 0004c000 fd:02 181132                         /usr/lib64/libgobject-2.0.so.0.3200.4
3824800000-3824807000 r-xp 00000000 fd:02 181131                         /usr/lib64/libffi.so.5.0.10
3824807000-3824a06000 ---p 00007000 fd:02 181131                         /usr/lib64/libffi.so.5.0.10
3824a06000-3824a07000 r--p 00006000 fd:02 181131                         /usr/lib64/libffi.so.5.0.10
3824a07000-3824a08000 rw-p 00007000 fd:02 181131                         /usr/lib64/libffi.so.5.0.10
3824c00000-3824c03000 r-xp 00000000 fd:02 181118                         /usr/lib64/libgmodule-2.0.so.0.3200.4
3824c03000-3824e02000 ---p 00003000 fd:02 181118                         /usr/lib64/libgmodule-2.0.so.0.3200.4
3824e02000-3824e03000 r--p 00002000 fd:02 181118                         /usr/lib64/libgmodule-2.0.so.0.3200.4
3824e03000-3824e04000 rw-p 00003000 fd:02 181118                         /usr/lib64/libgmodule-2.0.so.0.3200.4
3825000000-3825146000 r-xp 00000000 fd:02 181138                         /usr/lib64/libgio-2.0.so.0.3200.4
3825146000-3825345000 ---p 00146000 fd:02 181138                         /usr/lib64/libgio-2.0.so.0.3200.4
3825345000-3825349000 r--p 00145000 fd:02 181138                         /usr/lib64/libgio-2.0.so.0.3200.4
3825349000-382534b000 rw-p 00149000 fd:02 181138                         /usr/lib64/libgio-2.0.so.0.3200.4
382534b000-382534d000 rw-p 00000000 00:00 0 
3825400000-3825415000 r-xp 00000000 fd:02 181151                         /usr/lib64/libgcc_s-4.7.2-20120921.so.1
3825415000-3825614000 ---p 00015000 fd:02 181151                         /usr/lib64/libgcc_s-4.7.2-20120921.so.1
3825614000-3825615000 rw-p 00014000 fd:02 181151                         /usr/lib64/libgcc_s-4.7.2-20120921.so.1
3826c00000-3826c43000 r-xp 00000000 fd:02 181204                         /usr/lib64/libdbus-1.so.3.5.6
3826c43000-3826e42000 ---p 00043000 fd:02 181204                         /usr/lib64/libdbus-1.so.3.5.6
3826e42000-3826e43000 r--p 00042000 fd:02 181204                         /usr/lib64/libdbus-1.so.3.5.6
3826e43000-3826e44000 rw-p 00043000 fd:02 181204                         /usr/lib64/libdbus-1.so.3.5.6
382e800000-382e825000 r-xp 00000000 fd:02 170740                         /usr/lib64/libdbus-glib-1.so.2.2.2
382e825000-382ea25000 ---p 00025000 fd:02 170740                         /usr/lib64/libdbus-glib-1.so.2.2.2
382ea25000-382ea26000 r--p 00025000 fd:02 170740                         /usr/lib64/libdbus-glib-1.so.2.2.2
382ea26000-382ea27000 rw-p 00026000 fd:02 170740                         /usr/lib64/libdbus-glib-1.so.2.2.2
3831800000-383182f000 r-xp 00000000 fd:02 181207                         /usr/lib64/libgconf-2.so.4.1.5
383182f000-3831a2e000 ---p 0002f000 fd:02 181207                         /usr/lib64/libgconf-2.so.4.1.5
3831a2e000-3831a2f000 r--p 0002e000 fd:02 181207                         /usr/lib64/libgconf-2.so.4.1.5
3831a2f000-3831a30000 rw-p 0002f000 fd:02 181207                         /usr/lib64/libgconf-2.so.4.1.5
7fdb28000000-7fdb28037000 rw-p 00000000 00:00 0 
7fdb28037000-7fdb2c000000 ---p 00000000 00:00 0 
7fdb2c000000-7fdb2c03b000 rw-p 00000000 00:00 0 
7fdb2c03b000-7fdb30000000 ---p 00000000 00:00 0 
7fdb30000000-7fdb30021000 rw-p 00000000 00:00 0 
7fdb30021000-7fdb34000000 ---p 00000000 00:00 0 
7fdb34000000-7fdb340f2000 rw-p 00000000 00:00 0 
7fdb340f2000-7fdb38000000 ---p 00000000 00:00 0 
7fdb38000000-7fdb38021000 rw-p 00000000 00:00 0 
7fdb38021000-7fdb3c000000 ---p 00000000 00:00 0 
7fdb3c000000-7fdb3c021000 rw-p 00000000 00:00 0 
7fdb3c021000-7fdb40000000 ---p 00000000 00:00 0 
7fdb40000000-7fdb40a0e000 rw-p 00000000 00:00 0 
7fdb40a0e000-7fdb44000000 ---p 00000000 00:00 0 
7fdb44000000-7fdb44021000 rw-p 00000000 00:00 0 
7fdb44021000-7fdb48000000 ---p 00000000 00:00 0 
7fdb48000000-7fdb489cd000 rw-p 00000000 00:00 0 
7fdb489cd000-7fdb4c000000 ---p 00000000 00:00 0 
7fdb4d9cc000-7fdb4d9d1000 r-xp 00000000 fd:02 135305                     /usr/lib64/libnss_dns-2.15.so
7fdb4d9d1000-7fdb4dbd1000 ---p 00005000 fd:02 135305                     /usr/lib64/libnss_dns-2.15.so
7fdb4dbd1000-7fdb4dbd2000 r--p 00005000 fd:02 135305                     /usr/lib64/libnss_dns-2.15.so
7fdb4dbd2000-7fdb4dbd3000 rw-p 00006000 fd:02 135305                     /usr/lib64/libnss_dns-2.15.so
7fdb4dbd3000-7fdb54000000 r--p 00000000 fd:02 181050                     /usr/lib/locale/locale-archive
7fdb54000000-7fdb54021000 rw-p 00000000 00:00 0 
7fdb54021000-7fdb58000000 ---p 00000000 00:00 0 
7fdb58000000-7fdb58021000 rw-p 00000000 00:00 0 
7fdb58021000-7fdb5c000000 ---p 00000000 00:00 0 
7fdb5c000000-7fdb5c021000 rw-p 00000000 00:00 0 
7fdb5c021000-7fdb60000000 ---p 00000000 00:00 0 
7fdb60000000-7fdb60021000 rw-p 00000000 00:00 0 
7fdb60021000-7fdb64000000 ---p 00000000 00:00 0 
7fdb64000000-7fdb64021000 rw-p 00000000 00:00 0 
7fdb64021000-7fdb68000000 ---p 00000000 00:00 0 
7fdb681fc000-7fdb681fe000 r-xp 00000000 fd:02 55714                      /usr/lib64/libnss_mdns4_minimal.so.2
7fdb681fe000-7fdb683fd000 ---p 00002000 fd:02 55714                      /usr/lib64/libnss_mdns4_minimal.so.2
7fdb683fd000-7fdb683fe000 r--p 00001000 fd:02 55714                      /usr/lib64/libnss_mdns4_minimal.so.2
7fdb683fe000-7fdb683ff000 rw-p 00002000 fd:02 55714                      /usr/lib64/libnss_mdns4_minimal.so.2
7fdb6841f000-7fdb68422000 ---p 00000000 00:00 0 
7fdb68422000-7fdb68520000 rw-p 00000000 00:00 0                          [stack:2180]
7fdb68520000-7fdb68523000 ---p 00000000 00:00 0 
7fdb68523000-7fdb68621000 rw-p 00000000 00:00 0                          [stack:2179]
7fdb68621000-7fdb68625000 r--s 0002d000 fd:02 394068                     /usr/java/jdk1.7.0_06/jre/lib/ext/sunjce_provider.jar
7fdb68625000-7fdb68657000 r-xp 00000000 fd:02 393928                     /usr/java/jdk1.7.0_06/jre/lib/amd64/libsunec.so
7fdb68657000-7fdb68856000 ---p 00032000 fd:02 393928                     /usr/java/jdk1.7.0_06/jre/lib/amd64/libsunec.so
7fdb68856000-7fdb6885c000 rw-p 00031000 fd:02 393928                     /usr/java/jdk1.7.0_06/jre/lib/amd64/libsunec.so
7fdb6885c000-7fdb6886c000 rw-p 00000000 00:00 0 
7fdb6886c000-7fdb6886f000 ---p 00000000 00:00 0 
7fdb6886f000-7fdb6896d000 rw-p 00000000 00:00 0                          [stack:2174]
7fdb6896d000-7fdb68970000 ---p 00000000 00:00 0 
7fdb68970000-7fdb68a6e000 rw-p 00000000 00:00 0                          [stack:2173]
7fdb68a6e000-7fdb68a71000 ---p 00000000 00:00 0 
7fdb68a71000-7fdb68a96000 rw-p 00000000 00:00 0                          [stack:2172]
7fdb68a96000-7fdb68aab000 r-xp 00000000 fd:02 393919                     /usr/java/jdk1.7.0_06/jre/lib/amd64/libnet.so
7fdb68aab000-7fdb68cab000 ---p 00015000 fd:02 393919                     /usr/java/jdk1.7.0_06/jre/lib/amd64/libnet.so
7fdb68cab000-7fdb68cac000 rw-p 00015000 fd:02 393919                     /usr/java/jdk1.7.0_06/jre/lib/amd64/libnet.so
7fdb68cac000-7fdb68cbc000 r-xp 00000000 fd:02 393920                     /usr/java/jdk1.7.0_06/jre/lib/amd64/libnio.so
7fdb68cbc000-7fdb68ebc000 ---p 00010000 fd:02 393920                     /usr/java/jdk1.7.0_06/jre/lib/amd64/libnio.so
7fdb68ebc000-7fdb68ebd000 rw-p 00010000 fd:02 393920                     /usr/java/jdk1.7.0_06/jre/lib/amd64/libnio.so
7fdb68ebd000-7fdb68ebe000 ---p 00000000 00:00 0 
7fdb68ebe000-7fdb68fbe000 rw-p 00000000 00:00 0                          [stack:2170]
7fdb68fbe000-7fdb68fc1000 ---p 00000000 00:00 0 
7fdb68fc1000-7fdb690bf000 rw-p 00000000 00:00 0                          [stack:2169]
7fdb690bf000-7fdb690c2000 ---p 00000000 00:00 0 
7fdb690c2000-7fdb691c0000 rw-p 00000000 00:00 0                          [stack:2168]
7fdb691c0000-7fdb691c3000 ---p 00000000 00:00 0 
7fdb691c3000-7fdb692c1000 rw-p 00000000 00:00 0                          [stack:2167]
7fdb692c1000-7fdb692c4000 ---p 00000000 00:00 0 
7fdb692c4000-7fdb693c2000 rw-p 00000000 00:00 0                          [stack:2166]
7fdb693c2000-7fdb693c5000 ---p 00000000 00:00 0 
7fdb693c5000-7fdb694c3000 rw-p 00000000 00:00 0                          [stack:2165]
7fdb694c3000-7fdb694c6000 ---p 00000000 00:00 0 
7fdb694c6000-7fdb695c4000 rw-p 00000000 00:00 0                          [stack:2164]
7fdb695c4000-7fdb695c5000 ---p 00000000 00:00 0 
7fdb695c5000-7fdb6c000000 rw-p 00000000 00:00 0                          [stack:2163]
7fdb6c000000-7fdb6c021000 rw-p 00000000 00:00 0 
7fdb6c021000-7fdb70000000 ---p 00000000 00:00 0 
7fdb70000000-7fdb70021000 rw-p 00000000 00:00 0 
7fdb70021000-7fdb74000000 ---p 00000000 00:00 0 
7fdb74000000-7fdb74021000 rw-p 00000000 00:00 0 
7fdb74021000-7fdb78000000 ---p 00000000 00:00 0 
7fdb78001000-7fdb78005000 r--s 00037000 fd:02 394069                     /usr/java/jdk1.7.0_06/jre/lib/ext/sunpkcs11.jar
7fdb78005000-7fdb78036000 rw-p 00000000 00:00 0 
7fdb78036000-7fdb78039000 r--s 00033000 fd:03 5377259                    /home/daniel/netbeans-7.2/java/maven/lib/plexus-utils-2.0.6.jar
7fdb78039000-7fdb7803d000 r--s 0001c000 fd:03 5377260                    /home/daniel/netbeans-7.2/java/maven/lib/aether-util-1.13.1.jar
7fdb7803d000-7fdb7803e000 r--s 00002000 fd:03 5377287                    /home/daniel/netbeans-7.2/java/maven/lib/wagon-file-2.2.jar
7fdb7803e000-7fdb78040000 r--s 00009000 fd:03 5377243                    /home/daniel/netbeans-7.2/java/maven/lib/maven-embedder-3.0.4.jar
7fdb78040000-7fdb78047000 r--s 0003e000 fd:03 5377229                    /home/daniel/netbeans-7.2/java/maven/lib/sisu-inject-bean-2.3.0.jar
7fdb78047000-7fdb78049000 r--s 00006000 fd:03 5377050                    /home/daniel/netbeans-7.2/java/maven/lib/maven-repository-metadata-3.0.4.jar
7fdb78049000-7fdb7804e000 r--s 00020000 fd:03 5377184                    /home/daniel/netbeans-7.2/java/maven/lib/maven-model-builder-3.0.4.jar
7fdb7804e000-7fdb78050000 r--s 00006000 fd:03 5377111                    /home/daniel/netbeans-7.2/java/maven/lib/aether-connector-wagon-1.13.1.jar
7fdb78050000-7fdb78058000 r--s 0004e000 fd:03 5377219                    /home/daniel/netbeans-7.2/java/maven/lib/sisu-guice-3.1.0-no_aop.jar
7fdb78058000-7fdb7805e000 r--s 0003e000 fd:03 5377258                    /home/daniel/netbeans-7.2/java/maven/lib/maven-compat-3.0.4.jar
7fdb7805e000-7fdb7805f000 r--s 00003000 fd:03 5377267                    /home/daniel/netbeans-7.2/java/maven/lib/aether-spi-1.13.1.jar
7fdb7805f000-7fdb78065000 r--s 0002b000 fd:03 5377202                    /home/daniel/netbeans-7.2/java/maven/lib/sisu-inject-plexus-2.3.0.jar
7fdb78065000-7fdb78083000 r--s 0014f000 fd:03 5377277                    /home/daniel/netbeans-7.2/java/maven/lib/sisu-guava-0.9.9.jar
7fdb78083000-7fdb79000000 rw-p 00000000 00:00 0 
7fdb79000000-7fdb79270000 rwxp 00000000 00:00 0 
7fdb79270000-7fdb7c688000 rw-p 00000000 00:00 0 
7fdb7c688000-7fdb80000000 ---p 00000000 00:00 0 
7fdb80002000-7fdb80005000 r--s 0001d000 fd:03 5377257                    /home/daniel/netbeans-7.2/java/maven/lib/aether-impl-1.13.1.jar
7fdb80005000-7fdb80017000 r--s 0009c000 fd:03 5377238                    /home/daniel/netbeans-7.2/java/maven/lib/wagon-http-2.2-shaded.jar
7fdb80017000-7fdb8008c000 rw-p 00000000 00:00 0 
7fdb8008c000-7fdb80259000 r--s 01ac0000 fd:02 394185                     /usr/java/jdk1.7.0_06/jre/lib/rt.jar
7fdb80259000-7fdb80281000 rw-p 00000000 00:00 0 
7fdb80281000-7fdb80282000 ---p 00000000 00:00 0 
7fdb80282000-7fdb80382000 rw-p 00000000 00:00 0                          [stack:2162]
7fdb80382000-7fdb80383000 ---p 00000000 00:00 0 
7fdb80383000-7fdb80483000 rw-p 00000000 00:00 0                          [stack:2161]
7fdb80483000-7fdb80484000 ---p 00000000 00:00 0 
7fdb80484000-7fdb80584000 rw-p 00000000 00:00 0                          [stack:2160]
7fdb80584000-7fdb80585000 ---p 00000000 00:00 0 
7fdb80585000-7fdb80690000 rw-p 00000000 00:00 0                          [stack:2159]
7fdb80690000-7fdb806ae000 rw-p 00000000 00:00 0 
7fdb806ae000-7fdb806c3000 rw-p 00000000 00:00 0 
7fdb806c3000-7fdb807f1000 rw-p 00000000 00:00 0 
7fdb807f1000-7fdb807fc000 rw-p 00000000 00:00 0 
7fdb807fc000-7fdb8081a000 rw-p 00000000 00:00 0 
7fdb8081a000-7fdb8082f000 rw-p 00000000 00:00 0 
7fdb8082f000-7fdb8095c000 rw-p 00000000 00:00 0 
7fdb8095c000-7fdb80972000 rw-p 00000000 00:00 0 
7fdb80972000-7fdb809fe000 rw-p 00000000 00:00 0 
7fdb809fe000-7fdb80a09000 rw-p 00000000 00:00 0 
7fdb80a09000-7fdb80abf000 rw-p 00000000 00:00 0 
7fdb80abf000-7fdb80ad9000 r-xp 00000000 fd:02 393934                     /usr/java/jdk1.7.0_06/jre/lib/amd64/libzip.so
7fdb80ad9000-7fdb80cd9000 ---p 0001a000 fd:02 393934                     /usr/java/jdk1.7.0_06/jre/lib/amd64/libzip.so
7fdb80cd9000-7fdb80cda000 rw-p 0001a000 fd:02 393934                     /usr/java/jdk1.7.0_06/jre/lib/amd64/libzip.so
7fdb80cda000-7fdb80ce6000 r-xp 00000000 fd:02 164427                     /usr/lib64/libnss_files-2.15.so
7fdb80ce6000-7fdb80ee5000 ---p 0000c000 fd:02 164427                     /usr/lib64/libnss_files-2.15.so
7fdb80ee5000-7fdb80ee6000 r--p 0000b000 fd:02 164427                     /usr/lib64/libnss_files-2.15.so
7fdb80ee6000-7fdb80ee7000 rw-p 0000c000 fd:02 164427                     /usr/lib64/libnss_files-2.15.so
7fdb80ee9000-7fdb80eec000 r--s 00018000 fd:02 394113                     /usr/java/jdk1.7.0_06/jre/lib/jce.jar
7fdb80eec000-7fdb80eed000 r--p 00000000 00:00 0 
7fdb80eed000-7fdb80ef1000 r--s 00041000 fd:02 394119                     /usr/java/jdk1.7.0_06/jre/lib/jsse.jar
7fdb80ef1000-7fdb80ef4000 r--s 00008000 fd:03 5377134                    /home/daniel/netbeans-7.2/java/maven/lib/maven-settings-builder-3.0.4.jar
7fdb80ef4000-7fdb80ef6000 r--s 0000a000 fd:03 5377230                    /home/daniel/netbeans-7.2/java/maven/lib/maven-plugin-api-3.0.4.jar
7fdb80ef6000-7fdb80ef8000 r--s 0000b000 fd:03 5377228                    /home/daniel/netbeans-7.2/java/maven/lib/wagon-provider-api-2.2.jar
7fdb80ef8000-7fdb80efa000 r--s 00000000 fd:03 5376951                    /home/daniel/netbeans-7.2/java/maven/lib/plexus-component-annotations-1.5.5.jar
7fdb80efa000-7fdb80efc000 r--s 0000b000 fd:03 5377242                    /home/daniel/netbeans-7.2/java/maven/lib/maven-artifact-3.0.4.jar
7fdb80efc000-7fdb80eff000 r--s 00025000 fd:03 5377266                    /home/daniel/netbeans-7.2/java/maven/lib/maven-model-3.0.4.jar
7fdb80eff000-7fdb80f07000 rw-s 00000000 fd:02 1320049                    /tmp/hsperfdata_daniel/2155
7fdb80f07000-7fdb80f30000 r-xp 00000000 fd:02 393899                     /usr/java/jdk1.7.0_06/jre/lib/amd64/libjava.so
7fdb80f30000-7fdb81130000 ---p 00029000 fd:02 393899                     /usr/java/jdk1.7.0_06/jre/lib/amd64/libjava.so
7fdb81130000-7fdb81132000 rw-p 00029000 fd:02 393899                     /usr/java/jdk1.7.0_06/jre/lib/amd64/libjava.so
7fdb81132000-7fdb8113f000 r-xp 00000000 fd:02 393933                     /usr/java/jdk1.7.0_06/jre/lib/amd64/libverify.so
7fdb8113f000-7fdb8133e000 ---p 0000d000 fd:02 393933                     /usr/java/jdk1.7.0_06/jre/lib/amd64/libverify.so
7fdb8133e000-7fdb81340000 rw-p 0000c000 fd:02 393933                     /usr/java/jdk1.7.0_06/jre/lib/amd64/libverify.so
7fdb81340000-7fdb81343000 ---p 00000000 00:00 0 
7fdb81343000-7fdb81441000 rw-p 00000000 00:00 0                          [stack:2158]
7fdb81441000-7fdb81e88000 r-xp 00000000 fd:02 393938                     /usr/java/jdk1.7.0_06/jre/lib/amd64/server/libjvm.so
7fdb81e88000-7fdb82087000 ---p 00a47000 fd:02 393938                     /usr/java/jdk1.7.0_06/jre/lib/amd64/server/libjvm.so
7fdb82087000-7fdb8212a000 rw-p 00a46000 fd:02 393938                     /usr/java/jdk1.7.0_06/jre/lib/amd64/server/libjvm.so
7fdb8212a000-7fdb82169000 rw-p 00000000 00:00 0 
7fdb82169000-7fdb8217f000 r-xp 00000000 fd:02 393879                     /usr/java/jdk1.7.0_06/jre/lib/amd64/jli/libjli.so
7fdb8217f000-7fdb8237e000 ---p 00016000 fd:02 393879                     /usr/java/jdk1.7.0_06/jre/lib/amd64/jli/libjli.so
7fdb8237e000-7fdb8237f000 rw-p 00015000 fd:02 393879                     /usr/java/jdk1.7.0_06/jre/lib/amd64/jli/libjli.so
7fdb8237f000-7fdb82380000 rw-p 00000000 00:00 0 
7fdb82381000-7fdb82382000 r--s 00003000 fd:02 394067                     /usr/java/jdk1.7.0_06/jre/lib/ext/sunec.jar
7fdb82382000-7fdb8238e000 r--s 0007b000 fd:03 5377278                    /home/daniel/netbeans-7.2/java/maven/lib/maven-core-3.0.4.jar
7fdb8238e000-7fdb82390000 r--s 00002000 fd:03 5377265                    /home/daniel/netbeans-7.2/java/maven/lib/plexus-cipher-1.7.jar
7fdb82390000-7fdb82392000 r--s 0000a000 fd:03 5377241                    /home/daniel/netbeans-7.2/java/maven/lib/maven-settings-3.0.4.jar
7fdb82392000-7fdb82394000 r--s 0000c000 fd:03 5377154                    /home/daniel/netbeans-7.2/java/maven/lib/maven-aether-provider-3.0.4.jar
7fdb82394000-7fdb82395000 r--s 00009000 fd:03 5377284                    /home/daniel/netbeans-7.2/java/maven/lib/commons-cli-1.2.jar
7fdb82395000-7fdb82396000 r--s 00006000 fd:03 5377185                    /home/daniel/netbeans-7.2/java/maven/lib/plexus-sec-dispatcher-1.3.jar
7fdb82396000-7fdb8239a000 r--s 00012000 fd:03 5377268                    /home/daniel/netbeans-7.2/java/maven/lib/aether-api-1.13.1.jar
7fdb8239a000-7fdb8239c000 r--s 0000d000 fd:03 5377183                    /home/daniel/netbeans-7.2/java/maven/lib/plexus-interpolation-1.14.jar
7fdb8239c000-7fdb8239e000 r--s 0000a000 fd:03 5377218                    /home/daniel/netbeans-7.2/java/maven/boot/plexus-classworlds-2.4.jar
7fdb8239e000-7fdb8239f000 rw-p 00000000 00:00 0 
7fdb8239f000-7fdb823a0000 r--p 00000000 00:00 0 
7fdb823a0000-7fdb823a1000 rw-p 00000000 00:00 0 
7fffd2338000-7fffd2359000 rw-p 00000000 00:00 0                          [stack]
7fffd23ff000-7fffd2400000 r-xp 00000000 00:00 0                          [vdso]
ffffffffff600000-ffffffffff601000 r-xp 00000000 00:00 0                  [vsyscall]

VM Arguments:
jvm_args: -Dclassworlds.conf=/home/daniel/netbeans-7.2/java/maven/bin/m2.conf -Dmaven.home=/home/daniel/netbeans-7.2/java/maven 
java_command: org.codehaus.plexus.classworlds.launcher.Launcher --debug -T 1C -Djava.net.useSystemProxies=true -X -Xdebug -Xnoagent -Xrunjdwp:transport=dt_socket,server=y,suspend=y,address=8000 clean install
Launcher Type: SUN_STANDARD

Environment Variables:
JAVA_HOME=/usr/java/latest
PATH=/usr/lib64/qt-3.3/bin:/usr/lib64/ccache:/usr/local/bin:/usr/bin:/bin:/usr/local/sbin:/usr/sbin:/home/daniel/.local/bin:/home/daniel/bin
USERNAME=daniel
LD_LIBRARY_PATH=/usr/java/latest/jre/lib/amd64:/usr/java/latest/jre/lib/i386:
SHELL=/bin/bash
DISPLAY=:0

Signal Handlers:
SIGSEGV: [libjvm.so+0x8a5a80], sa_mask[0]=0x7ffbfeff, sa_flags=0x10000004
SIGBUS: [libjvm.so+0x8a5a80], sa_mask[0]=0x7ffbfeff, sa_flags=0x10000004
SIGFPE: [libjvm.so+0x741b60], sa_mask[0]=0x7ffbfeff, sa_flags=0x10000004
SIGPIPE: [libjvm.so+0x741b60], sa_mask[0]=0x7ffbfeff, sa_flags=0x10000004
SIGXFSZ: [libjvm.so+0x741b60], sa_mask[0]=0x7ffbfeff, sa_flags=0x10000004
SIGILL: [libjvm.so+0x741b60], sa_mask[0]=0x7ffbfeff, sa_flags=0x10000004
SIGUSR1: SIG_DFL, sa_mask[0]=0x00000000, sa_flags=0x00000000
SIGUSR2: [libjvm.so+0x7414b0], sa_mask[0]=0x00000004, sa_flags=0x10000004
SIGHUP: [libjvm.so+0x743840], sa_mask[0]=0x7ffbfeff, sa_flags=0x10000004
SIGINT: SIG_IGN, sa_mask[0]=0x00000000, sa_flags=0x00000000
SIGTERM: [libjvm.so+0x743840], sa_mask[0]=0x7ffbfeff, sa_flags=0x10000004
SIGQUIT: [libjvm.so+0x743840], sa_mask[0]=0x7ffbfeff, sa_flags=0x10000004


---------------  S Y S T E M  ---------------

OS:Fedora release 17 (Beefy Miracle)

uname:Linux 3.6.11-1.fc17.x86_64 #1 SMP Mon Dec 17 22:16:35 UTC 2012 x86_64
libc:glibc 2.15 NPTL 2.15 
rlimit: STACK 8192k, CORE 0k, NPROC 1024, NOFILE 4096, AS infinity
load average:1,58 1,41 1,66

/proc/meminfo:
MemTotal:        3958952 kB
MemFree:          120328 kB
Buffers:            7940 kB
Cached:           408000 kB
SwapCached:       242920 kB
Active:          2534812 kB
Inactive:        1033032 kB
Active(anon):    2469776 kB
Inactive(anon):   974904 kB
Active(file):      65036 kB
Inactive(file):    58128 kB
Unevictable:         128 kB
Mlocked:             128 kB
SwapTotal:       6062076 kB
SwapFree:        4450596 kB
Dirty:               440 kB
Writeback:             0 kB
AnonPages:       3058816 kB
Mapped:           111804 kB
Shmem:            292944 kB
Slab:             108376 kB
SReclaimable:      47360 kB
SUnreclaim:        61016 kB
KernelStack:        4832 kB
PageTables:        78304 kB
NFS_Unstable:          0 kB
Bounce:                0 kB
WritebackTmp:          0 kB
CommitLimit:     8041552 kB
Committed_AS:    9101772 kB
VmallocTotal:   34359738367 kB
VmallocUsed:      373100 kB
VmallocChunk:   34359322204 kB
HardwareCorrupted:     0 kB
AnonHugePages:    380928 kB
HugePages_Total:       0
HugePages_Free:        0
HugePages_Rsvd:        0
HugePages_Surp:        0
Hugepagesize:       2048 kB
DirectMap4k:       79860 kB
DirectMap2M:     4030464 kB


CPU:total 4 (2 cores per cpu, 2 threads per core) family 6 model 42 stepping 7, cmov, cx8, fxsr, mmx, sse, sse2, sse3, ssse3, sse4.1, sse4.2, popcnt, avx, ht, tsc, tscinvbit

/proc/cpuinfo:
processor	: 0
vendor_id	: GenuineIntel
cpu family	: 6
model		: 42
model name	: Intel(R) Core(TM) i5-2430M CPU @ 2.40GHz
stepping	: 7
microcode	: 0x28
cpu MHz		: 800.000
cache size	: 3072 KB
physical id	: 0
siblings	: 4
core id		: 0
cpu cores	: 2
apicid		: 0
initial apicid	: 0
fpu		: yes
fpu_exception	: yes
cpuid level	: 13
wp		: yes
flags		: fpu vme de pse tsc msr pae mce cx8 apic sep mtrr pge mca cmov pat pse36 clflush dts acpi mmx fxsr sse sse2 ss ht tm pbe syscall nx rdtscp lm constant_tsc arch_perfmon pebs bts rep_good nopl xtopology nonstop_tsc aperfmperf pni pclmulqdq dtes64 monitor ds_cpl vmx est tm2 ssse3 cx16 xtpr pdcm pcid sse4_1 sse4_2 x2apic popcnt tsc_deadline_timer xsave avx lahf_lm ida arat epb xsaveopt pln pts dtherm tpr_shadow vnmi flexpriority ept vpid
bogomips	: 4789.06
clflush size	: 64
cache_alignment	: 64
address sizes	: 36 bits physical, 48 bits virtual
power management:

processor	: 1
vendor_id	: GenuineIntel
cpu family	: 6
model		: 42
model name	: Intel(R) Core(TM) i5-2430M CPU @ 2.40GHz
stepping	: 7
microcode	: 0x28
cpu MHz		: 800.000
cache size	: 3072 KB
physical id	: 0
siblings	: 4
core id		: 1
cpu cores	: 2
apicid		: 2
initial apicid	: 2
fpu		: yes
fpu_exception	: yes
cpuid level	: 13
wp		: yes
flags		: fpu vme de pse tsc msr pae mce cx8 apic sep mtrr pge mca cmov pat pse36 clflush dts acpi mmx fxsr sse sse2 ss ht tm pbe syscall nx rdtscp lm constant_tsc arch_perfmon pebs bts rep_good nopl xtopology nonstop_tsc aperfmperf pni pclmulqdq dtes64 monitor ds_cpl vmx est tm2 ssse3 cx16 xtpr pdcm pcid sse4_1 sse4_2 x2apic popcnt tsc_deadline_timer xsave avx lahf_lm ida arat epb xsaveopt pln pts dtherm tpr_shadow vnmi flexpriority ept vpid
bogomips	: 4789.06
clflush size	: 64
cache_alignment	: 64
address sizes	: 36 bits physical, 48 bits virtual
power management:

processor	: 2
vendor_id	: GenuineIntel
cpu family	: 6
model		: 42
model name	: Intel(R) Core(TM) i5-2430M CPU @ 2.40GHz
stepping	: 7
microcode	: 0x28
cpu MHz		: 800.000
cache size	: 3072 KB
physical id	: 0
siblings	: 4
core id		: 0
cpu cores	: 2
apicid		: 1
initial apicid	: 1
fpu		: yes
fpu_exception	: yes
cpuid level	: 13
wp		: yes
flags		: fpu vme de pse tsc msr pae mce cx8 apic sep mtrr pge mca cmov pat pse36 clflush dts acpi mmx fxsr sse sse2 ss ht tm pbe syscall nx rdtscp lm constant_tsc arch_perfmon pebs bts rep_good nopl xtopology nonstop_tsc aperfmperf pni pclmulqdq dtes64 monitor ds_cpl vmx est tm2 ssse3 cx16 xtpr pdcm pcid sse4_1 sse4_2 x2apic popcnt tsc_deadline_timer xsave avx lahf_lm ida arat epb xsaveopt pln pts dtherm tpr_shadow vnmi flexpriority ept vpid
bogomips	: 4789.06
clflush size	: 64
cache_alignment	: 64
address sizes	: 36 bits physical, 48 bits virtual
power management:

processor	: 3
vendor_id	: GenuineIntel
cpu family	: 6
model		: 42
model name	: Intel(R) Core(TM) i5-2430M CPU @ 2.40GHz
stepping	: 7
microcode	: 0x28
cpu MHz		: 800.000
cache size	: 3072 KB
physical id	: 0
siblings	: 4
core id		: 1
cpu cores	: 2
apicid		: 3
initial apicid	: 3
fpu		: yes
fpu_exception	: yes
cpuid level	: 13
wp		: yes
flags		: fpu vme de pse tsc msr pae mce cx8 apic sep mtrr pge mca cmov pat pse36 clflush dts acpi mmx fxsr sse sse2 ss ht tm pbe syscall nx rdtscp lm constant_tsc arch_perfmon pebs bts rep_good nopl xtopology nonstop_tsc aperfmperf pni pclmulqdq dtes64 monitor ds_cpl vmx est tm2 ssse3 cx16 xtpr pdcm pcid sse4_1 sse4_2 x2apic popcnt tsc_deadline_timer xsave avx lahf_lm ida arat epb xsaveopt pln pts dtherm tpr_shadow vnmi flexpriority ept vpid
bogomips	: 4789.06
clflush size	: 64
cache_alignment	: 64
address sizes	: 36 bits physical, 48 bits virtual
power management:



Memory: 4k page, physical 3958952k(120328k free), swap 6062076k(4450596k free)

vm_info: Java HotSpot(TM) 64-Bit Server VM (23.2-b09) for linux-amd64 JRE (1.7.0_06-b24), built on Aug  9 2012 19:49:48 by "java_re" with gcc 4.3.0 20080428 (Red Hat 4.3.0-8)

time: Wed Jan 23 09:49:12 2013
elapsed time: 11 seconds

